[0.009s] Invoking command in '/home/ws/build/tesi': CMAKE_PREFIX_PATH=/opt/ros/humble /usr/bin/cmake --build /home/ws/build/tesi -- -j12 -l12
[0.043s] [35m[1mConsolidate compiler generated dependencies of target octo_planner[0m
[0.053s] [ 50%] Built target octo_publisher
[0.121s] [ 75%] [32mBuilding CXX object CMakeFiles/octo_planner.dir/tesi/src/octo_planner.cpp.o[0m
[8.398s] [100%] [32m[1mLinking CXX executable octo_planner[0m
[8.832s] [100%] Built target octo_planner
[8.841s] Invoked command in '/home/ws/build/tesi' returned '0': CMAKE_PREFIX_PATH=/opt/ros/humble /usr/bin/cmake --build /home/ws/build/tesi -- -j12 -l12
[8.864s] Invoking command in '/home/ws/build/tesi': CMAKE_PREFIX_PATH=/opt/ros/humble /usr/bin/cmake --install /home/ws/build/tesi
[8.868s] -- Install configuration: ""
[8.869s] -- Execute custom install script
[8.869s] -- Up-to-date symlink: /home/ws/install/tesi/lib/tesi/octo_publisher
[8.869s] -- Up-to-date symlink: /home/ws/install/tesi/lib/tesi/octo_planner
[8.869s] -- Up-to-date symlink: /home/ws/install/tesi/share/ament_index/resource_index/package_run_dependencies/tesi
[8.869s] -- Up-to-date symlink: /home/ws/install/tesi/share/ament_index/resource_index/parent_prefix_path/tesi
[8.869s] -- Up-to-date symlink: /home/ws/install/tesi/share/tesi/environment/ament_prefix_path.sh
[8.870s] -- Up-to-date symlink: /home/ws/install/tesi/share/tesi/environment/ament_prefix_path.dsv
[8.870s] -- Up-to-date symlink: /home/ws/install/tesi/share/tesi/environment/path.sh
[8.870s] -- Up-to-date symlink: /home/ws/install/tesi/share/tesi/environment/path.dsv
[8.870s] -- Up-to-date symlink: /home/ws/install/tesi/share/tesi/local_setup.bash
[8.870s] -- Up-to-date symlink: /home/ws/install/tesi/share/tesi/local_setup.sh
[8.870s] -- Up-to-date symlink: /home/ws/install/tesi/share/tesi/local_setup.zsh
[8.870s] -- Up-to-date symlink: /home/ws/install/tesi/share/tesi/local_setup.dsv
[8.870s] -- Symlinking: /home/ws/install/tesi/share/tesi/package.dsv
[8.876s] -- Up-to-date symlink: /home/ws/install/tesi/share/ament_index/resource_index/packages/tesi
[8.876s] -- Up-to-date symlink: /home/ws/install/tesi/share/tesi/cmake/tesiConfig.cmake
[8.877s] -- Up-to-date symlink: /home/ws/install/tesi/share/tesi/cmake/tesiConfig-version.cmake
[8.877s] -- Up-to-date symlink: /home/ws/install/tesi/share/tesi/package.xml
[8.878s] Invoked command in '/home/ws/build/tesi' returned '0': CMAKE_PREFIX_PATH=/opt/ros/humble /usr/bin/cmake --install /home/ws/build/tesi
