[0.008s] Invoking command in '/home/ws/build/tesi': CMAKE_PREFIX_PATH=/opt/ros/humble /usr/bin/cmake --build /home/ws/build/tesi -- -j12 -l12
[0.045s] [35m[1mConsolidate compiler generated dependencies of target octo_benchmark[0m
[0.051s] [ 33%] Built target octo_publisher
[0.052s] [ 66%] Built target octo_planner
[0.066s] [100%] Built target octo_benchmark
[0.074s] Invoked command in '/home/ws/build/tesi' returned '0': CMAKE_PREFIX_PATH=/opt/ros/humble /usr/bin/cmake --build /home/ws/build/tesi -- -j12 -l12
[0.100s] Invoking command in '/home/ws/build/tesi': CMAKE_PREFIX_PATH=/opt/ros/humble /usr/bin/cmake --install /home/ws/build/tesi
[0.105s] -- Install configuration: ""
[0.105s] -- Execute custom install script
[0.105s] -- Up-to-date symlink: /home/ws/install/tesi/lib/tesi/octo_publisher
[0.105s] -- Up-to-date symlink: /home/ws/install/tesi/lib/tesi/octo_planner
[0.105s] -- Up-to-date symlink: /home/ws/install/tesi/lib/tesi/octo_benchmark
[0.105s] -- Up-to-date symlink: /home/ws/install/tesi/share/ament_index/resource_index/package_run_dependencies/tesi
[0.106s] -- Up-to-date symlink: /home/ws/install/tesi/share/ament_index/resource_index/parent_prefix_path/tesi
[0.106s] -- Up-to-date symlink: /home/ws/install/tesi/share/tesi/environment/ament_prefix_path.sh
[0.106s] -- Up-to-date symlink: /home/ws/install/tesi/share/tesi/environment/ament_prefix_path.dsv
[0.106s] -- Up-to-date symlink: /home/ws/install/tesi/share/tesi/environment/path.sh
[0.106s] -- Up-to-date symlink: /home/ws/install/tesi/share/tesi/environment/path.dsv
[0.106s] -- Up-to-date symlink: /home/ws/install/tesi/share/tesi/local_setup.bash
[0.106s] -- Up-to-date symlink: /home/ws/install/tesi/share/tesi/local_setup.sh
[0.106s] -- Up-to-date symlink: /home/ws/install/tesi/share/tesi/local_setup.zsh
[0.107s] -- Up-to-date symlink: /home/ws/install/tesi/share/tesi/local_setup.dsv
[0.107s] -- Symlinking: /home/ws/install/tesi/share/tesi/package.dsv
[0.113s] -- Up-to-date symlink: /home/ws/install/tesi/share/ament_index/resource_index/packages/tesi
[0.113s] -- Up-to-date symlink: /home/ws/install/tesi/share/tesi/cmake/tesiConfig.cmake
[0.114s] -- Up-to-date symlink: /home/ws/install/tesi/share/tesi/cmake/tesiConfig-version.cmake
[0.114s] -- Up-to-date symlink: /home/ws/install/tesi/share/tesi/package.xml
[0.116s] Invoked command in '/home/ws/build/tesi' returned '0': CMAKE_PREFIX_PATH=/opt/ros/humble /usr/bin/cmake --install /home/ws/build/tesi
