[0.008s] Invoking command in '/home/ws/build/tesi': CMAKE_PREFIX_PATH=/opt/ros/humble /usr/bin/cmake --build /home/ws/build/tesi -- -j12 -l12
[0.027s] -- Found ament_cmake: 1.3.8 (/opt/ros/humble/share/ament_cmake/cmake)
[0.109s] -- Found rclcpp: 16.0.8 (/opt/ros/humble/share/rclcpp/cmake)
[0.131s] -- Found rosidl_generator_c: 3.1.5 (/opt/ros/humble/share/rosidl_generator_c/cmake)
[0.132s] -- Found rosidl_adapter: 3.1.5 (/opt/ros/humble/share/rosidl_adapter/cmake)
[0.137s] -- Found rosidl_generator_cpp: 3.1.5 (/opt/ros/humble/share/rosidl_generator_cpp/cmake)
[0.145s] -- Using all available rosidl_typesupport_c: rosidl_typesupport_fastrtps_c;rosidl_typesupport_introspection_c
[0.158s] -- Using all available rosidl_typesupport_cpp: rosidl_typesupport_fastrtps_cpp;rosidl_typesupport_introspection_cpp
[0.208s] -- Found rmw_implementation_cmake: 6.1.1 (/opt/ros/humble/share/rmw_implementation_cmake/cmake)
[0.209s] -- Found rmw_fastrtps_cpp: 6.2.6 (/opt/ros/humble/share/rmw_fastrtps_cpp/cmake)
[0.295s] -- Using RMW implementation 'rmw_fastrtps_cpp' as default
[0.423s] -- Found geometry_msgs: 4.2.3 (/opt/ros/humble/share/geometry_msgs/cmake)
[0.475s] -- Found octomap_msgs: 2.0.0 (/opt/ros/humble/share/octomap_msgs/cmake)
[0.533s] -- Found ament_lint_auto: 0.12.10 (/opt/ros/humble/share/ament_lint_auto/cmake)
[0.590s] -- Added test 'cppcheck' to perform static code analysis on C / C++ code
[0.591s] -- Configured cppcheck include dirs: 
[0.591s] -- Configured cppcheck exclude dirs and/or files: 
[0.592s] -- Added test 'lint_cmake' to check CMake code style
[0.596s] -- Added test 'uncrustify' to check C / C++ code style
[0.596s] -- Configured uncrustify additional arguments: 
[0.597s] -- Added test 'xmllint' to check XML markup files
[0.598s] -- Configuring done
[0.611s] -- Generating done
[0.613s] -- Build files have been written to: /home/ws/build/tesi
[0.632s] [35m[1mConsolidate compiler generated dependencies of target octo_publisher[0m
[0.632s] [35m[1mConsolidate compiler generated dependencies of target octo_planner[0m
[0.648s] [ 75%] [32m[1mLinking CXX executable octo_planner[0m
[0.648s] [ 75%] Built target octo_publisher
[1.117s] [100%] Built target octo_planner
[1.125s] Invoked command in '/home/ws/build/tesi' returned '0': CMAKE_PREFIX_PATH=/opt/ros/humble /usr/bin/cmake --build /home/ws/build/tesi -- -j12 -l12
[1.148s] Invoking command in '/home/ws/build/tesi': CMAKE_PREFIX_PATH=/opt/ros/humble /usr/bin/cmake --install /home/ws/build/tesi
[1.153s] -- Install configuration: ""
[1.153s] -- Up-to-date: /home/ws/install/tesi/lib/tesi/octo_publisher
[1.153s] -- Installing: /home/ws/install/tesi/lib/tesi/octo_planner
[1.155s] -- Set runtime path of "/home/ws/install/tesi/lib/tesi/octo_planner" to ""
[1.156s] -- Up-to-date: /home/ws/install/tesi/share/ament_index/resource_index/package_run_dependencies/tesi
[1.156s] -- Up-to-date: /home/ws/install/tesi/share/ament_index/resource_index/parent_prefix_path/tesi
[1.156s] -- Up-to-date: /home/ws/install/tesi/share/tesi/environment/ament_prefix_path.sh
[1.156s] -- Installing: /home/ws/install/tesi/share/tesi/environment/ament_prefix_path.dsv
[1.156s] -- Up-to-date: /home/ws/install/tesi/share/tesi/environment/path.sh
[1.156s] -- Installing: /home/ws/install/tesi/share/tesi/environment/path.dsv
[1.156s] -- Up-to-date: /home/ws/install/tesi/share/tesi/local_setup.bash
[1.156s] -- Up-to-date: /home/ws/install/tesi/share/tesi/local_setup.sh
[1.156s] -- Up-to-date: /home/ws/install/tesi/share/tesi/local_setup.zsh
[1.156s] -- Installing: /home/ws/install/tesi/share/tesi/local_setup.dsv
[1.156s] -- Installing: /home/ws/install/tesi/share/tesi/package.dsv
[1.156s] -- Up-to-date: /home/ws/install/tesi/share/ament_index/resource_index/packages/tesi
[1.156s] -- Up-to-date: /home/ws/install/tesi/share/tesi/cmake/tesiConfig.cmake
[1.156s] -- Up-to-date: /home/ws/install/tesi/share/tesi/cmake/tesiConfig-version.cmake
[1.156s] -- Up-to-date: /home/ws/install/tesi/share/tesi/package.xml
[1.157s] Invoked command in '/home/ws/build/tesi' returned '0': CMAKE_PREFIX_PATH=/opt/ros/humble /usr/bin/cmake --install /home/ws/build/tesi
