[0.008s] Invoking command in '/home/ws/build/tesi': CMAKE_PREFIX_PATH=/opt/ros/humble /usr/bin/cmake --build /home/ws/build/tesi -- -j12 -l12
[0.049s] [ 50%] Built target octo_publisher
[0.050s] [ 75%] [32mBuilding CXX object CMakeFiles/octo_planner.dir/tesi/src/octo_planner.cpp.o[0m
[8.603s] [100%] [32m[1mLinking CXX executable octo_planner[0m
[9.067s] [100%] Built target octo_planner
[9.075s] Invoked command in '/home/ws/build/tesi' returned '0': CMAKE_PREFIX_PATH=/opt/ros/humble /usr/bin/cmake --build /home/ws/build/tesi -- -j12 -l12
[9.098s] Invoking command in '/home/ws/build/tesi': CMAKE_PREFIX_PATH=/opt/ros/humble /usr/bin/cmake --install /home/ws/build/tesi
[9.103s] -- Install configuration: ""
[9.104s] -- Execute custom install script
[9.104s] -- Up-to-date symlink: /home/ws/install/tesi/lib/tesi/octo_publisher
[9.104s] -- Up-to-date symlink: /home/ws/install/tesi/lib/tesi/octo_planner
[9.104s] -- Up-to-date symlink: /home/ws/install/tesi/share/ament_index/resource_index/package_run_dependencies/tesi
[9.104s] -- Up-to-date symlink: /home/ws/install/tesi/share/ament_index/resource_index/parent_prefix_path/tesi
[9.104s] -- Up-to-date symlink: /home/ws/install/tesi/share/tesi/environment/ament_prefix_path.sh
[9.104s] -- Up-to-date symlink: /home/ws/install/tesi/share/tesi/environment/ament_prefix_path.dsv
[9.104s] -- Up-to-date symlink: /home/ws/install/tesi/share/tesi/environment/path.sh
[9.104s] -- Up-to-date symlink: /home/ws/install/tesi/share/tesi/environment/path.dsv
[9.105s] -- Up-to-date symlink: /home/ws/install/tesi/share/tesi/local_setup.bash
[9.105s] -- Up-to-date symlink: /home/ws/install/tesi/share/tesi/local_setup.sh
[9.105s] -- Up-to-date symlink: /home/ws/install/tesi/share/tesi/local_setup.zsh
[9.105s] -- Up-to-date symlink: /home/ws/install/tesi/share/tesi/local_setup.dsv
[9.105s] -- Symlinking: /home/ws/install/tesi/share/tesi/package.dsv
[9.111s] -- Up-to-date symlink: /home/ws/install/tesi/share/ament_index/resource_index/packages/tesi
[9.111s] -- Up-to-date symlink: /home/ws/install/tesi/share/tesi/cmake/tesiConfig.cmake
[9.111s] -- Up-to-date symlink: /home/ws/install/tesi/share/tesi/cmake/tesiConfig-version.cmake
[9.111s] -- Up-to-date symlink: /home/ws/install/tesi/share/tesi/package.xml
[9.112s] Invoked command in '/home/ws/build/tesi' returned '0': CMAKE_PREFIX_PATH=/opt/ros/humble /usr/bin/cmake --install /home/ws/build/tesi
