[0.012s] Invoking command in '/home/ws/build/tesi': CMAKE_PREFIX_PATH=/opt/ros/humble /usr/bin/cmake --build /home/ws/build/tesi -- -j12 -l12
[0.071s] [ 50%] Built target octo_publisher
[0.073s] [100%] Built target octo_planner
[0.082s] Invoked command in '/home/ws/build/tesi' returned '0': CMAKE_PREFIX_PATH=/opt/ros/humble /usr/bin/cmake --build /home/ws/build/tesi -- -j12 -l12
[0.118s] Invoking command in '/home/ws/build/tesi': CMAKE_PREFIX_PATH=/opt/ros/humble /usr/bin/cmake --install /home/ws/build/tesi
[0.127s] -- Install configuration: ""
[0.128s] -- Execute custom install script
[0.128s] -- Up-to-date symlink: /home/ws/install/tesi/lib/tesi/octo_publisher
[0.128s] -- Up-to-date symlink: /home/ws/install/tesi/lib/tesi/octo_planner
[0.129s] -- Up-to-date symlink: /home/ws/install/tesi/share/ament_index/resource_index/package_run_dependencies/tesi
[0.129s] -- Up-to-date symlink: /home/ws/install/tesi/share/ament_index/resource_index/parent_prefix_path/tesi
[0.129s] -- Up-to-date symlink: /home/ws/install/tesi/share/tesi/environment/ament_prefix_path.sh
[0.129s] -- Up-to-date symlink: /home/ws/install/tesi/share/tesi/environment/ament_prefix_path.dsv
[0.130s] -- Up-to-date symlink: /home/ws/install/tesi/share/tesi/environment/path.sh
[0.130s] -- Up-to-date symlink: /home/ws/install/tesi/share/tesi/environment/path.dsv
[0.130s] -- Up-to-date symlink: /home/ws/install/tesi/share/tesi/local_setup.bash
[0.130s] -- Up-to-date symlink: /home/ws/install/tesi/share/tesi/local_setup.sh
[0.131s] -- Up-to-date symlink: /home/ws/install/tesi/share/tesi/local_setup.zsh
[0.131s] -- Up-to-date symlink: /home/ws/install/tesi/share/tesi/local_setup.dsv
[0.131s] -- Symlinking: /home/ws/install/tesi/share/tesi/package.dsv
[0.141s] -- Up-to-date symlink: /home/ws/install/tesi/share/ament_index/resource_index/packages/tesi
[0.141s] -- Up-to-date symlink: /home/ws/install/tesi/share/tesi/cmake/tesiConfig.cmake
[0.141s] -- Up-to-date symlink: /home/ws/install/tesi/share/tesi/cmake/tesiConfig-version.cmake
[0.141s] -- Up-to-date symlink: /home/ws/install/tesi/share/tesi/package.xml
[0.144s] Invoked command in '/home/ws/build/tesi' returned '0': CMAKE_PREFIX_PATH=/opt/ros/humble /usr/bin/cmake --install /home/ws/build/tesi
