[0.028s] Invoking command in '/home/ws/build/tesi': CMAKE_PREFIX_PATH=/opt/ros/humble /usr/bin/cmake --build /home/ws/build/tesi -- -j12 -l12
[0.135s] [35m[1mConsolidate compiler generated dependencies of target octo_planner[0m
[0.170s] [ 33%] Built target octo_publisher
[0.172s] [ 66%] Built target octo_benchmark
[0.193s] [100%] Built target octo_planner
[0.222s] Invoked command in '/home/ws/build/tesi' returned '0': CMAKE_PREFIX_PATH=/opt/ros/humble /usr/bin/cmake --build /home/ws/build/tesi -- -j12 -l12
[0.304s] Invoking command in '/home/ws/build/tesi': CMAKE_PREFIX_PATH=/opt/ros/humble /usr/bin/cmake --install /home/ws/build/tesi
[0.332s] -- Install configuration: ""
[0.334s] -- Execute custom install script
[0.335s] -- Up-to-date symlink: /home/ws/install/tesi/lib/tesi/octo_publisher
[0.335s] -- Up-to-date symlink: /home/ws/install/tesi/lib/tesi/octo_planner
[0.336s] -- Up-to-date symlink: /home/ws/install/tesi/lib/tesi/octo_benchmark
[0.338s] -- Up-to-date symlink: /home/ws/install/tesi/share/ament_index/resource_index/package_run_dependencies/tesi
[0.339s] -- Up-to-date symlink: /home/ws/install/tesi/share/ament_index/resource_index/parent_prefix_path/tesi
[0.340s] -- Up-to-date symlink: /home/ws/install/tesi/share/tesi/environment/ament_prefix_path.sh
[0.340s] -- Up-to-date symlink: /home/ws/install/tesi/share/tesi/environment/ament_prefix_path.dsv
[0.341s] -- Up-to-date symlink: /home/ws/install/tesi/share/tesi/environment/path.sh
[0.343s] -- Up-to-date symlink: /home/ws/install/tesi/share/tesi/environment/path.dsv
[0.344s] -- Up-to-date symlink: /home/ws/install/tesi/share/tesi/local_setup.bash
[0.345s] -- Up-to-date symlink: /home/ws/install/tesi/share/tesi/local_setup.sh
[0.346s] -- Up-to-date symlink: /home/ws/install/tesi/share/tesi/local_setup.zsh
[0.347s] -- Up-to-date symlink: /home/ws/install/tesi/share/tesi/local_setup.dsv
[0.348s] -- Symlinking: /home/ws/install/tesi/share/tesi/package.dsv
[0.394s] -- Up-to-date symlink: /home/ws/install/tesi/share/ament_index/resource_index/packages/tesi
[0.395s] -- Up-to-date symlink: /home/ws/install/tesi/share/tesi/cmake/tesiConfig.cmake
[0.395s] -- Up-to-date symlink: /home/ws/install/tesi/share/tesi/cmake/tesiConfig-version.cmake
[0.398s] -- Up-to-date symlink: /home/ws/install/tesi/share/tesi/package.xml
[0.423s] Invoked command in '/home/ws/build/tesi' returned '0': CMAKE_PREFIX_PATH=/opt/ros/humble /usr/bin/cmake --install /home/ws/build/tesi
