[0.009s] Invoking command in '/home/ws/build/tesi': CMAKE_PREFIX_PATH=/opt/ros/humble /usr/bin/cmake --build /home/ws/build/tesi -- -j12 -l12
[0.039s] [35m[1mConsolidate compiler generated dependencies of target octo_planner[0m
[0.047s] [ 33%] Built target octo_publisher
[0.052s] [ 50%] [32mBuilding CXX object CMakeFiles/octo_planner.dir/tesi/src/octo_planner.cpp.o[0m
[0.054s] [ 83%] Built target octo_benchmark
[8.454s] [100%] [32m[1mLinking CXX executable octo_planner[0m
[8.885s] [100%] Built target octo_planner
[8.892s] Invoked command in '/home/ws/build/tesi' returned '0': CMAKE_PREFIX_PATH=/opt/ros/humble /usr/bin/cmake --build /home/ws/build/tesi -- -j12 -l12
[8.917s] Invoking command in '/home/ws/build/tesi': CMAKE_PREFIX_PATH=/opt/ros/humble /usr/bin/cmake --install /home/ws/build/tesi
[8.921s] -- Install configuration: ""
[8.921s] -- Execute custom install script
[8.922s] -- Up-to-date symlink: /home/ws/install/tesi/lib/tesi/octo_publisher
[8.922s] -- Up-to-date symlink: /home/ws/install/tesi/lib/tesi/octo_planner
[8.922s] -- Up-to-date symlink: /home/ws/install/tesi/lib/tesi/octo_benchmark
[8.922s] -- Up-to-date symlink: /home/ws/install/tesi/share/ament_index/resource_index/package_run_dependencies/tesi
[8.922s] -- Up-to-date symlink: /home/ws/install/tesi/share/ament_index/resource_index/parent_prefix_path/tesi
[8.922s] -- Up-to-date symlink: /home/ws/install/tesi/share/tesi/environment/ament_prefix_path.sh
[8.922s] -- Up-to-date symlink: /home/ws/install/tesi/share/tesi/environment/ament_prefix_path.dsv
[8.922s] -- Up-to-date symlink: /home/ws/install/tesi/share/tesi/environment/path.sh
[8.922s] -- Up-to-date symlink: /home/ws/install/tesi/share/tesi/environment/path.dsv
[8.923s] -- Up-to-date symlink: /home/ws/install/tesi/share/tesi/local_setup.bash
[8.923s] -- Up-to-date symlink: /home/ws/install/tesi/share/tesi/local_setup.sh
[8.923s] -- Up-to-date symlink: /home/ws/install/tesi/share/tesi/local_setup.zsh
[8.923s] -- Up-to-date symlink: /home/ws/install/tesi/share/tesi/local_setup.dsv
[8.923s] -- Symlinking: /home/ws/install/tesi/share/tesi/package.dsv
[8.929s] -- Up-to-date symlink: /home/ws/install/tesi/share/ament_index/resource_index/packages/tesi
[8.929s] -- Up-to-date symlink: /home/ws/install/tesi/share/tesi/cmake/tesiConfig.cmake
[8.929s] -- Up-to-date symlink: /home/ws/install/tesi/share/tesi/cmake/tesiConfig-version.cmake
[8.929s] -- Up-to-date symlink: /home/ws/install/tesi/share/tesi/package.xml
[8.930s] Invoked command in '/home/ws/build/tesi' returned '0': CMAKE_PREFIX_PATH=/opt/ros/humble /usr/bin/cmake --install /home/ws/build/tesi
