[0.008s] Invoking command in '/home/ws/build/tesi': CMAKE_PREFIX_PATH=/opt/ros/humble /usr/bin/cmake --build /home/ws/build/tesi -- -j12 -l12
[0.040s] [35m[1mConsolidate compiler generated dependencies of target octo_planner[0m
[0.049s] [ 50%] Built target octo_publisher
[0.056s] [ 75%] [32mBuilding CXX object CMakeFiles/octo_planner.dir/tesi/src/octo_planner.cpp.o[0m
[2.860s] [01m[K/home/ws/src/tesi/src/octo_planner.cpp:26:11:[m[K [01;31m[Kerror: [m[K‘[01m[Kdouble y1[m[K’ redeclared as different kind of entity
[2.860s]    26 | double x1,[01;31m[Ky1[m[K,z1, x2, y2, z2;
[2.860s]       |           [01;31m[K^~[m[K
[2.860s] In file included from [01m[K/usr/include/features.h:486[m[K,
[2.860s]                  from [01m[K/usr/include/x86_64-linux-gnu/c++/11/bits/os_defines.h:39[m[K,
[2.860s]                  from [01m[K/usr/include/x86_64-linux-gnu/c++/11/bits/c++config.h:586[m[K,
[2.860s]                  from [01m[K/usr/include/c++/11/bits/stl_algobase.h:59[m[K,
[2.860s]                  from [01m[K/usr/include/c++/11/memory:63[m[K,
[2.861s]                  from [01m[K/home/ws/src/tesi/src/octo_planner.cpp:1[m[K:
[2.861s] [01m[K/usr/include/x86_64-linux-gnu/bits/mathcalls.h:224:1:[m[K [01;36m[Knote: [m[Kprevious declaration ‘[01m[Kdouble y1(double)[m[K’
[2.861s]   224 | [01;36m[K__MATHCALL[m[K (y1,, (_Mdouble_));
[2.861s]       | [01;36m[K^~~~~~~~~~[m[K
[2.902s] [01m[K/home/ws/src/tesi/src/octo_planner.cpp:[m[K In member function ‘[01m[Kvoid OctoPlanner::octo_callback(const Octomap&)[m[K’:
[2.902s] [01m[K/home/ws/src/tesi/src/octo_planner.cpp:60:32:[m[K [01;31m[Kerror: [m[Kno matching function for call to ‘[01m[Koctomap::OcTree::getMetricMin(double&, double (&)(double) noexcept, double&)[m[K’
[2.902s]    60 |             [01;31m[Ktree_->getMetricMin(x1,y1,z1)[m[K;
[2.903s]       |             [01;31m[K~~~~~~~~~~~~~~~~~~~^~~~~~~~~~[m[K
[2.903s] In file included from [01m[K/opt/ros/humble/include/octomap/OcTreeBaseImpl.h:573[m[K,
[2.903s]                  from [01m[K/opt/ros/humble/include/octomap/OccupancyOcTreeBase.h:44[m[K,
[2.903s]                  from [01m[K/opt/ros/humble/include/octomap/OcTree.h:38[m[K,
[2.903s]                  from [01m[K/opt/ros/humble/include/octomap/octomap.h:37[m[K,
[2.903s]                  from [01m[K/home/ws/src/tesi/src/octo_planner.cpp:14[m[K:
[2.903s] [01m[K/opt/ros/humble/include/octomap/OcTreeBaseImpl.hxx:942:8:[m[K [01;36m[Knote: [m[Kcandidate: ‘[01m[Kvoid octomap::OcTreeBaseImpl<NODE, INTERFACE>::getMetricMin(double&, double&, double&) [with NODE = octomap::OcTreeNode; INTERFACE = octomap::AbstractOccupancyOcTree][m[K’
[2.903s]   942 |   void [01;36m[KOcTreeBaseImpl<NODE,I>[m[K::getMetricMin(double& x, double& y, double& z){
[2.903s]       |        [01;36m[K^~~~~~~~~~~~~~~~~~~~~~[m[K
[2.903s] [01m[K/opt/ros/humble/include/octomap/OcTreeBaseImpl.hxx:942:64:[m[K [01;36m[Knote: [m[K  no known conversion for argument 2 from ‘[01m[Kdouble(double) noexcept[m[K’ to ‘[01m[Kdouble&[m[K’
[2.903s]   942 |   void OcTreeBaseImpl<NODE,I>::getMetricMin(double& x, [01;36m[Kdouble& y[m[K, double& z){
[2.903s]       |                                                        [01;36m[K~~~~~~~~^[m[K
[2.903s] [01m[K/opt/ros/humble/include/octomap/OcTreeBaseImpl.hxx:960:8:[m[K [01;36m[Knote: [m[Kcandidate: ‘[01m[Kvoid octomap::OcTreeBaseImpl<NODE, INTERFACE>::getMetricMin(double&, double&, double&) const [with NODE = octomap::OcTreeNode; INTERFACE = octomap::AbstractOccupancyOcTree][m[K’
[2.904s]   960 |   void [01;36m[KOcTreeBaseImpl<NODE,I>[m[K::getMetricMin(double& mx, double& my, double& mz) const {
[2.904s]       |        [01;36m[K^~~~~~~~~~~~~~~~~~~~~~[m[K
[2.904s] [01m[K/opt/ros/humble/include/octomap/OcTreeBaseImpl.hxx:960:65:[m[K [01;36m[Knote: [m[K  no known conversion for argument 2 from ‘[01m[Kdouble(double) noexcept[m[K’ to ‘[01m[Kdouble&[m[K’
[2.904s]   960 |   void OcTreeBaseImpl<NODE,I>::getMetricMin(double& mx, [01;36m[Kdouble& my[m[K, double& mz) const {
[2.904s]       |                                                         [01;36m[K~~~~~~~~^~[m[K
[2.904s] [01m[K/home/ws/src/tesi/src/octo_planner.cpp:61:44:[m[K [01;31m[Kerror: [m[Kno matching function for call to ‘[01m[Koctomath::Vector3::Vector3(double&, double (&)(double) noexcept, double&)[m[K’
[2.904s]    61 |             min = octomap::point3d(x1,y1,z1[01;31m[K)[m[K;
[2.904s]       |                                            [01;31m[K^[m[K
[2.904s] In file included from [01m[K/opt/ros/humble/include/octomap/octomap_types.h:42[m[K,
[2.904s]                  from [01m[K/opt/ros/humble/include/octomap/octomap.h:34[m[K,
[2.904s]                  from [01m[K/home/ws/src/tesi/src/octo_planner.cpp:14[m[K:
[2.905s] [01m[K/opt/ros/humble/include/octomap/math/Vector3.h:75:5:[m[K [01;36m[Knote: [m[Kcandidate: ‘[01m[Koctomath::Vector3::Vector3(float, float, float)[m[K’
[2.905s]    75 |     [01;36m[KVector3[m[K (float x, float y, float z) {
[2.905s]       |     [01;36m[K^~~~~~~[m[K
[2.905s] [01m[K/opt/ros/humble/include/octomap/math/Vector3.h:75:29:[m[K [01;36m[Knote: [m[K  no known conversion for argument 2 from ‘[01m[Kdouble(double) noexcept[m[K’ to ‘[01m[Kfloat[m[K’
[2.905s]    75 |     Vector3 (float x, [01;36m[Kfloat y[m[K, float z) {
[2.905s]       |                       [01;36m[K~~~~~~^[m[K
[2.905s] [01m[K/opt/ros/humble/include/octomap/math/Vector3.h:63:5:[m[K [01;36m[Knote: [m[Kcandidate: ‘[01m[Koctomath::Vector3::Vector3(const octomath::Vector3&)[m[K’
[2.905s]    63 |     [01;36m[KVector3[m[K (const Vector3& other) {
[2.905s]       |     [01;36m[K^~~~~~~[m[K
[2.905s] [01m[K/opt/ros/humble/include/octomap/math/Vector3.h:63:5:[m[K [01;36m[Knote: [m[K  candidate expects 1 argument, 3 provided
[2.905s] [01m[K/opt/ros/humble/include/octomap/math/Vector3.h:56:5:[m[K [01;36m[Knote: [m[Kcandidate: ‘[01m[Koctomath::Vector3::Vector3()[m[K’
[2.905s]    56 |     [01;36m[KVector3[m[K () { data[0] = data[1] = data[2] = 0.0; }
[2.906s]       |     [01;36m[K^~~~~~~[m[K
[2.906s] [01m[K/opt/ros/humble/include/octomap/math/Vector3.h:56:5:[m[K [01;36m[Knote: [m[K  candidate expects 0 arguments, 3 provided
[2.913s] [01m[K/home/ws/src/tesi/src/octo_planner.cpp:86:41:[m[K [01;31m[Kerror: [m[K‘[01m[KisStateValid[m[K’ was not declared in this scope
[2.913s]    86 |             si->setStateValidityChecker([01;31m[KisStateValid[m[K);
[2.914s]       |                                         [01;31m[K^~~~~~~~~~~~[m[K
[4.875s] gmake[2]: *** [CMakeFiles/octo_planner.dir/build.make:76: CMakeFiles/octo_planner.dir/tesi/src/octo_planner.cpp.o] Error 1
[4.875s] gmake[1]: *** [CMakeFiles/Makefile2:165: CMakeFiles/octo_planner.dir/all] Error 2
[4.875s] gmake: *** [Makefile:146: all] Error 2
[4.877s] Invoked command in '/home/ws/build/tesi' returned '2': CMAKE_PREFIX_PATH=/opt/ros/humble /usr/bin/cmake --build /home/ws/build/tesi -- -j12 -l12
