[0.008s] Invoking command in '/home/ws/build/tesi': CMAKE_PREFIX_PATH=/opt/ros/humble /usr/bin/cmake --build /home/ws/build/tesi -- -j12 -l12
[0.042s] [35m[1mConsolidate compiler generated dependencies of target octo_planner[0m
[0.051s] [ 50%] Built target octo_publisher
[0.058s] [ 75%] [32mBuilding CXX object CMakeFiles/octo_planner.dir/tesi/src/octo_planner.cpp.o[0m
[3.032s] [01m[K/home/ws/src/tesi/src/octo_planner.cpp:[m[K In constructor ‘[01m[KOctoPlanner::OctoPlanner()[m[K’:
[3.032s] [01m[K/home/ws/src/tesi/src/octo_planner.cpp:33:26:[m[K [01;31m[Kerror: [m[Kno matching function for call to ‘[01m[KDynamicEDTOctomapBase<octomap::OcTree>::DynamicEDTOctomapBase()[m[K’
[3.032s]    33 |     : Node("octo_planner"[01;31m[K)[m[K
[3.032s]       |                          [01;31m[K^[m[K
[3.032s] In file included from [01m[K/opt/ros/humble/include/dynamicEDT3D/dynamicEDTOctomap.h:128[m[K,
[3.032s]                  from [01m[K/home/ws/src/tesi/src/octo_planner.cpp:16[m[K:
[3.032s] [01m[K/opt/ros/humble/include/dynamicEDT3D/dynamicEDTOctomap.hxx:45:1:[m[K [01;36m[Knote: [m[Kcandidate: ‘[01m[KDynamicEDTOctomapBase<TREE>::DynamicEDTOctomapBase(float, TREE*, octomap::point3d, octomap::point3d, bool) [with TREE = octomap::OcTree; octomap::point3d = octomath::Vector3][m[K’
[3.032s]    45 | [01;36m[KDynamicEDTOctomapBase<TREE>[m[K::DynamicEDTOctomapBase(float maxdist, TREE* _octree, octomap::point3d bbxMin, octomap::point3d bbxMax, bool treatUnknownAsOccupied)
[3.032s]       | [01;36m[K^~~~~~~~~~~~~~~~~~~~~~~~~~~[m[K
[3.032s] [01m[K/opt/ros/humble/include/dynamicEDT3D/dynamicEDTOctomap.hxx:45:1:[m[K [01;36m[Knote: [m[K  candidate expects 5 arguments, 0 provided
[3.032s] In file included from [01m[K/home/ws/src/tesi/src/octo_planner.cpp:16[m[K:
[3.032s] [01m[K/opt/ros/humble/include/dynamicEDT3D/dynamicEDTOctomap.h:47:7:[m[K [01;36m[Knote: [m[Kcandidate: ‘[01m[KDynamicEDTOctomapBase<octomap::OcTree>::DynamicEDTOctomapBase(const DynamicEDTOctomapBase<octomap::OcTree>&)[m[K’
[3.032s]    47 | class [01;36m[KDynamicEDTOctomapBase[m[K: private DynamicEDT3D {
[3.032s]       |       [01;36m[K^~~~~~~~~~~~~~~~~~~~~[m[K
[3.032s] [01m[K/opt/ros/humble/include/dynamicEDT3D/dynamicEDTOctomap.h:47:7:[m[K [01;36m[Knote: [m[K  candidate expects 1 argument, 0 provided
[5.148s] gmake[2]: *** [CMakeFiles/octo_planner.dir/build.make:76: CMakeFiles/octo_planner.dir/tesi/src/octo_planner.cpp.o] Error 1
[5.148s] gmake[1]: *** [CMakeFiles/Makefile2:165: CMakeFiles/octo_planner.dir/all] Error 2
[5.149s] gmake: *** [Makefile:146: all] Error 2
[5.151s] Invoked command in '/home/ws/build/tesi' returned '2': CMAKE_PREFIX_PATH=/opt/ros/humble /usr/bin/cmake --build /home/ws/build/tesi -- -j12 -l12
