[0.009s] Invoking command in '/home/ws/build/tesi': CMAKE_PREFIX_PATH=/opt/ros/humble /usr/bin/cmake --build /home/ws/build/tesi -- -j12 -l12
[0.051s] [ 33%] Built target octo_publisher
[0.052s] [ 66%] Built target octo_planner
[0.059s] [ 83%] [32mBuilding CXX object CMakeFiles/octo_benchmark.dir/tesi/src/octo_benchmark.cpp.o[0m
[11.446s] [100%] [32m[1mLinking CXX executable octo_benchmark[0m
[11.966s] [100%] Built target octo_benchmark
[11.975s] Invoked command in '/home/ws/build/tesi' returned '0': CMAKE_PREFIX_PATH=/opt/ros/humble /usr/bin/cmake --build /home/ws/build/tesi -- -j12 -l12
[12.004s] Invoking command in '/home/ws/build/tesi': CMAKE_PREFIX_PATH=/opt/ros/humble /usr/bin/cmake --install /home/ws/build/tesi
[12.010s] -- Install configuration: ""
[12.010s] -- Execute custom install script
[12.010s] -- Up-to-date symlink: /home/ws/install/tesi/lib/tesi/octo_publisher
[12.010s] -- Up-to-date symlink: /home/ws/install/tesi/lib/tesi/octo_planner
[12.010s] -- Up-to-date symlink: /home/ws/install/tesi/lib/tesi/octo_benchmark
[12.010s] -- Up-to-date symlink: /home/ws/install/tesi/share/ament_index/resource_index/package_run_dependencies/tesi
[12.011s] -- Up-to-date symlink: /home/ws/install/tesi/share/ament_index/resource_index/parent_prefix_path/tesi
[12.011s] -- Up-to-date symlink: /home/ws/install/tesi/share/tesi/environment/ament_prefix_path.sh
[12.011s] -- Up-to-date symlink: /home/ws/install/tesi/share/tesi/environment/ament_prefix_path.dsv
[12.011s] -- Up-to-date symlink: /home/ws/install/tesi/share/tesi/environment/path.sh
[12.011s] -- Up-to-date symlink: /home/ws/install/tesi/share/tesi/environment/path.dsv
[12.011s] -- Up-to-date symlink: /home/ws/install/tesi/share/tesi/local_setup.bash
[12.011s] -- Up-to-date symlink: /home/ws/install/tesi/share/tesi/local_setup.sh
[12.011s] -- Up-to-date symlink: /home/ws/install/tesi/share/tesi/local_setup.zsh
[12.011s] -- Up-to-date symlink: /home/ws/install/tesi/share/tesi/local_setup.dsv
[12.012s] -- Symlinking: /home/ws/install/tesi/share/tesi/package.dsv
[12.018s] -- Up-to-date symlink: /home/ws/install/tesi/share/ament_index/resource_index/packages/tesi
[12.018s] -- Up-to-date symlink: /home/ws/install/tesi/share/tesi/cmake/tesiConfig.cmake
[12.019s] -- Up-to-date symlink: /home/ws/install/tesi/share/tesi/cmake/tesiConfig-version.cmake
[12.019s] -- Up-to-date symlink: /home/ws/install/tesi/share/tesi/package.xml
[12.020s] Invoked command in '/home/ws/build/tesi' returned '0': CMAKE_PREFIX_PATH=/opt/ros/humble /usr/bin/cmake --install /home/ws/build/tesi
