[0.008s] Invoking command in '/home/ws/build/tesi': CMAKE_PREFIX_PATH=/opt/ros/humble /usr/bin/cmake --build /home/ws/build/tesi -- -j12 -l12
[0.040s] [35m[1mConsolidate compiler generated dependencies of target octo_planner[0m
[0.048s] [ 33%] Built target octo_publisher
[0.054s] [ 50%] [32mBuilding CXX object CMakeFiles/octo_planner.dir/tesi/src/octo_planner.cpp.o[0m
[0.055s] [ 83%] Built target octo_benchmark
[8.607s] [100%] [32m[1mLinking CXX executable octo_planner[0m
[9.050s] [100%] Built target octo_planner
[9.058s] Invoked command in '/home/ws/build/tesi' returned '0': CMAKE_PREFIX_PATH=/opt/ros/humble /usr/bin/cmake --build /home/ws/build/tesi -- -j12 -l12
[9.084s] Invoking command in '/home/ws/build/tesi': CMAKE_PREFIX_PATH=/opt/ros/humble /usr/bin/cmake --install /home/ws/build/tesi
[9.089s] -- Install configuration: ""
[9.089s] -- Execute custom install script
[9.089s] -- Up-to-date symlink: /home/ws/install/tesi/lib/tesi/octo_publisher
[9.089s] -- Up-to-date symlink: /home/ws/install/tesi/lib/tesi/octo_planner
[9.089s] -- Up-to-date symlink: /home/ws/install/tesi/lib/tesi/octo_benchmark
[9.089s] -- Up-to-date symlink: /home/ws/install/tesi/share/ament_index/resource_index/package_run_dependencies/tesi
[9.090s] -- Up-to-date symlink: /home/ws/install/tesi/share/ament_index/resource_index/parent_prefix_path/tesi
[9.090s] -- Up-to-date symlink: /home/ws/install/tesi/share/tesi/environment/ament_prefix_path.sh
[9.090s] -- Up-to-date symlink: /home/ws/install/tesi/share/tesi/environment/ament_prefix_path.dsv
[9.090s] -- Up-to-date symlink: /home/ws/install/tesi/share/tesi/environment/path.sh
[9.090s] -- Up-to-date symlink: /home/ws/install/tesi/share/tesi/environment/path.dsv
[9.090s] -- Up-to-date symlink: /home/ws/install/tesi/share/tesi/local_setup.bash
[9.090s] -- Up-to-date symlink: /home/ws/install/tesi/share/tesi/local_setup.sh
[9.090s] -- Up-to-date symlink: /home/ws/install/tesi/share/tesi/local_setup.zsh
[9.090s] -- Up-to-date symlink: /home/ws/install/tesi/share/tesi/local_setup.dsv
[9.091s] -- Symlinking: /home/ws/install/tesi/share/tesi/package.dsv
[9.097s] -- Up-to-date symlink: /home/ws/install/tesi/share/ament_index/resource_index/packages/tesi
[9.097s] -- Up-to-date symlink: /home/ws/install/tesi/share/tesi/cmake/tesiConfig.cmake
[9.097s] -- Up-to-date symlink: /home/ws/install/tesi/share/tesi/cmake/tesiConfig-version.cmake
[9.097s] -- Up-to-date symlink: /home/ws/install/tesi/share/tesi/package.xml
[9.099s] Invoked command in '/home/ws/build/tesi' returned '0': CMAKE_PREFIX_PATH=/opt/ros/humble /usr/bin/cmake --install /home/ws/build/tesi
