[0.244s] Invoking command in '/home/ws/build/tesi': CMAKE_PREFIX_PATH=/opt/ros/humble /usr/bin/cmake --build /home/ws/build/tesi -- -j12 -l12
[0.274s] [ 33%] Built target octo_publisher
[0.275s] [ 50%] [32mBuilding CXX object CMakeFiles/octo_planner.dir/tesi/src/octo_planner.cpp.o[0m
[0.284s] [ 83%] Built target octo_benchmark
[11.253s] [100%] [32m[1mLinking CXX executable octo_planner[0m
[12.427s] [100%] Built target octo_planner
[12.434s] Invoked command in '/home/ws/build/tesi' returned '0': CMAKE_PREFIX_PATH=/opt/ros/humble /usr/bin/cmake --build /home/ws/build/tesi -- -j12 -l12
[12.460s] Invoking command in '/home/ws/build/tesi': CMAKE_PREFIX_PATH=/opt/ros/humble /usr/bin/cmake --install /home/ws/build/tesi
[12.465s] -- Install configuration: ""
[12.465s] -- Execute custom install script
[12.465s] -- Up-to-date symlink: /home/ws/install/tesi/lib/tesi/octo_publisher
[12.465s] -- Up-to-date symlink: /home/ws/install/tesi/lib/tesi/octo_planner
[12.465s] -- Up-to-date symlink: /home/ws/install/tesi/lib/tesi/octo_benchmark
[12.465s] -- Up-to-date symlink: /home/ws/install/tesi/share/ament_index/resource_index/package_run_dependencies/tesi
[12.466s] -- Up-to-date symlink: /home/ws/install/tesi/share/ament_index/resource_index/parent_prefix_path/tesi
[12.466s] -- Up-to-date symlink: /home/ws/install/tesi/share/tesi/environment/ament_prefix_path.sh
[12.466s] -- Up-to-date symlink: /home/ws/install/tesi/share/tesi/environment/ament_prefix_path.dsv
[12.466s] -- Up-to-date symlink: /home/ws/install/tesi/share/tesi/environment/path.sh
[12.466s] -- Up-to-date symlink: /home/ws/install/tesi/share/tesi/environment/path.dsv
[12.466s] -- Up-to-date symlink: /home/ws/install/tesi/share/tesi/local_setup.bash
[12.466s] -- Up-to-date symlink: /home/ws/install/tesi/share/tesi/local_setup.sh
[12.466s] -- Up-to-date symlink: /home/ws/install/tesi/share/tesi/local_setup.zsh
[12.466s] -- Up-to-date symlink: /home/ws/install/tesi/share/tesi/local_setup.dsv
[12.467s] -- Symlinking: /home/ws/install/tesi/share/tesi/package.dsv
[12.473s] -- Up-to-date symlink: /home/ws/install/tesi/share/ament_index/resource_index/packages/tesi
[12.473s] -- Up-to-date symlink: /home/ws/install/tesi/share/tesi/cmake/tesiConfig.cmake
[12.473s] -- Up-to-date symlink: /home/ws/install/tesi/share/tesi/cmake/tesiConfig-version.cmake
[12.473s] -- Up-to-date symlink: /home/ws/install/tesi/share/tesi/package.xml
[12.474s] Invoked command in '/home/ws/build/tesi' returned '0': CMAKE_PREFIX_PATH=/opt/ros/humble /usr/bin/cmake --install /home/ws/build/tesi
