[0.009s] Invoking command in '/home/ws/build/tesi': CMAKE_PREFIX_PATH=/opt/ros/humble /usr/bin/cmake --build /home/ws/build/tesi -- -j12 -l12
[0.044s] [35m[1mConsolidate compiler generated dependencies of target octo_benchmark[0m
[0.051s] [ 33%] Built target octo_publisher
[0.052s] [ 66%] Built target octo_planner
[0.067s] [ 83%] [32mBuilding CXX object CMakeFiles/octo_benchmark.dir/tesi/src/octo_benchmark.cpp.o[0m
[10.357s] [100%] [32m[1mLinking CXX executable octo_benchmark[0m
[10.857s] [100%] Built target octo_benchmark
[10.866s] Invoked command in '/home/ws/build/tesi' returned '0': CMAKE_PREFIX_PATH=/opt/ros/humble /usr/bin/cmake --build /home/ws/build/tesi -- -j12 -l12
[10.893s] Invoking command in '/home/ws/build/tesi': CMAKE_PREFIX_PATH=/opt/ros/humble /usr/bin/cmake --install /home/ws/build/tesi
[10.898s] -- Install configuration: ""
[10.899s] -- Execute custom install script
[10.899s] -- Up-to-date symlink: /home/ws/install/tesi/lib/tesi/octo_publisher
[10.899s] -- Up-to-date symlink: /home/ws/install/tesi/lib/tesi/octo_planner
[10.899s] -- Up-to-date symlink: /home/ws/install/tesi/lib/tesi/octo_benchmark
[10.899s] -- Up-to-date symlink: /home/ws/install/tesi/share/ament_index/resource_index/package_run_dependencies/tesi
[10.899s] -- Up-to-date symlink: /home/ws/install/tesi/share/ament_index/resource_index/parent_prefix_path/tesi
[10.900s] -- Up-to-date symlink: /home/ws/install/tesi/share/tesi/environment/ament_prefix_path.sh
[10.900s] -- Up-to-date symlink: /home/ws/install/tesi/share/tesi/environment/ament_prefix_path.dsv
[10.900s] -- Up-to-date symlink: /home/ws/install/tesi/share/tesi/environment/path.sh
[10.900s] -- Up-to-date symlink: /home/ws/install/tesi/share/tesi/environment/path.dsv
[10.900s] -- Up-to-date symlink: /home/ws/install/tesi/share/tesi/local_setup.bash
[10.900s] -- Up-to-date symlink: /home/ws/install/tesi/share/tesi/local_setup.sh
[10.900s] -- Up-to-date symlink: /home/ws/install/tesi/share/tesi/local_setup.zsh
[10.900s] -- Up-to-date symlink: /home/ws/install/tesi/share/tesi/local_setup.dsv
[10.900s] -- Symlinking: /home/ws/install/tesi/share/tesi/package.dsv
[10.907s] -- Up-to-date symlink: /home/ws/install/tesi/share/ament_index/resource_index/packages/tesi
[10.907s] -- Up-to-date symlink: /home/ws/install/tesi/share/tesi/cmake/tesiConfig.cmake
[10.907s] -- Up-to-date symlink: /home/ws/install/tesi/share/tesi/cmake/tesiConfig-version.cmake
[10.907s] -- Up-to-date symlink: /home/ws/install/tesi/share/tesi/package.xml
[10.909s] Invoked command in '/home/ws/build/tesi' returned '0': CMAKE_PREFIX_PATH=/opt/ros/humble /usr/bin/cmake --install /home/ws/build/tesi
