[0.028s] Invoking command in '/home/ws/build/tesi': CMAKE_PREFIX_PATH=/opt/ros/humble /usr/bin/cmake --build /home/ws/build/tesi -- -j12 -l12
[0.123s] [35m[1mConsolidate compiler generated dependencies of target octo_planner[0m
[0.154s] [ 50%] Built target octo_publisher
[0.171s] [ 75%] [32mBuilding CXX object CMakeFiles/octo_planner.dir/tesi/src/octo_planner.cpp.o[0m
[23.364s] [100%] [32m[1mLinking CXX executable octo_planner[0m
[25.014s] [100%] Built target octo_planner
[25.042s] Invoked command in '/home/ws/build/tesi' returned '0': CMAKE_PREFIX_PATH=/opt/ros/humble /usr/bin/cmake --build /home/ws/build/tesi -- -j12 -l12
[25.105s] Invoking command in '/home/ws/build/tesi': CMAKE_PREFIX_PATH=/opt/ros/humble /usr/bin/cmake --install /home/ws/build/tesi
[25.120s] -- Install configuration: ""
[25.121s] -- Execute custom install script
[25.122s] -- Up-to-date symlink: /home/ws/install/tesi/lib/tesi/octo_publisher
[25.122s] -- Up-to-date symlink: /home/ws/install/tesi/lib/tesi/octo_planner
[25.123s] -- Up-to-date symlink: /home/ws/install/tesi/share/ament_index/resource_index/package_run_dependencies/tesi
[25.123s] -- Up-to-date symlink: /home/ws/install/tesi/share/ament_index/resource_index/parent_prefix_path/tesi
[25.124s] -- Up-to-date symlink: /home/ws/install/tesi/share/tesi/environment/ament_prefix_path.sh
[25.124s] -- Up-to-date symlink: /home/ws/install/tesi/share/tesi/environment/ament_prefix_path.dsv
[25.125s] -- Up-to-date symlink: /home/ws/install/tesi/share/tesi/environment/path.sh
[25.126s] -- Up-to-date symlink: /home/ws/install/tesi/share/tesi/environment/path.dsv
[25.127s] -- Up-to-date symlink: /home/ws/install/tesi/share/tesi/local_setup.bash
[25.127s] -- Up-to-date symlink: /home/ws/install/tesi/share/tesi/local_setup.sh
[25.127s] -- Up-to-date symlink: /home/ws/install/tesi/share/tesi/local_setup.zsh
[25.128s] -- Up-to-date symlink: /home/ws/install/tesi/share/tesi/local_setup.dsv
[25.128s] -- Symlinking: /home/ws/install/tesi/share/tesi/package.dsv
[25.156s] -- Up-to-date symlink: /home/ws/install/tesi/share/ament_index/resource_index/packages/tesi
[25.156s] -- Up-to-date symlink: /home/ws/install/tesi/share/tesi/cmake/tesiConfig.cmake
[25.156s] -- Up-to-date symlink: /home/ws/install/tesi/share/tesi/cmake/tesiConfig-version.cmake
[25.157s] -- Up-to-date symlink: /home/ws/install/tesi/share/tesi/package.xml
[25.164s] Invoked command in '/home/ws/build/tesi' returned '0': CMAKE_PREFIX_PATH=/opt/ros/humble /usr/bin/cmake --install /home/ws/build/tesi
