[5.316s] DEBUG:colcon:Command line arguments: ['/usr/bin/colcon', 'build']
[5.316s] DEBUG:colcon:Parsed command line arguments: Namespace(log_base=None, log_level=None, verb_name='build', build_base='build', install_base='install', merge_install=False, symlink_install=False, test_result_base=None, continue_on_error=False, executor='parallel', parallel_workers=12, event_handlers=None, ignore_user_meta=False, metas=['./colcon.meta'], base_paths=['.'], packages_ignore=None, packages_ignore_regex=None, paths=None, packages_up_to=None, packages_up_to_regex=None, packages_above=None, packages_above_and_dependencies=None, packages_above_depth=None, packages_select_by_dep=None, packages_skip_by_dep=None, packages_skip_up_to=None, packages_select_build_failed=False, packages_skip_build_finished=False, packages_select_test_failures=False, packages_skip_test_passed=False, packages_select=None, packages_skip=None, packages_select_regex=None, packages_skip_regex=None, packages_start=None, packages_end=None, cmake_args=None, cmake_target=None, cmake_target_skip_unavailable=False, cmake_clean_cache=False, cmake_clean_first=False, cmake_force_configure=False, ament_cmake_args=None, catkin_cmake_args=None, catkin_skip_building_tests=False, mixin_files=None, mixin=None, verb_parser=<colcon_mixin.mixin.mixin_argument.MixinArgumentDecorator object at 0x77cbd234a6b0>, verb_extension=<colcon_core.verb.build.BuildVerb object at 0x77cbd234a140>, main=<bound method BuildVerb.main of <colcon_core.verb.build.BuildVerb object at 0x77cbd234a140>>, mixin_verb=('build',))
[11.256s] Level 1:colcon.colcon_core.package_discovery:discover_packages(colcon_meta) check parameters
[11.529s] INFO:colcon.colcon_metadata.package_discovery.colcon_meta:Using configuration from '/root/.colcon/metadata/default/Gazebo.meta'
[11.546s] INFO:colcon.colcon_metadata.package_discovery.colcon_meta:Using configuration from '/root/.colcon/metadata/default/fastrtps.meta'
[11.547s] Level 1:colcon.colcon_core.package_discovery:discover_packages(recursive) check parameters
[11.547s] Level 1:colcon.colcon_core.package_discovery:discover_packages(ignore) check parameters
[11.547s] Level 1:colcon.colcon_core.package_discovery:discover_packages(path) check parameters
[11.547s] Level 1:colcon.colcon_core.package_discovery:discover_packages(colcon_meta) discover
[11.548s] Level 1:colcon.colcon_core.package_discovery:discover_packages(recursive) discover
[11.548s] INFO:colcon.colcon_core.package_discovery:Crawling recursively for packages in '/home/ws'
[11.549s] Level 1:colcon.colcon_core.package_identification:_identify(.) by extensions ['ignore', 'ignore_ament_install']
[11.549s] Level 1:colcon.colcon_core.package_identification:_identify(.) by extension 'ignore'
[11.550s] Level 1:colcon.colcon_core.package_identification:_identify(.) by extension 'ignore_ament_install'
[11.550s] Level 1:colcon.colcon_core.package_identification:_identify(.) by extensions ['colcon_pkg']
[11.550s] Level 1:colcon.colcon_core.package_identification:_identify(.) by extension 'colcon_pkg'
[11.550s] Level 1:colcon.colcon_core.package_identification:_identify(.) by extensions ['colcon_meta']
[11.551s] Level 1:colcon.colcon_core.package_identification:_identify(.) by extension 'colcon_meta'
[11.551s] Level 1:colcon.colcon_core.package_identification:_identify(.) by extensions ['ros']
[11.551s] Level 1:colcon.colcon_core.package_identification:_identify(.) by extension 'ros'
[11.817s] Level 1:colcon.colcon_core.package_identification:_identify(.) by extensions ['cmake', 'python']
[11.817s] Level 1:colcon.colcon_core.package_identification:_identify(.) by extension 'cmake'
[11.817s] Level 1:colcon.colcon_core.package_identification:_identify(.) by extension 'python'
[11.817s] Level 1:colcon.colcon_core.package_identification:_identify(.) by extensions ['python_setup_py']
[11.817s] Level 1:colcon.colcon_core.package_identification:_identify(.) by extension 'python_setup_py'
[11.817s] Level 1:colcon.colcon_core.package_identification:_identify(build) by extensions ['ignore', 'ignore_ament_install']
[11.818s] Level 1:colcon.colcon_core.package_identification:_identify(build) by extension 'ignore'
[11.818s] Level 1:colcon.colcon_core.package_identification:_identify(build) ignored
[11.818s] Level 1:colcon.colcon_core.package_identification:_identify(install) by extensions ['ignore', 'ignore_ament_install']
[11.818s] Level 1:colcon.colcon_core.package_identification:_identify(install) by extension 'ignore'
[11.818s] Level 1:colcon.colcon_core.package_identification:_identify(install) ignored
[11.819s] Level 1:colcon.colcon_core.package_identification:_identify(log) by extensions ['ignore', 'ignore_ament_install']
[11.819s] Level 1:colcon.colcon_core.package_identification:_identify(log) by extension 'ignore'
[11.819s] Level 1:colcon.colcon_core.package_identification:_identify(log) ignored
[11.819s] Level 1:colcon.colcon_core.package_identification:_identify(src) by extensions ['ignore', 'ignore_ament_install']
[11.819s] Level 1:colcon.colcon_core.package_identification:_identify(src) by extension 'ignore'
[11.819s] Level 1:colcon.colcon_core.package_identification:_identify(src) by extension 'ignore_ament_install'
[11.820s] Level 1:colcon.colcon_core.package_identification:_identify(src) by extensions ['colcon_pkg']
[11.820s] Level 1:colcon.colcon_core.package_identification:_identify(src) by extension 'colcon_pkg'
[11.820s] Level 1:colcon.colcon_core.package_identification:_identify(src) by extensions ['colcon_meta']
[11.820s] Level 1:colcon.colcon_core.package_identification:_identify(src) by extension 'colcon_meta'
[11.820s] Level 1:colcon.colcon_core.package_identification:_identify(src) by extensions ['ros']
[11.820s] Level 1:colcon.colcon_core.package_identification:_identify(src) by extension 'ros'
[11.839s] DEBUG:colcon.colcon_core.package_identification:Package 'src' with type 'ros.ament_cmake' and name 'tesi'
[11.839s] Level 1:colcon.colcon_core.package_discovery:discover_packages(recursive) using defaults
[11.839s] Level 1:colcon.colcon_core.package_discovery:discover_packages(ignore) discover
[11.839s] Level 1:colcon.colcon_core.package_discovery:discover_packages(ignore) using defaults
[11.839s] Level 1:colcon.colcon_core.package_discovery:discover_packages(path) discover
[11.839s] Level 1:colcon.colcon_core.package_discovery:discover_packages(path) using defaults
[12.045s] Level 5:colcon.colcon_core.verb:set package 'tesi' build argument 'cmake_args' from command line to 'None'
[12.045s] Level 5:colcon.colcon_core.verb:set package 'tesi' build argument 'cmake_target' from command line to 'None'
[12.045s] Level 5:colcon.colcon_core.verb:set package 'tesi' build argument 'cmake_target_skip_unavailable' from command line to 'False'
[12.045s] Level 5:colcon.colcon_core.verb:set package 'tesi' build argument 'cmake_clean_cache' from command line to 'False'
[12.046s] Level 5:colcon.colcon_core.verb:set package 'tesi' build argument 'cmake_clean_first' from command line to 'False'
[12.046s] Level 5:colcon.colcon_core.verb:set package 'tesi' build argument 'cmake_force_configure' from command line to 'False'
[12.046s] Level 5:colcon.colcon_core.verb:set package 'tesi' build argument 'ament_cmake_args' from command line to 'None'
[12.046s] Level 5:colcon.colcon_core.verb:set package 'tesi' build argument 'catkin_cmake_args' from command line to 'None'
[12.046s] Level 5:colcon.colcon_core.verb:set package 'tesi' build argument 'catkin_skip_building_tests' from command line to 'False'
[12.046s] DEBUG:colcon.colcon_core.verb:Building package 'tesi' with the following arguments: {'ament_cmake_args': None, 'build_base': '/home/ws/build/tesi', 'catkin_cmake_args': None, 'catkin_skip_building_tests': False, 'cmake_args': None, 'cmake_clean_cache': False, 'cmake_clean_first': False, 'cmake_force_configure': False, 'cmake_target': None, 'cmake_target_skip_unavailable': False, 'install_base': '/home/ws/install/tesi', 'merge_install': False, 'path': '/home/ws/src', 'symlink_install': False, 'test_result_base': None}
[12.046s] INFO:colcon.colcon_core.executor:Executing jobs using 'parallel' executor
[12.047s] DEBUG:colcon.colcon_parallel_executor.executor.parallel:run_until_complete
[12.048s] INFO:colcon.colcon_ros.task.ament_cmake.build:Building ROS package in '/home/ws/src' with build type 'ament_cmake'
[12.049s] INFO:colcon.colcon_cmake.task.cmake.build:Building CMake package in '/home/ws/src'
[12.091s] INFO:colcon.colcon_core.plugin_system:Skipping extension 'colcon_core.shell.bat': Not used on non-Windows systems
[12.091s] INFO:colcon.colcon_core.shell:Skip shell extension 'powershell' for command environment: Not usable outside of PowerShell
[12.091s] DEBUG:colcon.colcon_core.shell:Skip shell extension 'dsv' for command environment
[12.224s] DEBUG:colcon.colcon_core.event_handler.log_command:Invoking command in '/home/ws/build/tesi': CMAKE_PREFIX_PATH=/opt/ros/humble /usr/bin/cmake --build /home/ws/build/tesi -- -j12 -l12
[12.811s] DEBUG:colcon.colcon_core.event_handler.log_command:Invoked command in '/home/ws/build/tesi' returned '0': CMAKE_PREFIX_PATH=/opt/ros/humble /usr/bin/cmake --build /home/ws/build/tesi -- -j12 -l12
[12.835s] DEBUG:colcon.colcon_core.event_handler.log_command:Invoking command in '/home/ws/build/tesi': CMAKE_PREFIX_PATH=/opt/ros/humble /usr/bin/cmake --install /home/ws/build/tesi
[12.922s] Level 1:colcon.colcon_core.environment:create_environment_scripts_only(tesi)
[12.922s] DEBUG:colcon.colcon_core.event_handler.log_command:Invoked command in '/home/ws/build/tesi' returned '0': CMAKE_PREFIX_PATH=/opt/ros/humble /usr/bin/cmake --install /home/ws/build/tesi
[13.017s] Level 1:colcon.colcon_core.environment:checking '/home/ws/install/tesi' for CMake module files
[13.020s] Level 1:colcon.colcon_core.environment:checking '/home/ws/install/tesi' for CMake config files
[13.021s] Level 1:colcon.colcon_core.shell:create_environment_hook('tesi', 'cmake_prefix_path')
[13.022s] INFO:colcon.colcon_core.shell:Creating environment hook '/home/ws/install/tesi/share/tesi/hook/cmake_prefix_path.ps1'
[13.024s] INFO:colcon.colcon_core.shell:Creating environment descriptor '/home/ws/install/tesi/share/tesi/hook/cmake_prefix_path.dsv'
[13.026s] INFO:colcon.colcon_core.shell:Creating environment hook '/home/ws/install/tesi/share/tesi/hook/cmake_prefix_path.sh'
[13.030s] Level 1:colcon.colcon_core.environment:checking '/home/ws/install/tesi/lib'
[13.031s] Level 1:colcon.colcon_core.environment:checking '/home/ws/install/tesi/bin'
[13.031s] Level 1:colcon.colcon_core.environment:checking '/home/ws/install/tesi/lib/pkgconfig/tesi.pc'
[13.055s] Level 1:colcon.colcon_core.environment:checking '/home/ws/install/tesi/lib/python3.10/site-packages'
[13.056s] Level 1:colcon.colcon_core.environment:checking '/home/ws/install/tesi/bin'
[13.057s] INFO:colcon.colcon_core.shell:Creating package script '/home/ws/install/tesi/share/tesi/package.ps1'
[13.058s] INFO:colcon.colcon_core.shell:Creating package descriptor '/home/ws/install/tesi/share/tesi/package.dsv'
[13.060s] INFO:colcon.colcon_core.shell:Creating package script '/home/ws/install/tesi/share/tesi/package.sh'
[13.061s] INFO:colcon.colcon_core.shell:Creating package script '/home/ws/install/tesi/share/tesi/package.bash'
[13.062s] INFO:colcon.colcon_core.shell:Creating package script '/home/ws/install/tesi/share/tesi/package.zsh'
[13.064s] Level 1:colcon.colcon_core.environment:create_file_with_runtime_dependencies(/home/ws/install/tesi/share/colcon-core/packages/tesi)
[13.081s] Level 1:colcon.colcon_core.environment:create_environment_scripts_only(tesi)
[13.081s] Level 1:colcon.colcon_core.environment:checking '/home/ws/install/tesi' for CMake module files
[13.082s] Level 1:colcon.colcon_core.environment:checking '/home/ws/install/tesi' for CMake config files
[13.082s] Level 1:colcon.colcon_core.shell:create_environment_hook('tesi', 'cmake_prefix_path')
[13.082s] INFO:colcon.colcon_core.shell:Creating environment hook '/home/ws/install/tesi/share/tesi/hook/cmake_prefix_path.ps1'
[13.082s] INFO:colcon.colcon_core.shell:Creating environment descriptor '/home/ws/install/tesi/share/tesi/hook/cmake_prefix_path.dsv'
[13.083s] INFO:colcon.colcon_core.shell:Creating environment hook '/home/ws/install/tesi/share/tesi/hook/cmake_prefix_path.sh'
[13.083s] Level 1:colcon.colcon_core.environment:checking '/home/ws/install/tesi/lib'
[13.083s] Level 1:colcon.colcon_core.environment:checking '/home/ws/install/tesi/bin'
[13.083s] Level 1:colcon.colcon_core.environment:checking '/home/ws/install/tesi/lib/pkgconfig/tesi.pc'
[13.083s] Level 1:colcon.colcon_core.environment:checking '/home/ws/install/tesi/lib/python3.10/site-packages'
[13.083s] Level 1:colcon.colcon_core.environment:checking '/home/ws/install/tesi/bin'
[13.084s] INFO:colcon.colcon_core.shell:Creating package script '/home/ws/install/tesi/share/tesi/package.ps1'
[13.084s] INFO:colcon.colcon_core.shell:Creating package descriptor '/home/ws/install/tesi/share/tesi/package.dsv'
[13.084s] INFO:colcon.colcon_core.shell:Creating package script '/home/ws/install/tesi/share/tesi/package.sh'
[13.085s] INFO:colcon.colcon_core.shell:Creating package script '/home/ws/install/tesi/share/tesi/package.bash'
[13.085s] INFO:colcon.colcon_core.shell:Creating package script '/home/ws/install/tesi/share/tesi/package.zsh'
[13.085s] Level 1:colcon.colcon_core.environment:create_file_with_runtime_dependencies(/home/ws/install/tesi/share/colcon-core/packages/tesi)
[13.085s] DEBUG:colcon.colcon_parallel_executor.executor.parallel:closing loop
[13.086s] DEBUG:colcon.colcon_parallel_executor.executor.parallel:loop closed
[13.086s] DEBUG:colcon.colcon_parallel_executor.executor.parallel:run_until_complete finished with '0'
[13.086s] DEBUG:colcon.colcon_core.event_reactor:joining thread
[13.184s] INFO:colcon.colcon_core.plugin_system:Skipping extension 'colcon_notification.desktop_notification.notify_send': Could not find 'notify-send'
[13.184s] INFO:colcon.colcon_core.plugin_system:Skipping extension 'colcon_notification.desktop_notification.terminal_notifier': Not used on non-Darwin systems
[13.184s] INFO:colcon.colcon_core.plugin_system:Skipping extension 'colcon_notification.desktop_notification.win32': Not used on non-Windows systems
[13.184s] INFO:colcon.colcon_notification.desktop_notification:Sending desktop notification using 'notify2'
[13.328s] DEBUG:colcon.colcon_notification.desktop_notification.notify2:Failed to initialize notify2: org.freedesktop.DBus.Error.Spawn.ExecFailed: /usr/bin/dbus-launch terminated abnormally without any error message
[13.328s] DEBUG:colcon.colcon_core.event_reactor:joined thread
[13.328s] INFO:colcon.colcon_core.shell:Creating prefix script '/home/ws/install/local_setup.ps1'
[13.330s] INFO:colcon.colcon_core.shell:Creating prefix util module '/home/ws/install/_local_setup_util_ps1.py'
[13.332s] INFO:colcon.colcon_core.shell:Creating prefix chain script '/home/ws/install/setup.ps1'
[13.333s] INFO:colcon.colcon_core.shell:Creating prefix script '/home/ws/install/local_setup.sh'
[13.334s] INFO:colcon.colcon_core.shell:Creating prefix util module '/home/ws/install/_local_setup_util_sh.py'
[13.334s] INFO:colcon.colcon_core.shell:Creating prefix chain script '/home/ws/install/setup.sh'
[13.335s] INFO:colcon.colcon_core.shell:Creating prefix script '/home/ws/install/local_setup.bash'
[13.336s] INFO:colcon.colcon_core.shell:Creating prefix chain script '/home/ws/install/setup.bash'
[13.337s] INFO:colcon.colcon_core.shell:Creating prefix script '/home/ws/install/local_setup.zsh'
[13.338s] INFO:colcon.colcon_core.shell:Creating prefix chain script '/home/ws/install/setup.zsh'
