[0.011s] Invoking command in '/home/ws/build/tesi': CMAKE_PREFIX_PATH=/opt/ros/humble /usr/bin/cmake --build /home/ws/build/tesi -- -j12 -l12
[0.079s] [ 50%] Built target octo_publisher
[0.081s] [ 75%] [32mBuilding CXX object CMakeFiles/octo_planner.dir/tesi/src/octo_planner.cpp.o[0m
[11.314s] [100%] [32m[1mLinking CXX executable octo_planner[0m
[11.951s] [100%] Built target octo_planner
[11.965s] Invoked command in '/home/ws/build/tesi' returned '0': CMAKE_PREFIX_PATH=/opt/ros/humble /usr/bin/cmake --build /home/ws/build/tesi -- -j12 -l12
[11.996s] Invoking command in '/home/ws/build/tesi': CMAKE_PREFIX_PATH=/opt/ros/humble /usr/bin/cmake --install /home/ws/build/tesi
[12.005s] -- Install configuration: ""
[12.005s] -- Execute custom install script
[12.006s] -- Up-to-date symlink: /home/ws/install/tesi/lib/tesi/octo_publisher
[12.006s] -- Up-to-date symlink: /home/ws/install/tesi/lib/tesi/octo_planner
[12.006s] -- Up-to-date symlink: /home/ws/install/tesi/share/ament_index/resource_index/package_run_dependencies/tesi
[12.006s] -- Up-to-date symlink: /home/ws/install/tesi/share/ament_index/resource_index/parent_prefix_path/tesi
[12.007s] -- Up-to-date symlink: /home/ws/install/tesi/share/tesi/environment/ament_prefix_path.sh
[12.007s] -- Up-to-date symlink: /home/ws/install/tesi/share/tesi/environment/ament_prefix_path.dsv
[12.007s] -- Up-to-date symlink: /home/ws/install/tesi/share/tesi/environment/path.sh
[12.007s] -- Up-to-date symlink: /home/ws/install/tesi/share/tesi/environment/path.dsv
[12.007s] -- Up-to-date symlink: /home/ws/install/tesi/share/tesi/local_setup.bash
[12.008s] -- Up-to-date symlink: /home/ws/install/tesi/share/tesi/local_setup.sh
[12.008s] -- Up-to-date symlink: /home/ws/install/tesi/share/tesi/local_setup.zsh
[12.008s] -- Up-to-date symlink: /home/ws/install/tesi/share/tesi/local_setup.dsv
[12.008s] -- Symlinking: /home/ws/install/tesi/share/tesi/package.dsv
[12.018s] -- Up-to-date symlink: /home/ws/install/tesi/share/ament_index/resource_index/packages/tesi
[12.019s] -- Up-to-date symlink: /home/ws/install/tesi/share/tesi/cmake/tesiConfig.cmake
[12.019s] -- Up-to-date symlink: /home/ws/install/tesi/share/tesi/cmake/tesiConfig-version.cmake
[12.019s] -- Up-to-date symlink: /home/ws/install/tesi/share/tesi/package.xml
[12.021s] Invoked command in '/home/ws/build/tesi' returned '0': CMAKE_PREFIX_PATH=/opt/ros/humble /usr/bin/cmake --install /home/ws/build/tesi
