[1.749s] DEBUG:colcon:Command line arguments: ['/usr/bin/colcon', 'build']
[1.749s] DEBUG:colcon:Parsed command line arguments: Namespace(log_base=None, log_level=None, verb_name='build', build_base='build', install_base='install', merge_install=False, symlink_install=False, test_result_base=None, continue_on_error=False, executor='parallel', parallel_workers=12, event_handlers=None, ignore_user_meta=False, metas=['./colcon.meta'], base_paths=['.'], packages_ignore=None, packages_ignore_regex=None, paths=None, packages_up_to=None, packages_up_to_regex=None, packages_above=None, packages_above_and_dependencies=None, packages_above_depth=None, packages_select_by_dep=None, packages_skip_by_dep=None, packages_skip_up_to=None, packages_select_build_failed=False, packages_skip_build_finished=False, packages_select_test_failures=False, packages_skip_test_passed=False, packages_select=None, packages_skip=None, packages_select_regex=None, packages_skip_regex=None, packages_start=None, packages_end=None, cmake_args=None, cmake_target=None, cmake_target_skip_unavailable=False, cmake_clean_cache=False, cmake_clean_first=False, cmake_force_configure=False, ament_cmake_args=None, catkin_cmake_args=None, catkin_skip_building_tests=False, mixin_files=None, mixin=None, verb_parser=<colcon_mixin.mixin.mixin_argument.MixinArgumentDecorator object at 0x755df965e6b0>, verb_extension=<colcon_core.verb.build.BuildVerb object at 0x755df965e140>, main=<bound method BuildVerb.main of <colcon_core.verb.build.BuildVerb object at 0x755df965e140>>, mixin_verb=('build',))
[2.805s] Level 1:colcon.colcon_core.package_discovery:discover_packages(colcon_meta) check parameters
[2.809s] INFO:colcon.colcon_metadata.package_discovery.colcon_meta:Using configuration from '/root/.colcon/metadata/default/Gazebo.meta'
[2.811s] INFO:colcon.colcon_metadata.package_discovery.colcon_meta:Using configuration from '/root/.colcon/metadata/default/fastrtps.meta'
[2.811s] Level 1:colcon.colcon_core.package_discovery:discover_packages(recursive) check parameters
[2.811s] Level 1:colcon.colcon_core.package_discovery:discover_packages(ignore) check parameters
[2.811s] Level 1:colcon.colcon_core.package_discovery:discover_packages(path) check parameters
[2.811s] Level 1:colcon.colcon_core.package_discovery:discover_packages(colcon_meta) discover
[2.812s] Level 1:colcon.colcon_core.package_discovery:discover_packages(recursive) discover
[2.812s] INFO:colcon.colcon_core.package_discovery:Crawling recursively for packages in '/home/ws'
[2.812s] Level 1:colcon.colcon_core.package_identification:_identify(.) by extensions ['ignore', 'ignore_ament_install']
[2.812s] Level 1:colcon.colcon_core.package_identification:_identify(.) by extension 'ignore'
[2.813s] Level 1:colcon.colcon_core.package_identification:_identify(.) by extension 'ignore_ament_install'
[2.813s] Level 1:colcon.colcon_core.package_identification:_identify(.) by extensions ['colcon_pkg']
[2.813s] Level 1:colcon.colcon_core.package_identification:_identify(.) by extension 'colcon_pkg'
[2.813s] Level 1:colcon.colcon_core.package_identification:_identify(.) by extensions ['colcon_meta']
[2.813s] Level 1:colcon.colcon_core.package_identification:_identify(.) by extension 'colcon_meta'
[2.814s] Level 1:colcon.colcon_core.package_identification:_identify(.) by extensions ['ros']
[2.814s] Level 1:colcon.colcon_core.package_identification:_identify(.) by extension 'ros'
[2.886s] Level 1:colcon.colcon_core.package_identification:_identify(.) by extensions ['cmake', 'python']
[2.886s] Level 1:colcon.colcon_core.package_identification:_identify(.) by extension 'cmake'
[2.887s] Level 1:colcon.colcon_core.package_identification:_identify(.) by extension 'python'
[2.887s] Level 1:colcon.colcon_core.package_identification:_identify(.) by extensions ['python_setup_py']
[2.887s] Level 1:colcon.colcon_core.package_identification:_identify(.) by extension 'python_setup_py'
[2.887s] Level 1:colcon.colcon_core.package_identification:_identify(build) by extensions ['ignore', 'ignore_ament_install']
[2.887s] Level 1:colcon.colcon_core.package_identification:_identify(build) by extension 'ignore'
[2.887s] Level 1:colcon.colcon_core.package_identification:_identify(build) ignored
[2.887s] Level 1:colcon.colcon_core.package_identification:_identify(install) by extensions ['ignore', 'ignore_ament_install']
[2.888s] Level 1:colcon.colcon_core.package_identification:_identify(install) by extension 'ignore'
[2.888s] Level 1:colcon.colcon_core.package_identification:_identify(install) ignored
[2.888s] Level 1:colcon.colcon_core.package_identification:_identify(log) by extensions ['ignore', 'ignore_ament_install']
[2.888s] Level 1:colcon.colcon_core.package_identification:_identify(log) by extension 'ignore'
[2.888s] Level 1:colcon.colcon_core.package_identification:_identify(log) ignored
[2.888s] Level 1:colcon.colcon_core.package_identification:_identify(src) by extensions ['ignore', 'ignore_ament_install']
[2.888s] Level 1:colcon.colcon_core.package_identification:_identify(src) by extension 'ignore'
[2.888s] Level 1:colcon.colcon_core.package_identification:_identify(src) by extension 'ignore_ament_install'
[2.888s] Level 1:colcon.colcon_core.package_identification:_identify(src) by extensions ['colcon_pkg']
[2.889s] Level 1:colcon.colcon_core.package_identification:_identify(src) by extension 'colcon_pkg'
[2.889s] Level 1:colcon.colcon_core.package_identification:_identify(src) by extensions ['colcon_meta']
[2.889s] Level 1:colcon.colcon_core.package_identification:_identify(src) by extension 'colcon_meta'
[2.889s] Level 1:colcon.colcon_core.package_identification:_identify(src) by extensions ['ros']
[2.889s] Level 1:colcon.colcon_core.package_identification:_identify(src) by extension 'ros'
[2.903s] DEBUG:colcon.colcon_core.package_identification:Package 'src' with type 'ros.ament_cmake' and name 'tesi'
[2.903s] Level 1:colcon.colcon_core.package_discovery:discover_packages(recursive) using defaults
[2.903s] Level 1:colcon.colcon_core.package_discovery:discover_packages(ignore) discover
[2.903s] Level 1:colcon.colcon_core.package_discovery:discover_packages(ignore) using defaults
[2.903s] Level 1:colcon.colcon_core.package_discovery:discover_packages(path) discover
[2.903s] Level 1:colcon.colcon_core.package_discovery:discover_packages(path) using defaults
[3.019s] Level 5:colcon.colcon_core.verb:set package 'tesi' build argument 'cmake_args' from command line to 'None'
[3.019s] Level 5:colcon.colcon_core.verb:set package 'tesi' build argument 'cmake_target' from command line to 'None'
[3.020s] Level 5:colcon.colcon_core.verb:set package 'tesi' build argument 'cmake_target_skip_unavailable' from command line to 'False'
[3.020s] Level 5:colcon.colcon_core.verb:set package 'tesi' build argument 'cmake_clean_cache' from command line to 'False'
[3.020s] Level 5:colcon.colcon_core.verb:set package 'tesi' build argument 'cmake_clean_first' from command line to 'False'
[3.020s] Level 5:colcon.colcon_core.verb:set package 'tesi' build argument 'cmake_force_configure' from command line to 'False'
[3.020s] Level 5:colcon.colcon_core.verb:set package 'tesi' build argument 'ament_cmake_args' from command line to 'None'
[3.020s] Level 5:colcon.colcon_core.verb:set package 'tesi' build argument 'catkin_cmake_args' from command line to 'None'
[3.020s] Level 5:colcon.colcon_core.verb:set package 'tesi' build argument 'catkin_skip_building_tests' from command line to 'False'
[3.020s] DEBUG:colcon.colcon_core.verb:Building package 'tesi' with the following arguments: {'ament_cmake_args': None, 'build_base': '/home/ws/build/tesi', 'catkin_cmake_args': None, 'catkin_skip_building_tests': False, 'cmake_args': None, 'cmake_clean_cache': False, 'cmake_clean_first': False, 'cmake_force_configure': False, 'cmake_target': None, 'cmake_target_skip_unavailable': False, 'install_base': '/home/ws/install/tesi', 'merge_install': False, 'path': '/home/ws/src', 'symlink_install': False, 'test_result_base': None}
[3.020s] INFO:colcon.colcon_core.executor:Executing jobs using 'parallel' executor
[3.021s] DEBUG:colcon.colcon_parallel_executor.executor.parallel:run_until_complete
[3.021s] INFO:colcon.colcon_ros.task.ament_cmake.build:Building ROS package in '/home/ws/src' with build type 'ament_cmake'
[3.021s] INFO:colcon.colcon_cmake.task.cmake.build:Building CMake package in '/home/ws/src'
[3.026s] INFO:colcon.colcon_core.plugin_system:Skipping extension 'colcon_core.shell.bat': Not used on non-Windows systems
[3.026s] INFO:colcon.colcon_core.shell:Skip shell extension 'powershell' for command environment: Not usable outside of PowerShell
[3.026s] DEBUG:colcon.colcon_core.shell:Skip shell extension 'dsv' for command environment
[3.076s] DEBUG:colcon.colcon_core.event_handler.log_command:Invoking command in '/home/ws/build/tesi': CMAKE_PREFIX_PATH=/opt/ros/humble /usr/bin/cmake --build /home/ws/build/tesi -- -j12 -l12
[19.703s] DEBUG:colcon.colcon_core.event_handler.log_command:Invoked command in '/home/ws/build/tesi' returned '0': CMAKE_PREFIX_PATH=/opt/ros/humble /usr/bin/cmake --build /home/ws/build/tesi -- -j12 -l12
[19.751s] DEBUG:colcon.colcon_core.event_handler.log_command:Invoking command in '/home/ws/build/tesi': CMAKE_PREFIX_PATH=/opt/ros/humble /usr/bin/cmake --install /home/ws/build/tesi
[19.861s] Level 1:colcon.colcon_core.environment:create_environment_scripts_only(tesi)
[19.862s] DEBUG:colcon.colcon_core.event_handler.log_command:Invoked command in '/home/ws/build/tesi' returned '0': CMAKE_PREFIX_PATH=/opt/ros/humble /usr/bin/cmake --install /home/ws/build/tesi
[19.940s] Level 1:colcon.colcon_core.environment:checking '/home/ws/install/tesi' for CMake module files
[19.943s] Level 1:colcon.colcon_core.environment:checking '/home/ws/install/tesi' for CMake config files
[19.944s] Level 1:colcon.colcon_core.shell:create_environment_hook('tesi', 'cmake_prefix_path')
[19.945s] INFO:colcon.colcon_core.shell:Creating environment hook '/home/ws/install/tesi/share/tesi/hook/cmake_prefix_path.ps1'
[19.947s] INFO:colcon.colcon_core.shell:Creating environment descriptor '/home/ws/install/tesi/share/tesi/hook/cmake_prefix_path.dsv'
[19.949s] INFO:colcon.colcon_core.shell:Creating environment hook '/home/ws/install/tesi/share/tesi/hook/cmake_prefix_path.sh'
[19.953s] Level 1:colcon.colcon_core.environment:checking '/home/ws/install/tesi/lib'
[19.954s] Level 1:colcon.colcon_core.environment:checking '/home/ws/install/tesi/bin'
[19.954s] Level 1:colcon.colcon_core.environment:checking '/home/ws/install/tesi/lib/pkgconfig/tesi.pc'
[19.980s] Level 1:colcon.colcon_core.environment:checking '/home/ws/install/tesi/lib/python3.10/site-packages'
[19.980s] Level 1:colcon.colcon_core.environment:checking '/home/ws/install/tesi/bin'
[19.981s] INFO:colcon.colcon_core.shell:Creating package script '/home/ws/install/tesi/share/tesi/package.ps1'
[19.983s] INFO:colcon.colcon_core.shell:Creating package descriptor '/home/ws/install/tesi/share/tesi/package.dsv'
[19.987s] INFO:colcon.colcon_core.shell:Creating package script '/home/ws/install/tesi/share/tesi/package.sh'
[19.989s] INFO:colcon.colcon_core.shell:Creating package script '/home/ws/install/tesi/share/tesi/package.bash'
[20.002s] INFO:colcon.colcon_core.shell:Creating package script '/home/ws/install/tesi/share/tesi/package.zsh'
[20.024s] Level 1:colcon.colcon_core.environment:create_file_with_runtime_dependencies(/home/ws/install/tesi/share/colcon-core/packages/tesi)
[20.069s] Level 1:colcon.colcon_core.environment:create_environment_scripts_only(tesi)
[20.069s] Level 1:colcon.colcon_core.environment:checking '/home/ws/install/tesi' for CMake module files
[20.070s] Level 1:colcon.colcon_core.environment:checking '/home/ws/install/tesi' for CMake config files
[20.070s] Level 1:colcon.colcon_core.shell:create_environment_hook('tesi', 'cmake_prefix_path')
[20.071s] INFO:colcon.colcon_core.shell:Creating environment hook '/home/ws/install/tesi/share/tesi/hook/cmake_prefix_path.ps1'
[20.071s] INFO:colcon.colcon_core.shell:Creating environment descriptor '/home/ws/install/tesi/share/tesi/hook/cmake_prefix_path.dsv'
[20.072s] INFO:colcon.colcon_core.shell:Creating environment hook '/home/ws/install/tesi/share/tesi/hook/cmake_prefix_path.sh'
[20.072s] Level 1:colcon.colcon_core.environment:checking '/home/ws/install/tesi/lib'
[20.072s] Level 1:colcon.colcon_core.environment:checking '/home/ws/install/tesi/bin'
[20.072s] Level 1:colcon.colcon_core.environment:checking '/home/ws/install/tesi/lib/pkgconfig/tesi.pc'
[20.073s] Level 1:colcon.colcon_core.environment:checking '/home/ws/install/tesi/lib/python3.10/site-packages'
[20.073s] Level 1:colcon.colcon_core.environment:checking '/home/ws/install/tesi/bin'
[20.073s] INFO:colcon.colcon_core.shell:Creating package script '/home/ws/install/tesi/share/tesi/package.ps1'
[20.074s] INFO:colcon.colcon_core.shell:Creating package descriptor '/home/ws/install/tesi/share/tesi/package.dsv'
[20.075s] INFO:colcon.colcon_core.shell:Creating package script '/home/ws/install/tesi/share/tesi/package.sh'
[20.075s] INFO:colcon.colcon_core.shell:Creating package script '/home/ws/install/tesi/share/tesi/package.bash'
[20.076s] INFO:colcon.colcon_core.shell:Creating package script '/home/ws/install/tesi/share/tesi/package.zsh'
[20.077s] Level 1:colcon.colcon_core.environment:create_file_with_runtime_dependencies(/home/ws/install/tesi/share/colcon-core/packages/tesi)
[20.077s] DEBUG:colcon.colcon_parallel_executor.executor.parallel:closing loop
[20.077s] DEBUG:colcon.colcon_parallel_executor.executor.parallel:loop closed
[20.077s] DEBUG:colcon.colcon_parallel_executor.executor.parallel:run_until_complete finished with '0'
[20.078s] DEBUG:colcon.colcon_core.event_reactor:joining thread
[20.121s] INFO:colcon.colcon_core.plugin_system:Skipping extension 'colcon_notification.desktop_notification.notify_send': Could not find 'notify-send'
[20.121s] INFO:colcon.colcon_core.plugin_system:Skipping extension 'colcon_notification.desktop_notification.terminal_notifier': Not used on non-Darwin systems
[20.121s] INFO:colcon.colcon_core.plugin_system:Skipping extension 'colcon_notification.desktop_notification.win32': Not used on non-Windows systems
[20.122s] INFO:colcon.colcon_notification.desktop_notification:Sending desktop notification using 'notify2'
[20.207s] DEBUG:colcon.colcon_notification.desktop_notification.notify2:Failed to initialize notify2: org.freedesktop.DBus.Error.Spawn.ExecFailed: /usr/bin/dbus-launch terminated abnormally without any error message
[20.208s] DEBUG:colcon.colcon_core.event_reactor:joined thread
[20.208s] INFO:colcon.colcon_core.shell:Creating prefix script '/home/ws/install/local_setup.ps1'
[20.210s] INFO:colcon.colcon_core.shell:Creating prefix util module '/home/ws/install/_local_setup_util_ps1.py'
[20.220s] INFO:colcon.colcon_core.shell:Creating prefix chain script '/home/ws/install/setup.ps1'
[20.222s] INFO:colcon.colcon_core.shell:Creating prefix script '/home/ws/install/local_setup.sh'
[20.230s] INFO:colcon.colcon_core.shell:Creating prefix util module '/home/ws/install/_local_setup_util_sh.py'
[20.231s] INFO:colcon.colcon_core.shell:Creating prefix chain script '/home/ws/install/setup.sh'
[20.233s] INFO:colcon.colcon_core.shell:Creating prefix script '/home/ws/install/local_setup.bash'
[20.234s] INFO:colcon.colcon_core.shell:Creating prefix chain script '/home/ws/install/setup.bash'
[20.237s] INFO:colcon.colcon_core.shell:Creating prefix script '/home/ws/install/local_setup.zsh'
[20.238s] INFO:colcon.colcon_core.shell:Creating prefix chain script '/home/ws/install/setup.zsh'
