[0.054s] Invoking command in '/home/ws/build/tesi': CMAKE_PREFIX_PATH=/opt/ros/humble /usr/bin/cmake --build /home/ws/build/tesi -- -j12 -l12
[0.411s] [ 50%] Built target octo_publisher
[0.433s] [35m[1mConsolidate compiler generated dependencies of target octo_planner[0m
[0.461s] [ 75%] [32mBuilding CXX object CMakeFiles/octo_planner.dir/tesi/src/octo_planner.cpp.o[0m
[15.034s] [100%] [32m[1mLinking CXX executable octo_planner[0m
[16.669s] [100%] Built target octo_planner
[16.681s] Invoked command in '/home/ws/build/tesi' returned '0': CMAKE_PREFIX_PATH=/opt/ros/humble /usr/bin/cmake --build /home/ws/build/tesi -- -j12 -l12
[16.728s] Invoking command in '/home/ws/build/tesi': CMAKE_PREFIX_PATH=/opt/ros/humble /usr/bin/cmake --install /home/ws/build/tesi
[16.761s] -- Install configuration: ""
[16.797s] -- Execute custom install script
[16.804s] -- Up-to-date symlink: /home/ws/install/tesi/lib/tesi/octo_publisher
[16.805s] -- Up-to-date symlink: /home/ws/install/tesi/lib/tesi/octo_planner
[16.806s] -- Up-to-date symlink: /home/ws/install/tesi/share/ament_index/resource_index/package_run_dependencies/tesi
[16.806s] -- Up-to-date symlink: /home/ws/install/tesi/share/ament_index/resource_index/parent_prefix_path/tesi
[16.807s] -- Up-to-date symlink: /home/ws/install/tesi/share/tesi/environment/ament_prefix_path.sh
[16.807s] -- Up-to-date symlink: /home/ws/install/tesi/share/tesi/environment/ament_prefix_path.dsv
[16.808s] -- Up-to-date symlink: /home/ws/install/tesi/share/tesi/environment/path.sh
[16.809s] -- Up-to-date symlink: /home/ws/install/tesi/share/tesi/environment/path.dsv
[16.809s] -- Up-to-date symlink: /home/ws/install/tesi/share/tesi/local_setup.bash
[16.810s] -- Up-to-date symlink: /home/ws/install/tesi/share/tesi/local_setup.sh
[16.810s] -- Up-to-date symlink: /home/ws/install/tesi/share/tesi/local_setup.zsh
[16.811s] -- Up-to-date symlink: /home/ws/install/tesi/share/tesi/local_setup.dsv
[16.811s] -- Symlinking: /home/ws/install/tesi/share/tesi/package.dsv
[16.836s] -- Up-to-date symlink: /home/ws/install/tesi/share/ament_index/resource_index/packages/tesi
[16.836s] -- Up-to-date symlink: /home/ws/install/tesi/share/tesi/cmake/tesiConfig.cmake
[16.837s] -- Up-to-date symlink: /home/ws/install/tesi/share/tesi/cmake/tesiConfig-version.cmake
[16.837s] -- Up-to-date symlink: /home/ws/install/tesi/share/tesi/package.xml
[16.840s] Invoked command in '/home/ws/build/tesi' returned '0': CMAKE_PREFIX_PATH=/opt/ros/humble /usr/bin/cmake --install /home/ws/build/tesi
