[0.008s] Invoking command in '/home/ws/build/tesi': CMAKE_PREFIX_PATH=/opt/ros/humble /usr/bin/cmake /home/ws/src -DAMENT_CMAKE_SYMLINK_INSTALL=1 -DCMAKE_INSTALL_PREFIX=/home/ws/install/tesi
[0.016s] -- Found ament_cmake: 1.3.8 (/opt/ros/humble/share/ament_cmake/cmake)
[0.094s] -- Override CMake install command with custom implementation using symlinks instead of copying resources
[0.164s] -- Found rclcpp: 16.0.8 (/opt/ros/humble/share/rclcpp/cmake)
[0.206s] -- Found rosidl_generator_c: 3.1.5 (/opt/ros/humble/share/rosidl_generator_c/cmake)
[0.208s] -- Found rosidl_adapter: 3.1.5 (/opt/ros/humble/share/rosidl_adapter/cmake)
[0.213s] -- Found rosidl_generator_cpp: 3.1.5 (/opt/ros/humble/share/rosidl_generator_cpp/cmake)
[0.222s] -- Using all available rosidl_typesupport_c: rosidl_typesupport_fastrtps_c;rosidl_typesupport_introspection_c
[0.234s] -- Using all available rosidl_typesupport_cpp: rosidl_typesupport_fastrtps_cpp;rosidl_typesupport_introspection_cpp
[0.283s] -- Found rmw_implementation_cmake: 6.1.1 (/opt/ros/humble/share/rmw_implementation_cmake/cmake)
[0.284s] -- Found rmw_fastrtps_cpp: 6.2.6 (/opt/ros/humble/share/rmw_fastrtps_cpp/cmake)
[0.371s] -- Using RMW implementation 'rmw_fastrtps_cpp' as default
[0.501s] -- Found geometry_msgs: 4.2.3 (/opt/ros/humble/share/geometry_msgs/cmake)
[0.539s] -- Found octomap_msgs: 2.0.0 (/opt/ros/humble/share/octomap_msgs/cmake)
[0.599s] -- Found ament_lint_auto: 0.12.10 (/opt/ros/humble/share/ament_lint_auto/cmake)
[0.672s] -- Added test 'cppcheck' to perform static code analysis on C / C++ code
[0.672s] -- Configured cppcheck include dirs: 
[0.672s] -- Configured cppcheck exclude dirs and/or files: 
[0.674s] -- Added test 'lint_cmake' to check CMake code style
[0.678s] -- Added test 'uncrustify' to check C / C++ code style
[0.678s] -- Configured uncrustify additional arguments: 
[0.679s] -- Added test 'xmllint' to check XML markup files
[0.680s] -- Configuring done
[0.693s] -- Generating done
[0.694s] -- Build files have been written to: /home/ws/build/tesi
[0.700s] Invoked command in '/home/ws/build/tesi' returned '0': CMAKE_PREFIX_PATH=/opt/ros/humble /usr/bin/cmake /home/ws/src -DAMENT_CMAKE_SYMLINK_INSTALL=1 -DCMAKE_INSTALL_PREFIX=/home/ws/install/tesi
[0.701s] Invoking command in '/home/ws/build/tesi': CMAKE_PREFIX_PATH=/opt/ros/humble /usr/bin/cmake --build /home/ws/build/tesi -- -j12 -l12
[0.732s] [35m[1mConsolidate compiler generated dependencies of target octo_publisher[0m
[0.732s] [35m[1mConsolidate compiler generated dependencies of target octo_planner[0m
[0.746s] [ 25%] [32m[1mLinking CXX executable octo_publisher[0m
[0.748s] [ 50%] [32m[1mLinking CXX executable octo_planner[0m
[0.950s] [ 75%] Built target octo_publisher
[1.250s] [100%] Built target octo_planner
[1.257s] Invoked command in '/home/ws/build/tesi' returned '0': CMAKE_PREFIX_PATH=/opt/ros/humble /usr/bin/cmake --build /home/ws/build/tesi -- -j12 -l12
[1.281s] Invoking command in '/home/ws/build/tesi': CMAKE_PREFIX_PATH=/opt/ros/humble /usr/bin/cmake --install /home/ws/build/tesi
[1.286s] -- Install configuration: ""
[1.287s] -- Execute custom install script
[1.287s] -- Symlinking: /home/ws/install/tesi/lib/tesi/octo_publisher
[1.294s] -- Symlinking: /home/ws/install/tesi/lib/tesi/octo_planner
[1.300s] -- Symlinking: /home/ws/install/tesi/share/ament_index/resource_index/package_run_dependencies/tesi
[1.307s] -- Symlinking: /home/ws/install/tesi/share/ament_index/resource_index/parent_prefix_path/tesi
[1.314s] -- Symlinking: /home/ws/install/tesi/share/tesi/environment/ament_prefix_path.sh
[1.321s] -- Symlinking: /home/ws/install/tesi/share/tesi/environment/ament_prefix_path.dsv
[1.328s] -- Symlinking: /home/ws/install/tesi/share/tesi/environment/path.sh
[1.335s] -- Symlinking: /home/ws/install/tesi/share/tesi/environment/path.dsv
[1.342s] -- Symlinking: /home/ws/install/tesi/share/tesi/local_setup.bash
[1.348s] -- Symlinking: /home/ws/install/tesi/share/tesi/local_setup.sh
[1.354s] -- Symlinking: /home/ws/install/tesi/share/tesi/local_setup.zsh
[1.363s] -- Symlinking: /home/ws/install/tesi/share/tesi/local_setup.dsv
[1.370s] -- Symlinking: /home/ws/install/tesi/share/tesi/package.dsv
[1.377s] -- Symlinking: /home/ws/install/tesi/share/ament_index/resource_index/packages/tesi
[1.383s] -- Symlinking: /home/ws/install/tesi/share/tesi/cmake/tesiConfig.cmake
[1.391s] -- Symlinking: /home/ws/install/tesi/share/tesi/cmake/tesiConfig-version.cmake
[1.397s] -- Symlinking: /home/ws/install/tesi/share/tesi/package.xml
[1.405s] Invoked command in '/home/ws/build/tesi' returned '0': CMAKE_PREFIX_PATH=/opt/ros/humble /usr/bin/cmake --install /home/ws/build/tesi
