[0.011s] Invoking command in '/home/ws/build/tesi': CMAKE_PREFIX_PATH=/opt/ros/humble /usr/bin/cmake --build /home/ws/build/tesi -- -j12 -l12
[0.056s] [35m[1mConsolidate compiler generated dependencies of target octo_planner[0m
[0.070s] [ 50%] Built target octo_publisher
[0.082s] [ 75%] [32mBuilding CXX object CMakeFiles/octo_planner.dir/tesi/src/octo_planner.cpp.o[0m
[13.796s] [100%] [32m[1mLinking CXX executable octo_planner[0m
[14.701s] [100%] Built target octo_planner
[14.712s] Invoked command in '/home/ws/build/tesi' returned '0': CMAKE_PREFIX_PATH=/opt/ros/humble /usr/bin/cmake --build /home/ws/build/tesi -- -j12 -l12
[14.751s] Invoking command in '/home/ws/build/tesi': CMAKE_PREFIX_PATH=/opt/ros/humble /usr/bin/cmake --install /home/ws/build/tesi
[14.760s] -- Install configuration: ""
[14.761s] -- Execute custom install script
[14.761s] -- Up-to-date symlink: /home/ws/install/tesi/lib/tesi/octo_publisher
[14.761s] -- Up-to-date symlink: /home/ws/install/tesi/lib/tesi/octo_planner
[14.762s] -- Up-to-date symlink: /home/ws/install/tesi/share/ament_index/resource_index/package_run_dependencies/tesi
[14.762s] -- Up-to-date symlink: /home/ws/install/tesi/share/ament_index/resource_index/parent_prefix_path/tesi
[14.762s] -- Up-to-date symlink: /home/ws/install/tesi/share/tesi/environment/ament_prefix_path.sh
[14.762s] -- Up-to-date symlink: /home/ws/install/tesi/share/tesi/environment/ament_prefix_path.dsv
[14.762s] -- Up-to-date symlink: /home/ws/install/tesi/share/tesi/environment/path.sh
[14.763s] -- Up-to-date symlink: /home/ws/install/tesi/share/tesi/environment/path.dsv
[14.763s] -- Up-to-date symlink: /home/ws/install/tesi/share/tesi/local_setup.bash
[14.763s] -- Up-to-date symlink: /home/ws/install/tesi/share/tesi/local_setup.sh
[14.763s] -- Up-to-date symlink: /home/ws/install/tesi/share/tesi/local_setup.zsh
[14.764s] -- Up-to-date symlink: /home/ws/install/tesi/share/tesi/local_setup.dsv
[14.764s] -- Symlinking: /home/ws/install/tesi/share/tesi/package.dsv
[14.776s] -- Up-to-date symlink: /home/ws/install/tesi/share/ament_index/resource_index/packages/tesi
[14.776s] -- Up-to-date symlink: /home/ws/install/tesi/share/tesi/cmake/tesiConfig.cmake
[14.777s] -- Up-to-date symlink: /home/ws/install/tesi/share/tesi/cmake/tesiConfig-version.cmake
[14.777s] -- Up-to-date symlink: /home/ws/install/tesi/share/tesi/package.xml
[14.779s] Invoked command in '/home/ws/build/tesi' returned '0': CMAKE_PREFIX_PATH=/opt/ros/humble /usr/bin/cmake --install /home/ws/build/tesi
