[0.007s] Invoking command in '/home/ws/build/tesi': CMAKE_PREFIX_PATH=/opt/ros/humble /usr/bin/cmake --build /home/ws/build/tesi -- -j12 -l12
[0.046s] [35m[1mConsolidate compiler generated dependencies of target octo_benchmark[0m
[0.053s] [ 33%] Built target octo_publisher
[0.053s] [ 66%] Built target octo_planner
[0.072s] [ 83%] [32mBuilding CXX object CMakeFiles/octo_benchmark.dir/tesi/src/octo_benchmark.cpp.o[0m
[11.538s] [100%] [32m[1mLinking CXX executable octo_benchmark[0m
[12.098s] [100%] Built target octo_benchmark
[12.107s] Invoked command in '/home/ws/build/tesi' returned '0': CMAKE_PREFIX_PATH=/opt/ros/humble /usr/bin/cmake --build /home/ws/build/tesi -- -j12 -l12
[12.137s] Invoking command in '/home/ws/build/tesi': CMAKE_PREFIX_PATH=/opt/ros/humble /usr/bin/cmake --install /home/ws/build/tesi
[12.143s] -- Install configuration: ""
[12.143s] -- Execute custom install script
[12.143s] -- Up-to-date symlink: /home/ws/install/tesi/lib/tesi/octo_publisher
[12.143s] -- Up-to-date symlink: /home/ws/install/tesi/lib/tesi/octo_planner
[12.143s] -- Up-to-date symlink: /home/ws/install/tesi/lib/tesi/octo_benchmark
[12.144s] -- Up-to-date symlink: /home/ws/install/tesi/share/ament_index/resource_index/package_run_dependencies/tesi
[12.144s] -- Up-to-date symlink: /home/ws/install/tesi/share/ament_index/resource_index/parent_prefix_path/tesi
[12.144s] -- Up-to-date symlink: /home/ws/install/tesi/share/tesi/environment/ament_prefix_path.sh
[12.144s] -- Up-to-date symlink: /home/ws/install/tesi/share/tesi/environment/ament_prefix_path.dsv
[12.144s] -- Up-to-date symlink: /home/ws/install/tesi/share/tesi/environment/path.sh
[12.144s] -- Up-to-date symlink: /home/ws/install/tesi/share/tesi/environment/path.dsv
[12.144s] -- Up-to-date symlink: /home/ws/install/tesi/share/tesi/local_setup.bash
[12.145s] -- Up-to-date symlink: /home/ws/install/tesi/share/tesi/local_setup.sh
[12.145s] -- Up-to-date symlink: /home/ws/install/tesi/share/tesi/local_setup.zsh
[12.145s] -- Up-to-date symlink: /home/ws/install/tesi/share/tesi/local_setup.dsv
[12.145s] -- Symlinking: /home/ws/install/tesi/share/tesi/package.dsv
[12.153s] -- Up-to-date symlink: /home/ws/install/tesi/share/ament_index/resource_index/packages/tesi
[12.153s] -- Up-to-date symlink: /home/ws/install/tesi/share/tesi/cmake/tesiConfig.cmake
[12.153s] -- Up-to-date symlink: /home/ws/install/tesi/share/tesi/cmake/tesiConfig-version.cmake
[12.153s] -- Up-to-date symlink: /home/ws/install/tesi/share/tesi/package.xml
[12.155s] Invoked command in '/home/ws/build/tesi' returned '0': CMAKE_PREFIX_PATH=/opt/ros/humble /usr/bin/cmake --install /home/ws/build/tesi
