[0.419s] Invoking command in '/home/ws/build/tesi': CMAKE_PREFIX_PATH=/opt/ros/humble /usr/bin/cmake --build /home/ws/build/tesi -- -j12 -l12
[0.460s] [35m[1mConsolidate compiler generated dependencies of target octo_benchmark[0m
[0.468s] [ 33%] Built target octo_publisher
[0.469s] [ 66%] Built target octo_planner
[0.814s] [ 83%] [32mBuilding CXX object CMakeFiles/octo_benchmark.dir/tesi/src/octo_benchmark.cpp.o[0m
[13.817s] [100%] [32m[1mLinking CXX executable octo_benchmark[0m
[14.377s] [100%] Built target octo_benchmark
[14.500s] Invoked command in '/home/ws/build/tesi' returned '0': CMAKE_PREFIX_PATH=/opt/ros/humble /usr/bin/cmake --build /home/ws/build/tesi -- -j12 -l12
[14.530s] Invoking command in '/home/ws/build/tesi': CMAKE_PREFIX_PATH=/opt/ros/humble /usr/bin/cmake --install /home/ws/build/tesi
[14.536s] -- Install configuration: ""
[14.536s] -- Execute custom install script
[14.536s] -- Up-to-date symlink: /home/ws/install/tesi/lib/tesi/octo_publisher
[14.536s] -- Up-to-date symlink: /home/ws/install/tesi/lib/tesi/octo_planner
[14.536s] -- Up-to-date symlink: /home/ws/install/tesi/lib/tesi/octo_benchmark
[14.537s] -- Up-to-date symlink: /home/ws/install/tesi/share/ament_index/resource_index/package_run_dependencies/tesi
[14.537s] -- Up-to-date symlink: /home/ws/install/tesi/share/ament_index/resource_index/parent_prefix_path/tesi
[14.537s] -- Up-to-date symlink: /home/ws/install/tesi/share/tesi/environment/ament_prefix_path.sh
[14.537s] -- Up-to-date symlink: /home/ws/install/tesi/share/tesi/environment/ament_prefix_path.dsv
[14.537s] -- Up-to-date symlink: /home/ws/install/tesi/share/tesi/environment/path.sh
[14.537s] -- Up-to-date symlink: /home/ws/install/tesi/share/tesi/environment/path.dsv
[14.537s] -- Up-to-date symlink: /home/ws/install/tesi/share/tesi/local_setup.bash
[14.537s] -- Up-to-date symlink: /home/ws/install/tesi/share/tesi/local_setup.sh
[14.537s] -- Up-to-date symlink: /home/ws/install/tesi/share/tesi/local_setup.zsh
[14.538s] -- Up-to-date symlink: /home/ws/install/tesi/share/tesi/local_setup.dsv
[14.538s] -- Symlinking: /home/ws/install/tesi/share/tesi/package.dsv
[14.545s] -- Up-to-date symlink: /home/ws/install/tesi/share/ament_index/resource_index/packages/tesi
[14.545s] -- Up-to-date symlink: /home/ws/install/tesi/share/tesi/cmake/tesiConfig.cmake
[14.545s] -- Up-to-date symlink: /home/ws/install/tesi/share/tesi/cmake/tesiConfig-version.cmake
[14.545s] -- Up-to-date symlink: /home/ws/install/tesi/share/tesi/package.xml
[14.546s] Invoked command in '/home/ws/build/tesi' returned '0': CMAKE_PREFIX_PATH=/opt/ros/humble /usr/bin/cmake --install /home/ws/build/tesi
