[0.011s] Invoking command in '/home/ws/build/tesi': CMAKE_PREFIX_PATH=/opt/ros/humble /usr/bin/cmake --build /home/ws/build/tesi -- -j12 -l12
[0.066s] [35m[1mConsolidate compiler generated dependencies of target octo_planner[0m
[0.084s] [ 50%] Built target octo_publisher
[0.092s] [ 75%] [32mBuilding CXX object CMakeFiles/octo_planner.dir/tesi/src/octo_planner.cpp.o[0m
[16.073s] [100%] [32m[1mLinking CXX executable octo_planner[0m
[17.239s] [100%] Built target octo_planner
[17.253s] Invoked command in '/home/ws/build/tesi' returned '0': CMAKE_PREFIX_PATH=/opt/ros/humble /usr/bin/cmake --build /home/ws/build/tesi -- -j12 -l12
[17.292s] Invoking command in '/home/ws/build/tesi': CMAKE_PREFIX_PATH=/opt/ros/humble /usr/bin/cmake --install /home/ws/build/tesi
[17.301s] -- Install configuration: ""
[17.302s] -- Execute custom install script
[17.302s] -- Up-to-date symlink: /home/ws/install/tesi/lib/tesi/octo_publisher
[17.302s] -- Up-to-date symlink: /home/ws/install/tesi/lib/tesi/octo_planner
[17.303s] -- Up-to-date symlink: /home/ws/install/tesi/share/ament_index/resource_index/package_run_dependencies/tesi
[17.303s] -- Up-to-date symlink: /home/ws/install/tesi/share/ament_index/resource_index/parent_prefix_path/tesi
[17.303s] -- Up-to-date symlink: /home/ws/install/tesi/share/tesi/environment/ament_prefix_path.sh
[17.303s] -- Up-to-date symlink: /home/ws/install/tesi/share/tesi/environment/ament_prefix_path.dsv
[17.303s] -- Up-to-date symlink: /home/ws/install/tesi/share/tesi/environment/path.sh
[17.303s] -- Up-to-date symlink: /home/ws/install/tesi/share/tesi/environment/path.dsv
[17.303s] -- Up-to-date symlink: /home/ws/install/tesi/share/tesi/local_setup.bash
[17.303s] -- Up-to-date symlink: /home/ws/install/tesi/share/tesi/local_setup.sh
[17.304s] -- Up-to-date symlink: /home/ws/install/tesi/share/tesi/local_setup.zsh
[17.304s] -- Up-to-date symlink: /home/ws/install/tesi/share/tesi/local_setup.dsv
[17.304s] -- Symlinking: /home/ws/install/tesi/share/tesi/package.dsv
[17.319s] -- Up-to-date symlink: /home/ws/install/tesi/share/ament_index/resource_index/packages/tesi
[17.320s] -- Up-to-date symlink: /home/ws/install/tesi/share/tesi/cmake/tesiConfig.cmake
[17.320s] -- Up-to-date symlink: /home/ws/install/tesi/share/tesi/cmake/tesiConfig-version.cmake
[17.320s] -- Up-to-date symlink: /home/ws/install/tesi/share/tesi/package.xml
[17.323s] Invoked command in '/home/ws/build/tesi' returned '0': CMAKE_PREFIX_PATH=/opt/ros/humble /usr/bin/cmake --install /home/ws/build/tesi
