[0.016s] Invoking command in '/home/ws/build/tesi': CMAKE_PREFIX_PATH=/opt/ros/humble /usr/bin/cmake --build /home/ws/build/tesi -- -j12 -l12
[0.066s] [35m[1mConsolidate compiler generated dependencies of target octo_planner[0m
[0.083s] [ 33%] Built target octo_publisher
[0.091s] [ 50%] [32mBuilding CXX object CMakeFiles/octo_planner.dir/tesi/src/octo_planner.cpp.o[0m
[0.095s] [ 83%] Built target octo_benchmark
[15.157s] [100%] [32m[1mLinking CXX executable octo_planner[0m
[16.607s] [100%] Built target octo_planner
[16.618s] Invoked command in '/home/ws/build/tesi' returned '0': CMAKE_PREFIX_PATH=/opt/ros/humble /usr/bin/cmake --build /home/ws/build/tesi -- -j12 -l12
[16.661s] Invoking command in '/home/ws/build/tesi': CMAKE_PREFIX_PATH=/opt/ros/humble /usr/bin/cmake --install /home/ws/build/tesi
[16.670s] -- Install configuration: ""
[16.671s] -- Execute custom install script
[16.671s] -- Up-to-date symlink: /home/ws/install/tesi/lib/tesi/octo_publisher
[16.671s] -- Up-to-date symlink: /home/ws/install/tesi/lib/tesi/octo_planner
[16.671s] -- Up-to-date symlink: /home/ws/install/tesi/lib/tesi/octo_benchmark
[16.672s] -- Up-to-date symlink: /home/ws/install/tesi/share/ament_index/resource_index/package_run_dependencies/tesi
[16.672s] -- Up-to-date symlink: /home/ws/install/tesi/share/ament_index/resource_index/parent_prefix_path/tesi
[16.672s] -- Up-to-date symlink: /home/ws/install/tesi/share/tesi/environment/ament_prefix_path.sh
[16.672s] -- Up-to-date symlink: /home/ws/install/tesi/share/tesi/environment/ament_prefix_path.dsv
[16.672s] -- Up-to-date symlink: /home/ws/install/tesi/share/tesi/environment/path.sh
[16.672s] -- Up-to-date symlink: /home/ws/install/tesi/share/tesi/environment/path.dsv
[16.673s] -- Up-to-date symlink: /home/ws/install/tesi/share/tesi/local_setup.bash
[16.673s] -- Up-to-date symlink: /home/ws/install/tesi/share/tesi/local_setup.sh
[16.673s] -- Up-to-date symlink: /home/ws/install/tesi/share/tesi/local_setup.zsh
[16.673s] -- Up-to-date symlink: /home/ws/install/tesi/share/tesi/local_setup.dsv
[16.673s] -- Symlinking: /home/ws/install/tesi/share/tesi/package.dsv
[16.684s] -- Up-to-date symlink: /home/ws/install/tesi/share/ament_index/resource_index/packages/tesi
[16.684s] -- Up-to-date symlink: /home/ws/install/tesi/share/tesi/cmake/tesiConfig.cmake
[16.684s] -- Up-to-date symlink: /home/ws/install/tesi/share/tesi/cmake/tesiConfig-version.cmake
[16.684s] -- Up-to-date symlink: /home/ws/install/tesi/share/tesi/package.xml
[16.686s] Invoked command in '/home/ws/build/tesi' returned '0': CMAKE_PREFIX_PATH=/opt/ros/humble /usr/bin/cmake --install /home/ws/build/tesi
