[4.361s] DEBUG:colcon:Command line arguments: ['/usr/bin/colcon', 'build']
[4.362s] DEBUG:colcon:Parsed command line arguments: Namespace(log_base=None, log_level=None, verb_name='build', build_base='build', install_base='install', merge_install=False, symlink_install=False, test_result_base=None, continue_on_error=False, executor='parallel', parallel_workers=12, event_handlers=None, ignore_user_meta=False, metas=['./colcon.meta'], base_paths=['.'], packages_ignore=None, packages_ignore_regex=None, paths=None, packages_up_to=None, packages_up_to_regex=None, packages_above=None, packages_above_and_dependencies=None, packages_above_depth=None, packages_select_by_dep=None, packages_skip_by_dep=None, packages_skip_up_to=None, packages_select_build_failed=False, packages_skip_build_finished=False, packages_select_test_failures=False, packages_skip_test_passed=False, packages_select=None, packages_skip=None, packages_select_regex=None, packages_skip_regex=None, packages_start=None, packages_end=None, cmake_args=None, cmake_target=None, cmake_target_skip_unavailable=False, cmake_clean_cache=False, cmake_clean_first=False, cmake_force_configure=False, ament_cmake_args=None, catkin_cmake_args=None, catkin_skip_building_tests=False, mixin_files=None, mixin=None, verb_parser=<colcon_mixin.mixin.mixin_argument.MixinArgumentDecorator object at 0x79ec316f6560>, verb_extension=<colcon_core.verb.build.BuildVerb object at 0x79ec3182ad10>, main=<bound method BuildVerb.main of <colcon_core.verb.build.BuildVerb object at 0x79ec3182ad10>>, mixin_verb=('build',))
[7.411s] Level 1:colcon.colcon_core.package_discovery:discover_packages(colcon_meta) check parameters
[7.429s] INFO:colcon.colcon_metadata.package_discovery.colcon_meta:Using configuration from '/root/.colcon/metadata/default/Gazebo.meta'
[7.430s] INFO:colcon.colcon_metadata.package_discovery.colcon_meta:Using configuration from '/root/.colcon/metadata/default/fastrtps.meta'
[7.430s] Level 1:colcon.colcon_core.package_discovery:discover_packages(recursive) check parameters
[7.430s] Level 1:colcon.colcon_core.package_discovery:discover_packages(ignore) check parameters
[7.430s] Level 1:colcon.colcon_core.package_discovery:discover_packages(path) check parameters
[7.430s] Level 1:colcon.colcon_core.package_discovery:discover_packages(colcon_meta) discover
[7.430s] Level 1:colcon.colcon_core.package_discovery:discover_packages(recursive) discover
[7.430s] INFO:colcon.colcon_core.package_discovery:Crawling recursively for packages in '/home/ws'
[7.430s] Level 1:colcon.colcon_core.package_identification:_identify(.) by extensions ['ignore', 'ignore_ament_install']
[7.430s] Level 1:colcon.colcon_core.package_identification:_identify(.) by extension 'ignore'
[7.430s] Level 1:colcon.colcon_core.package_identification:_identify(.) by extension 'ignore_ament_install'
[7.431s] Level 1:colcon.colcon_core.package_identification:_identify(.) by extensions ['colcon_pkg']
[7.431s] Level 1:colcon.colcon_core.package_identification:_identify(.) by extension 'colcon_pkg'
[7.431s] Level 1:colcon.colcon_core.package_identification:_identify(.) by extensions ['colcon_meta']
[7.431s] Level 1:colcon.colcon_core.package_identification:_identify(.) by extension 'colcon_meta'
[7.431s] Level 1:colcon.colcon_core.package_identification:_identify(.) by extensions ['ros']
[7.431s] Level 1:colcon.colcon_core.package_identification:_identify(.) by extension 'ros'
[7.519s] Level 1:colcon.colcon_core.package_identification:_identify(.) by extensions ['cmake', 'python']
[7.519s] Level 1:colcon.colcon_core.package_identification:_identify(.) by extension 'cmake'
[7.520s] Level 1:colcon.colcon_core.package_identification:_identify(.) by extension 'python'
[7.520s] Level 1:colcon.colcon_core.package_identification:_identify(.) by extensions ['python_setup_py']
[7.520s] Level 1:colcon.colcon_core.package_identification:_identify(.) by extension 'python_setup_py'
[7.520s] Level 1:colcon.colcon_core.package_identification:_identify(build) by extensions ['ignore', 'ignore_ament_install']
[7.520s] Level 1:colcon.colcon_core.package_identification:_identify(build) by extension 'ignore'
[7.520s] Level 1:colcon.colcon_core.package_identification:_identify(build) ignored
[7.520s] Level 1:colcon.colcon_core.package_identification:_identify(install) by extensions ['ignore', 'ignore_ament_install']
[7.520s] Level 1:colcon.colcon_core.package_identification:_identify(install) by extension 'ignore'
[7.520s] Level 1:colcon.colcon_core.package_identification:_identify(install) ignored
[7.520s] Level 1:colcon.colcon_core.package_identification:_identify(log) by extensions ['ignore', 'ignore_ament_install']
[7.520s] Level 1:colcon.colcon_core.package_identification:_identify(log) by extension 'ignore'
[7.520s] Level 1:colcon.colcon_core.package_identification:_identify(log) ignored
[7.520s] Level 1:colcon.colcon_core.package_identification:_identify(src) by extensions ['ignore', 'ignore_ament_install']
[7.520s] Level 1:colcon.colcon_core.package_identification:_identify(src) by extension 'ignore'
[7.521s] Level 1:colcon.colcon_core.package_identification:_identify(src) by extension 'ignore_ament_install'
[7.521s] Level 1:colcon.colcon_core.package_identification:_identify(src) by extensions ['colcon_pkg']
[7.521s] Level 1:colcon.colcon_core.package_identification:_identify(src) by extension 'colcon_pkg'
[7.521s] Level 1:colcon.colcon_core.package_identification:_identify(src) by extensions ['colcon_meta']
[7.521s] Level 1:colcon.colcon_core.package_identification:_identify(src) by extension 'colcon_meta'
[7.521s] Level 1:colcon.colcon_core.package_identification:_identify(src) by extensions ['ros']
[7.521s] Level 1:colcon.colcon_core.package_identification:_identify(src) by extension 'ros'
[7.540s] DEBUG:colcon.colcon_core.package_identification:Package 'src' with type 'ros.ament_cmake' and name 'tesi'
[7.540s] Level 1:colcon.colcon_core.package_discovery:discover_packages(recursive) using defaults
[7.540s] Level 1:colcon.colcon_core.package_discovery:discover_packages(ignore) discover
[7.540s] Level 1:colcon.colcon_core.package_discovery:discover_packages(ignore) using defaults
[7.540s] Level 1:colcon.colcon_core.package_discovery:discover_packages(path) discover
[7.540s] Level 1:colcon.colcon_core.package_discovery:discover_packages(path) using defaults
[8.047s] Level 5:colcon.colcon_core.verb:set package 'tesi' build argument 'cmake_args' from command line to 'None'
[8.047s] Level 5:colcon.colcon_core.verb:set package 'tesi' build argument 'cmake_target' from command line to 'None'
[8.047s] Level 5:colcon.colcon_core.verb:set package 'tesi' build argument 'cmake_target_skip_unavailable' from command line to 'False'
[8.047s] Level 5:colcon.colcon_core.verb:set package 'tesi' build argument 'cmake_clean_cache' from command line to 'False'
[8.047s] Level 5:colcon.colcon_core.verb:set package 'tesi' build argument 'cmake_clean_first' from command line to 'False'
[8.047s] Level 5:colcon.colcon_core.verb:set package 'tesi' build argument 'cmake_force_configure' from command line to 'False'
[8.047s] Level 5:colcon.colcon_core.verb:set package 'tesi' build argument 'ament_cmake_args' from command line to 'None'
[8.047s] Level 5:colcon.colcon_core.verb:set package 'tesi' build argument 'catkin_cmake_args' from command line to 'None'
[8.047s] Level 5:colcon.colcon_core.verb:set package 'tesi' build argument 'catkin_skip_building_tests' from command line to 'False'
[8.047s] DEBUG:colcon.colcon_core.verb:Building package 'tesi' with the following arguments: {'ament_cmake_args': None, 'build_base': '/home/ws/build/tesi', 'catkin_cmake_args': None, 'catkin_skip_building_tests': False, 'cmake_args': None, 'cmake_clean_cache': False, 'cmake_clean_first': False, 'cmake_force_configure': False, 'cmake_target': None, 'cmake_target_skip_unavailable': False, 'install_base': '/home/ws/install/tesi', 'merge_install': False, 'path': '/home/ws/src', 'symlink_install': False, 'test_result_base': None}
[8.048s] INFO:colcon.colcon_core.executor:Executing jobs using 'parallel' executor
[8.049s] DEBUG:colcon.colcon_parallel_executor.executor.parallel:run_until_complete
[8.049s] INFO:colcon.colcon_ros.task.ament_cmake.build:Building ROS package in '/home/ws/src' with build type 'ament_cmake'
[8.049s] INFO:colcon.colcon_cmake.task.cmake.build:Building CMake package in '/home/ws/src'
[8.104s] INFO:colcon.colcon_core.plugin_system:Skipping extension 'colcon_core.shell.bat': Not used on non-Windows systems
[8.105s] INFO:colcon.colcon_core.shell:Skip shell extension 'powershell' for command environment: Not usable outside of PowerShell
[8.105s] DEBUG:colcon.colcon_core.shell:Skip shell extension 'dsv' for command environment
[8.233s] DEBUG:colcon.colcon_core.event_handler.log_command:Invoking command in '/home/ws/build/tesi': CMAKE_PREFIX_PATH=/opt/ros/humble /usr/bin/cmake --build /home/ws/build/tesi -- -j12 -l12
[59.670s] DEBUG:colcon.colcon_core.event_handler.log_command:Invoked command in '/home/ws/build/tesi' returned '0': CMAKE_PREFIX_PATH=/opt/ros/humble /usr/bin/cmake --build /home/ws/build/tesi -- -j12 -l12
[59.697s] DEBUG:colcon.colcon_core.event_handler.log_command:Invoking command in '/home/ws/build/tesi': CMAKE_PREFIX_PATH=/opt/ros/humble /usr/bin/cmake --install /home/ws/build/tesi
[59.892s] Level 1:colcon.colcon_core.environment:create_environment_scripts_only(tesi)
[59.893s] DEBUG:colcon.colcon_core.event_handler.log_command:Invoked command in '/home/ws/build/tesi' returned '0': CMAKE_PREFIX_PATH=/opt/ros/humble /usr/bin/cmake --install /home/ws/build/tesi
[60.876s] Level 1:colcon.colcon_core.environment:checking '/home/ws/install/tesi' for CMake module files
[60.877s] Level 1:colcon.colcon_core.environment:checking '/home/ws/install/tesi' for CMake config files
[60.877s] Level 1:colcon.colcon_core.shell:create_environment_hook('tesi', 'cmake_prefix_path')
[60.878s] INFO:colcon.colcon_core.shell:Creating environment hook '/home/ws/install/tesi/share/tesi/hook/cmake_prefix_path.ps1'
[60.948s] INFO:colcon.colcon_core.shell:Creating environment descriptor '/home/ws/install/tesi/share/tesi/hook/cmake_prefix_path.dsv'
[61.032s] INFO:colcon.colcon_core.shell:Creating environment hook '/home/ws/install/tesi/share/tesi/hook/cmake_prefix_path.sh'
[61.034s] Level 1:colcon.colcon_core.environment:checking '/home/ws/install/tesi/lib'
[61.034s] Level 1:colcon.colcon_core.environment:checking '/home/ws/install/tesi/bin'
[61.034s] Level 1:colcon.colcon_core.environment:checking '/home/ws/install/tesi/lib/pkgconfig/tesi.pc'
[61.207s] Level 1:colcon.colcon_core.environment:checking '/home/ws/install/tesi/lib/python3.10/site-packages'
[61.207s] Level 1:colcon.colcon_core.environment:checking '/home/ws/install/tesi/bin'
[61.207s] INFO:colcon.colcon_core.shell:Creating package script '/home/ws/install/tesi/share/tesi/package.ps1'
[61.208s] INFO:colcon.colcon_core.shell:Creating package descriptor '/home/ws/install/tesi/share/tesi/package.dsv'
[61.209s] INFO:colcon.colcon_core.shell:Creating package script '/home/ws/install/tesi/share/tesi/package.sh'
[61.210s] INFO:colcon.colcon_core.shell:Creating package script '/home/ws/install/tesi/share/tesi/package.bash'
[61.255s] INFO:colcon.colcon_core.shell:Creating package script '/home/ws/install/tesi/share/tesi/package.zsh'
[61.898s] Level 1:colcon.colcon_core.environment:create_file_with_runtime_dependencies(/home/ws/install/tesi/share/colcon-core/packages/tesi)
[61.916s] Level 1:colcon.colcon_core.environment:create_environment_scripts_only(tesi)
[61.917s] Level 1:colcon.colcon_core.environment:checking '/home/ws/install/tesi' for CMake module files
[61.917s] Level 1:colcon.colcon_core.environment:checking '/home/ws/install/tesi' for CMake config files
[61.917s] Level 1:colcon.colcon_core.shell:create_environment_hook('tesi', 'cmake_prefix_path')
[61.917s] INFO:colcon.colcon_core.shell:Creating environment hook '/home/ws/install/tesi/share/tesi/hook/cmake_prefix_path.ps1'
[61.918s] INFO:colcon.colcon_core.shell:Creating environment descriptor '/home/ws/install/tesi/share/tesi/hook/cmake_prefix_path.dsv'
[61.918s] INFO:colcon.colcon_core.shell:Creating environment hook '/home/ws/install/tesi/share/tesi/hook/cmake_prefix_path.sh'
[61.918s] Level 1:colcon.colcon_core.environment:checking '/home/ws/install/tesi/lib'
[61.918s] Level 1:colcon.colcon_core.environment:checking '/home/ws/install/tesi/bin'
[61.918s] Level 1:colcon.colcon_core.environment:checking '/home/ws/install/tesi/lib/pkgconfig/tesi.pc'
[61.918s] Level 1:colcon.colcon_core.environment:checking '/home/ws/install/tesi/lib/python3.10/site-packages'
[61.919s] Level 1:colcon.colcon_core.environment:checking '/home/ws/install/tesi/bin'
[61.919s] INFO:colcon.colcon_core.shell:Creating package script '/home/ws/install/tesi/share/tesi/package.ps1'
[61.919s] INFO:colcon.colcon_core.shell:Creating package descriptor '/home/ws/install/tesi/share/tesi/package.dsv'
[61.920s] INFO:colcon.colcon_core.shell:Creating package script '/home/ws/install/tesi/share/tesi/package.sh'
[61.920s] INFO:colcon.colcon_core.shell:Creating package script '/home/ws/install/tesi/share/tesi/package.bash'
[61.920s] INFO:colcon.colcon_core.shell:Creating package script '/home/ws/install/tesi/share/tesi/package.zsh'
[61.963s] Level 1:colcon.colcon_core.environment:create_file_with_runtime_dependencies(/home/ws/install/tesi/share/colcon-core/packages/tesi)
[61.963s] DEBUG:colcon.colcon_parallel_executor.executor.parallel:closing loop
[61.963s] DEBUG:colcon.colcon_parallel_executor.executor.parallel:loop closed
[61.964s] DEBUG:colcon.colcon_parallel_executor.executor.parallel:run_until_complete finished with '0'
[61.964s] DEBUG:colcon.colcon_core.event_reactor:joining thread
[63.817s] INFO:colcon.colcon_core.plugin_system:Skipping extension 'colcon_notification.desktop_notification.notify_send': Could not find 'notify-send'
[63.817s] INFO:colcon.colcon_core.plugin_system:Skipping extension 'colcon_notification.desktop_notification.terminal_notifier': Not used on non-Darwin systems
[63.817s] INFO:colcon.colcon_core.plugin_system:Skipping extension 'colcon_notification.desktop_notification.win32': Not used on non-Windows systems
[63.817s] INFO:colcon.colcon_notification.desktop_notification:Sending desktop notification using 'notify2'
[65.799s] DEBUG:colcon.colcon_notification.desktop_notification.notify2:Failed to initialize notify2: org.freedesktop.DBus.Error.Spawn.ExecFailed: /usr/bin/dbus-launch terminated abnormally without any error message
[65.800s] DEBUG:colcon.colcon_core.event_reactor:joined thread
[65.801s] INFO:colcon.colcon_core.shell:Creating prefix script '/home/ws/install/local_setup.ps1'
[65.803s] INFO:colcon.colcon_core.shell:Creating prefix util module '/home/ws/install/_local_setup_util_ps1.py'
[65.895s] INFO:colcon.colcon_core.shell:Creating prefix chain script '/home/ws/install/setup.ps1'
[65.896s] INFO:colcon.colcon_core.shell:Creating prefix script '/home/ws/install/local_setup.sh'
[66.055s] INFO:colcon.colcon_core.shell:Creating prefix util module '/home/ws/install/_local_setup_util_sh.py'
[66.056s] INFO:colcon.colcon_core.shell:Creating prefix chain script '/home/ws/install/setup.sh'
[66.220s] INFO:colcon.colcon_core.shell:Creating prefix script '/home/ws/install/local_setup.bash'
[66.331s] INFO:colcon.colcon_core.shell:Creating prefix chain script '/home/ws/install/setup.bash'
[66.418s] INFO:colcon.colcon_core.shell:Creating prefix script '/home/ws/install/local_setup.zsh'
[66.508s] INFO:colcon.colcon_core.shell:Creating prefix chain script '/home/ws/install/setup.zsh'
