[0.012s] Invoking command in '/home/ws/build/tesi': CMAKE_PREFIX_PATH=/opt/ros/humble /usr/bin/cmake --build /home/ws/build/tesi -- -j12 -l12
[0.062s] [35m[1mConsolidate compiler generated dependencies of target octo_planner[0m
[0.079s] [ 33%] Built target octo_publisher
[0.087s] [ 50%] [32mBuilding CXX object CMakeFiles/octo_planner.dir/tesi/src/octo_planner.cpp.o[0m
[0.090s] [ 83%] Built target octo_benchmark
[15.338s] [100%] [32m[1mLinking CXX executable octo_planner[0m
[16.780s] [100%] Built target octo_planner
[16.794s] Invoked command in '/home/ws/build/tesi' returned '0': CMAKE_PREFIX_PATH=/opt/ros/humble /usr/bin/cmake --build /home/ws/build/tesi -- -j12 -l12
[16.840s] Invoking command in '/home/ws/build/tesi': CMAKE_PREFIX_PATH=/opt/ros/humble /usr/bin/cmake --install /home/ws/build/tesi
[16.849s] -- Install configuration: ""
[16.849s] -- Execute custom install script
[16.849s] -- Up-to-date symlink: /home/ws/install/tesi/lib/tesi/octo_publisher
[16.850s] -- Up-to-date symlink: /home/ws/install/tesi/lib/tesi/octo_planner
[16.850s] -- Up-to-date symlink: /home/ws/install/tesi/lib/tesi/octo_benchmark
[16.850s] -- Up-to-date symlink: /home/ws/install/tesi/share/ament_index/resource_index/package_run_dependencies/tesi
[16.850s] -- Up-to-date symlink: /home/ws/install/tesi/share/ament_index/resource_index/parent_prefix_path/tesi
[16.850s] -- Up-to-date symlink: /home/ws/install/tesi/share/tesi/environment/ament_prefix_path.sh
[16.850s] -- Up-to-date symlink: /home/ws/install/tesi/share/tesi/environment/ament_prefix_path.dsv
[16.851s] -- Up-to-date symlink: /home/ws/install/tesi/share/tesi/environment/path.sh
[16.851s] -- Up-to-date symlink: /home/ws/install/tesi/share/tesi/environment/path.dsv
[16.851s] -- Up-to-date symlink: /home/ws/install/tesi/share/tesi/local_setup.bash
[16.851s] -- Up-to-date symlink: /home/ws/install/tesi/share/tesi/local_setup.sh
[16.851s] -- Up-to-date symlink: /home/ws/install/tesi/share/tesi/local_setup.zsh
[16.851s] -- Up-to-date symlink: /home/ws/install/tesi/share/tesi/local_setup.dsv
[16.851s] -- Symlinking: /home/ws/install/tesi/share/tesi/package.dsv
[16.867s] -- Up-to-date symlink: /home/ws/install/tesi/share/ament_index/resource_index/packages/tesi
[16.867s] -- Up-to-date symlink: /home/ws/install/tesi/share/tesi/cmake/tesiConfig.cmake
[16.867s] -- Up-to-date symlink: /home/ws/install/tesi/share/tesi/cmake/tesiConfig-version.cmake
[16.867s] -- Up-to-date symlink: /home/ws/install/tesi/share/tesi/package.xml
[16.870s] Invoked command in '/home/ws/build/tesi' returned '0': CMAKE_PREFIX_PATH=/opt/ros/humble /usr/bin/cmake --install /home/ws/build/tesi
