[0.009s] Invoking command in '/home/ws/build/tesi': CMAKE_PREFIX_PATH=/opt/ros/humble /usr/bin/cmake --build /home/ws/build/tesi -- -j12 -l12
[0.041s] [35m[1mConsolidate compiler generated dependencies of target octo_planner[0m
[0.050s] [ 33%] Built target octo_publisher
[0.052s] [ 66%] Built target octo_benchmark
[0.057s] [ 83%] [32mBuilding CXX object CMakeFiles/octo_planner.dir/tesi/src/octo_planner.cpp.o[0m
[8.406s] [100%] [32m[1mLinking CXX executable octo_planner[0m
[8.917s] [100%] Built target octo_planner
[8.924s] Invoked command in '/home/ws/build/tesi' returned '0': CMAKE_PREFIX_PATH=/opt/ros/humble /usr/bin/cmake --build /home/ws/build/tesi -- -j12 -l12
[8.953s] Invoking command in '/home/ws/build/tesi': CMAKE_PREFIX_PATH=/opt/ros/humble /usr/bin/cmake --install /home/ws/build/tesi
[8.961s] -- Install configuration: ""
[8.961s] -- Execute custom install script
[8.962s] -- Up-to-date symlink: /home/ws/install/tesi/lib/tesi/octo_publisher
[8.962s] -- Up-to-date symlink: /home/ws/install/tesi/lib/tesi/octo_planner
[8.962s] -- Up-to-date symlink: /home/ws/install/tesi/lib/tesi/octo_benchmark
[8.986s] -- Up-to-date symlink: /home/ws/install/tesi/share/ament_index/resource_index/package_run_dependencies/tesi
[8.987s] -- Up-to-date symlink: /home/ws/install/tesi/share/ament_index/resource_index/parent_prefix_path/tesi
[8.988s] -- Up-to-date symlink: /home/ws/install/tesi/share/tesi/environment/ament_prefix_path.sh
[8.989s] -- Up-to-date symlink: /home/ws/install/tesi/share/tesi/environment/ament_prefix_path.dsv
[8.989s] -- Up-to-date symlink: /home/ws/install/tesi/share/tesi/environment/path.sh
[8.990s] -- Up-to-date symlink: /home/ws/install/tesi/share/tesi/environment/path.dsv
[8.991s] -- Up-to-date symlink: /home/ws/install/tesi/share/tesi/local_setup.bash
[8.991s] -- Up-to-date symlink: /home/ws/install/tesi/share/tesi/local_setup.sh
[8.992s] -- Up-to-date symlink: /home/ws/install/tesi/share/tesi/local_setup.zsh
[8.993s] -- Up-to-date symlink: /home/ws/install/tesi/share/tesi/local_setup.dsv
[8.994s] -- Symlinking: /home/ws/install/tesi/share/tesi/package.dsv
[9.063s] -- Up-to-date symlink: /home/ws/install/tesi/share/ament_index/resource_index/packages/tesi
[9.064s] -- Up-to-date symlink: /home/ws/install/tesi/share/tesi/cmake/tesiConfig.cmake
[9.065s] -- Up-to-date symlink: /home/ws/install/tesi/share/tesi/cmake/tesiConfig-version.cmake
[9.065s] -- Up-to-date symlink: /home/ws/install/tesi/share/tesi/package.xml
[9.072s] Invoked command in '/home/ws/build/tesi' returned '0': CMAKE_PREFIX_PATH=/opt/ros/humble /usr/bin/cmake --install /home/ws/build/tesi
