In file included from [01m[K/usr/include/x86_64-linux-gnu/c++/11/bits/c++allocator.h:33[m[K,
                 from [01m[K/usr/include/c++/11/bits/allocator.h:46[m[K,
                 from [01m[K/usr/include/c++/11/memory:64[m[K,
                 from [01m[K/home/ws/src/tesi/src/octo_benchmark.cpp:1[m[K:
/usr/include/c++/11/ext/new_allocator.h: In instantiation of ‘[01m[Kvoid __gnu_cxx::new_allocator<_Tp>::construct(_Up*, _Args&& ...) [with _Up = ompl::base::ProblemDefinition; _Args = {ompl::geometric::SimpleSetup&}; _Tp = ompl::base::ProblemDefinition][m[K’:
[01m[K/usr/include/c++/11/bits/alloc_traits.h:516:17:[m[K   required from ‘[01m[Kstatic void std::allocator_traits<std::allocator<_Tp1> >::construct(std::allocator_traits<std::allocator<_Tp1> >::allocator_type&, _Up*, _Args&& ...) [with _Up = ompl::base::ProblemDefinition; _Args = {ompl::geometric::SimpleSetup&}; _Tp = ompl::base::ProblemDefinition; std::allocator_traits<std::allocator<_Tp1> >::allocator_type = std::allocator<ompl::base::ProblemDefinition>][m[K’
[01m[K/usr/include/c++/11/bits/shared_ptr_base.h:519:39:[m[K   required from ‘[01m[Kstd::_Sp_counted_ptr_inplace<_Tp, _Alloc, _Lp>::_Sp_counted_ptr_inplace(_Alloc, _Args&& ...) [with _Args = {ompl::geometric::SimpleSetup&}; _Tp = ompl::base::ProblemDefinition; _Alloc = std::allocator<ompl::base::ProblemDefinition>; __gnu_cxx::_Lock_policy _Lp = __gnu_cxx::_S_atomic][m[K’
[01m[K/usr/include/c++/11/bits/shared_ptr_base.h:650:16:[m[K   required from ‘[01m[Kstd::__shared_count<_Lp>::__shared_count(_Tp*&, std::_Sp_alloc_shared_tag<_Alloc>, _Args&& ...) [with _Tp = ompl::base::ProblemDefinition; _Alloc = std::allocator<ompl::base::ProblemDefinition>; _Args = {ompl::geometric::SimpleSetup&}; __gnu_cxx::_Lock_policy _Lp = __gnu_cxx::_S_atomic][m[K’
[01m[K/usr/include/c++/11/bits/shared_ptr_base.h:1342:14:[m[K   required from ‘[01m[Kstd::__shared_ptr<_Tp, _Lp>::__shared_ptr(std::_Sp_alloc_shared_tag<_Tp>, _Args&& ...) [with _Alloc = std::allocator<ompl::base::ProblemDefinition>; _Args = {ompl::geometric::SimpleSetup&}; _Tp = ompl::base::ProblemDefinition; __gnu_cxx::_Lock_policy _Lp = __gnu_cxx::_S_atomic][m[K’
[01m[K/usr/include/c++/11/bits/shared_ptr.h:409:59:[m[K   required from ‘[01m[Kstd::shared_ptr<_Tp>::shared_ptr(std::_Sp_alloc_shared_tag<_Tp>, _Args&& ...) [with _Alloc = std::allocator<ompl::base::ProblemDefinition>; _Args = {ompl::geometric::SimpleSetup&}; _Tp = ompl::base::ProblemDefinition][m[K’
[01m[K/usr/include/c++/11/bits/shared_ptr.h:862:14:[m[K   required from ‘[01m[Kstd::shared_ptr<_Tp> std::allocate_shared(const _Alloc&, _Args&& ...) [with _Tp = ompl::base::ProblemDefinition; _Alloc = std::allocator<ompl::base::ProblemDefinition>; _Args = {ompl::geometric::SimpleSetup&}][m[K’
[01m[K/usr/include/c++/11/bits/shared_ptr.h:878:39:[m[K   required from ‘[01m[Kstd::shared_ptr<_Tp> std::make_shared(_Args&& ...) [with _Tp = ompl::base::ProblemDefinition; _Args = {ompl::geometric::SimpleSetup&}][m[K’
[01m[K/home/ws/src/tesi/src/octo_benchmark.cpp:100:62:[m[K   required from here
[01m[K/usr/include/c++/11/ext/new_allocator.h:162:11:[m[K [01;31m[Kerror: [m[Kno matching function for call to ‘[01m[Kompl::base::ProblemDefinition::ProblemDefinition(ompl::geometric::SimpleSetup&)[m[K’
  162 |         { [01;31m[K::new((void *)__p) _Up(std::forward<_Args>(__args)...)[m[K; }
      |           [01;31m[K^~~~~~~~~~~~~~~~~~~~~~~~~~~~~~~~~~~~~~~~~~~~~~~~~~~~~~[m[K
In file included from [01m[K/usr/include/ompl-1.5/ompl/base/Planner.h:41[m[K,
                 from [01m[K/usr/include/ompl-1.5/ompl/geometric/SimpleSetup.h:40[m[K,
                 from [01m[K/home/ws/src/tesi/src/octo_benchmark.cpp:10[m[K:
[01m[K/usr/include/ompl-1.5/ompl/base/ProblemDefinition.h:160:13:[m[K [01;36m[Knote: [m[Kcandidate: ‘[01m[Kompl::base::ProblemDefinition::ProblemDefinition(ompl::base::SpaceInformationPtr)[m[K’
  160 |             [01;36m[KProblemDefinition[m[K(SpaceInformationPtr si);
      |             [01;36m[K^~~~~~~~~~~~~~~~~[m[K
[01m[K/usr/include/ompl-1.5/ompl/base/ProblemDefinition.h:160:51:[m[K [01;36m[Knote: [m[K  no known conversion for argument 1 from ‘[01m[Kompl::geometric::SimpleSetup[m[K’ to ‘[01m[Kompl::base::SpaceInformationPtr[m[K’ {aka ‘[01m[Kstd::shared_ptr<ompl::base::SpaceInformation>[m[K’}
  160 |             ProblemDefinition([01;36m[KSpaceInformationPtr si[m[K);
      |                               [01;36m[K~~~~~~~~~~~~~~~~~~~~^~[m[K
gmake[2]: *** [CMakeFiles/octo_benchmark.dir/build.make:76: CMakeFiles/octo_benchmark.dir/tesi/src/octo_benchmark.cpp.o] Error 1
gmake[1]: *** [CMakeFiles/Makefile2:193: CMakeFiles/octo_benchmark.dir/all] Error 2
gmake: *** [Makefile:146: all] Error 2
