[0.011s] Invoking command in '/home/ws/build/tesi': CMAKE_PREFIX_PATH=/opt/ros/humble /usr/bin/cmake --build /home/ws/build/tesi -- -j12 -l12
[0.059s] [35m[1mConsolidate compiler generated dependencies of target octo_planner[0m
[0.077s] [ 33%] Built target octo_publisher
[0.085s] [ 50%] [32mBuilding CXX object CMakeFiles/octo_planner.dir/tesi/src/octo_planner.cpp.o[0m
[0.091s] [ 83%] Built target octo_benchmark
[16.236s] [100%] [32m[1mLinking CXX executable octo_planner[0m
[17.717s] [100%] Built target octo_planner
[17.732s] Invoked command in '/home/ws/build/tesi' returned '0': CMAKE_PREFIX_PATH=/opt/ros/humble /usr/bin/cmake --build /home/ws/build/tesi -- -j12 -l12
[17.772s] Invoking command in '/home/ws/build/tesi': CMAKE_PREFIX_PATH=/opt/ros/humble /usr/bin/cmake --install /home/ws/build/tesi
[17.780s] -- Install configuration: ""
[17.780s] -- Execute custom install script
[17.780s] -- Up-to-date symlink: /home/ws/install/tesi/lib/tesi/octo_publisher
[17.780s] -- Up-to-date symlink: /home/ws/install/tesi/lib/tesi/octo_planner
[17.781s] -- Up-to-date symlink: /home/ws/install/tesi/lib/tesi/octo_benchmark
[17.781s] -- Up-to-date symlink: /home/ws/install/tesi/share/ament_index/resource_index/package_run_dependencies/tesi
[17.781s] -- Up-to-date symlink: /home/ws/install/tesi/share/ament_index/resource_index/parent_prefix_path/tesi
[17.781s] -- Up-to-date symlink: /home/ws/install/tesi/share/tesi/environment/ament_prefix_path.sh
[17.781s] -- Up-to-date symlink: /home/ws/install/tesi/share/tesi/environment/ament_prefix_path.dsv
[17.781s] -- Up-to-date symlink: /home/ws/install/tesi/share/tesi/environment/path.sh
[17.781s] -- Up-to-date symlink: /home/ws/install/tesi/share/tesi/environment/path.dsv
[17.781s] -- Up-to-date symlink: /home/ws/install/tesi/share/tesi/local_setup.bash
[17.782s] -- Up-to-date symlink: /home/ws/install/tesi/share/tesi/local_setup.sh
[17.782s] -- Up-to-date symlink: /home/ws/install/tesi/share/tesi/local_setup.zsh
[17.782s] -- Up-to-date symlink: /home/ws/install/tesi/share/tesi/local_setup.dsv
[17.782s] -- Symlinking: /home/ws/install/tesi/share/tesi/package.dsv
[17.793s] -- Up-to-date symlink: /home/ws/install/tesi/share/ament_index/resource_index/packages/tesi
[17.793s] -- Up-to-date symlink: /home/ws/install/tesi/share/tesi/cmake/tesiConfig.cmake
[17.794s] -- Up-to-date symlink: /home/ws/install/tesi/share/tesi/cmake/tesiConfig-version.cmake
[17.794s] -- Up-to-date symlink: /home/ws/install/tesi/share/tesi/package.xml
[17.796s] Invoked command in '/home/ws/build/tesi' returned '0': CMAKE_PREFIX_PATH=/opt/ros/humble /usr/bin/cmake --install /home/ws/build/tesi
