[0.010s] Invoking command in '/home/ws/build/tesi': CMAKE_PREFIX_PATH=/opt/ros/humble /usr/bin/cmake --build /home/ws/build/tesi -- -j12 -l12
[0.070s] [35m[1mConsolidate compiler generated dependencies of target octo_planner[0m
[0.088s] [ 33%] Built target octo_publisher
[0.093s] [ 50%] [32mBuilding CXX object CMakeFiles/octo_planner.dir/tesi/src/octo_planner.cpp.o[0m
[0.094s] [ 83%] Built target octo_benchmark
[17.214s] [100%] [32m[1mLinking CXX executable octo_planner[0m
[18.503s] [100%] Built target octo_planner
[18.513s] Invoked command in '/home/ws/build/tesi' returned '0': CMAKE_PREFIX_PATH=/opt/ros/humble /usr/bin/cmake --build /home/ws/build/tesi -- -j12 -l12
[18.556s] Invoking command in '/home/ws/build/tesi': CMAKE_PREFIX_PATH=/opt/ros/humble /usr/bin/cmake --install /home/ws/build/tesi
[18.564s] -- Install configuration: ""
[18.564s] -- Execute custom install script
[18.564s] -- Up-to-date symlink: /home/ws/install/tesi/lib/tesi/octo_publisher
[18.564s] -- Up-to-date symlink: /home/ws/install/tesi/lib/tesi/octo_planner
[18.564s] -- Up-to-date symlink: /home/ws/install/tesi/lib/tesi/octo_benchmark
[18.565s] -- Up-to-date symlink: /home/ws/install/tesi/share/ament_index/resource_index/package_run_dependencies/tesi
[18.565s] -- Up-to-date symlink: /home/ws/install/tesi/share/ament_index/resource_index/parent_prefix_path/tesi
[18.565s] -- Up-to-date symlink: /home/ws/install/tesi/share/tesi/environment/ament_prefix_path.sh
[18.565s] -- Up-to-date symlink: /home/ws/install/tesi/share/tesi/environment/ament_prefix_path.dsv
[18.565s] -- Up-to-date symlink: /home/ws/install/tesi/share/tesi/environment/path.sh
[18.565s] -- Up-to-date symlink: /home/ws/install/tesi/share/tesi/environment/path.dsv
[18.565s] -- Up-to-date symlink: /home/ws/install/tesi/share/tesi/local_setup.bash
[18.565s] -- Up-to-date symlink: /home/ws/install/tesi/share/tesi/local_setup.sh
[18.566s] -- Up-to-date symlink: /home/ws/install/tesi/share/tesi/local_setup.zsh
[18.566s] -- Up-to-date symlink: /home/ws/install/tesi/share/tesi/local_setup.dsv
[18.566s] -- Symlinking: /home/ws/install/tesi/share/tesi/package.dsv
[18.579s] -- Up-to-date symlink: /home/ws/install/tesi/share/ament_index/resource_index/packages/tesi
[18.579s] -- Up-to-date symlink: /home/ws/install/tesi/share/tesi/cmake/tesiConfig.cmake
[18.579s] -- Up-to-date symlink: /home/ws/install/tesi/share/tesi/cmake/tesiConfig-version.cmake
[18.580s] -- Up-to-date symlink: /home/ws/install/tesi/share/tesi/package.xml
[18.583s] Invoked command in '/home/ws/build/tesi' returned '0': CMAKE_PREFIX_PATH=/opt/ros/humble /usr/bin/cmake --install /home/ws/build/tesi
