[0.027s] Invoking command in '/home/ws/build/tesi': CMAKE_PREFIX_PATH=/opt/ros/humble /usr/bin/cmake --build /home/ws/build/tesi -- -j12 -l12
[0.137s] [35m[1mConsolidate compiler generated dependencies of target octo_planner[0m
[0.162s] [ 33%] Built target octo_publisher
[0.166s] [ 66%] Built target octo_benchmark
[0.215s] [ 83%] [32mBuilding CXX object CMakeFiles/octo_planner.dir/tesi/src/octo_planner.cpp.o[0m
[27.778s] [100%] [32m[1mLinking CXX executable octo_planner[0m
[29.442s] [100%] Built target octo_planner
[29.466s] Invoked command in '/home/ws/build/tesi' returned '0': CMAKE_PREFIX_PATH=/opt/ros/humble /usr/bin/cmake --build /home/ws/build/tesi -- -j12 -l12
[29.541s] Invoking command in '/home/ws/build/tesi': CMAKE_PREFIX_PATH=/opt/ros/humble /usr/bin/cmake --install /home/ws/build/tesi
[29.553s] -- Install configuration: ""
[29.553s] -- Execute custom install script
[29.554s] -- Up-to-date symlink: /home/ws/install/tesi/lib/tesi/octo_publisher
[29.554s] -- Up-to-date symlink: /home/ws/install/tesi/lib/tesi/octo_planner
[29.555s] -- Up-to-date symlink: /home/ws/install/tesi/lib/tesi/octo_benchmark
[29.555s] -- Up-to-date symlink: /home/ws/install/tesi/share/ament_index/resource_index/package_run_dependencies/tesi
[29.555s] -- Up-to-date symlink: /home/ws/install/tesi/share/ament_index/resource_index/parent_prefix_path/tesi
[29.556s] -- Up-to-date symlink: /home/ws/install/tesi/share/tesi/environment/ament_prefix_path.sh
[29.556s] -- Up-to-date symlink: /home/ws/install/tesi/share/tesi/environment/ament_prefix_path.dsv
[29.557s] -- Up-to-date symlink: /home/ws/install/tesi/share/tesi/environment/path.sh
[29.557s] -- Up-to-date symlink: /home/ws/install/tesi/share/tesi/environment/path.dsv
[29.557s] -- Up-to-date symlink: /home/ws/install/tesi/share/tesi/local_setup.bash
[29.557s] -- Up-to-date symlink: /home/ws/install/tesi/share/tesi/local_setup.sh
[29.558s] -- Up-to-date symlink: /home/ws/install/tesi/share/tesi/local_setup.zsh
[29.558s] -- Up-to-date symlink: /home/ws/install/tesi/share/tesi/local_setup.dsv
[29.558s] -- Symlinking: /home/ws/install/tesi/share/tesi/package.dsv
[29.575s] -- Up-to-date symlink: /home/ws/install/tesi/share/ament_index/resource_index/packages/tesi
[29.575s] -- Up-to-date symlink: /home/ws/install/tesi/share/tesi/cmake/tesiConfig.cmake
[29.575s] -- Up-to-date symlink: /home/ws/install/tesi/share/tesi/cmake/tesiConfig-version.cmake
[29.575s] -- Up-to-date symlink: /home/ws/install/tesi/share/tesi/package.xml
[29.579s] Invoked command in '/home/ws/build/tesi' returned '0': CMAKE_PREFIX_PATH=/opt/ros/humble /usr/bin/cmake --install /home/ws/build/tesi
