[01m[K/home/ws/src/tesi/src/octo_benchmark.cpp:[m[K In member function ‘[01m[Kvoid OctoPlanner::octo_callback(const Octomap&)[m[K’:
[01m[K/home/ws/src/tesi/src/octo_benchmark.cpp:139:37:[m[K [01;31m[Kerror: [m[Kcannot convert ‘[01m[KOctoPlanner::octo_callback(const Octomap&)::<lambda(const PlannerPtr&, ompl::tools::Benchmark::RunProperties&)>[m[K’ to ‘[01m[Kconst string&[m[K’ {aka ‘[01m[Kconst std::__cxx11::basic_string<char>&[m[K’}
  139 |             [01;31m[Kb.addExperimentParameter("clearance", "REAL", [&](const ob::PlannerPtr &planner, ot::Benchmark::RunProperties &run)[m[K
      |             [01;31m[K~~~~~~~~~~~~~~~~~~~~~~~~^~~~~~~~~~~~~~~~~~~~~~~~~~~~~~~~~~~~~~~~~~~~~~~~~~~~~~~~~~~~~~~~~~~~~~~~~~~~~~~~~~~~~~~~~~~[m[K
  140 | [01;31m[K            {[m[K
      |             [01;31m[K~[m[K                        
  141 | [01;31m[K                auto *path = planner->getProblemDefinition()->getSolutionPath()->as<og::PathGeometric>();[m[K
      |                 [01;31m[K~~~~~~~~~~~~~~~~~~~~~~~~~~~~~~~~~~~~~~~~~~~~~~~~~~~~~~~~~~~~~~~~~~~~~~~~~~~~~~~~~~~~~~~~~[m[K
  142 | [01;31m[K                double minClearance = std::numeric_limits<double>::max();[m[K
      |                 [01;31m[K~~~~~~~~~~~~~~~~~~~~~~~~~~~~~~~~~~~~~~~~~~~~~~~~~~~~~~~~~[m[K
  143 | 
      |                                      
  144 | [01;31m[K                for ( auto &state : path->getStates()) {[m[K
      |                 [01;31m[K~~~~~~~~~~~~~~~~~~~~~~~~~~~~~~~~~~~~~~~~[m[K
  145 | [01;31m[K                    double clearance = calculateClearance(state, distmap);[m[K
      |                     [01;31m[K~~~~~~~~~~~~~~~~~~~~~~~~~~~~~~~~~~~~~~~~~~~~~~~~~~~~~~[m[K
  146 | [01;31m[K                    if (clearance < minClearance)[m[K
      |                     [01;31m[K~~~~~~~~~~~~~~~~~~~~~~~~~~~~~[m[K
  147 | [01;31m[K                        minClearance = clearance;[m[K
      |                         [01;31m[K~~~~~~~~~~~~~~~~~~~~~~~~~[m[K
  148 | [01;31m[K                }[m[K
      |                 [01;31m[K~[m[K                    
  149 | 
      |                                      
  150 | [01;31m[K                run["clearance REAL"] = std::to_string(minClearance); // Salva la clearance minima[m[K
      |                 [01;31m[K~~~~~~~~~~~~~~~~~~~~~~~~~~~~~~~~~~~~~~~~~~~~~~~~~~~~~~~~~~~~~~~~~~~~~~~~~~~~~~~~~~[m[K
  151 | [01;31m[K            })[m[K;
      |             [01;31m[K~~[m[K                       
In file included from [01m[K/home/ws/src/tesi/src/octo_benchmark.cpp:18[m[K:
[01m[K/usr/include/ompl-1.5/ompl/tools/benchmark/Benchmark.h:218:110:[m[K [01;36m[Knote: [m[K  initializing argument 3 of ‘[01m[Kvoid ompl::tools::Benchmark::addExperimentParameter(const string&, const string&, const string&)[m[K’
  218 |             void addExperimentParameter(const std::string &name, const std::string &type, [01;36m[Kconst std::string &value[m[K)
      |                                                                                           [01;36m[K~~~~~~~~~~~~~~~~~~~^~~~~[m[K
gmake[2]: *** [CMakeFiles/octo_benchmark.dir/build.make:76: CMakeFiles/octo_benchmark.dir/tesi/src/octo_benchmark.cpp.o] Error 1
gmake[1]: *** [CMakeFiles/Makefile2:193: CMakeFiles/octo_benchmark.dir/all] Error 2
gmake: *** [Makefile:146: all] Error 2
