[0.012s] Invoking command in '/home/ws/build/tesi': CMAKE_PREFIX_PATH=/opt/ros/humble /usr/bin/cmake --build /home/ws/build/tesi -- -j12 -l12
[0.067s] [35m[1mConsolidate compiler generated dependencies of target octo_planner[0m
[0.081s] [ 50%] Built target octo_publisher
[0.097s] [ 75%] [32mBuilding CXX object CMakeFiles/octo_planner.dir/tesi/src/octo_planner.cpp.o[0m
[12.066s] [100%] [32m[1mLinking CXX executable octo_planner[0m
[12.679s] [100%] Built target octo_planner
[12.692s] Invoked command in '/home/ws/build/tesi' returned '0': CMAKE_PREFIX_PATH=/opt/ros/humble /usr/bin/cmake --build /home/ws/build/tesi -- -j12 -l12
[12.732s] Invoking command in '/home/ws/build/tesi': CMAKE_PREFIX_PATH=/opt/ros/humble /usr/bin/cmake --install /home/ws/build/tesi
[12.740s] -- Install configuration: ""
[12.741s] -- Execute custom install script
[12.741s] -- Up-to-date symlink: /home/ws/install/tesi/lib/tesi/octo_publisher
[12.742s] -- Up-to-date symlink: /home/ws/install/tesi/lib/tesi/octo_planner
[12.742s] -- Up-to-date symlink: /home/ws/install/tesi/share/ament_index/resource_index/package_run_dependencies/tesi
[12.742s] -- Up-to-date symlink: /home/ws/install/tesi/share/ament_index/resource_index/parent_prefix_path/tesi
[12.742s] -- Up-to-date symlink: /home/ws/install/tesi/share/tesi/environment/ament_prefix_path.sh
[12.743s] -- Up-to-date symlink: /home/ws/install/tesi/share/tesi/environment/ament_prefix_path.dsv
[12.743s] -- Up-to-date symlink: /home/ws/install/tesi/share/tesi/environment/path.sh
[12.743s] -- Up-to-date symlink: /home/ws/install/tesi/share/tesi/environment/path.dsv
[12.743s] -- Up-to-date symlink: /home/ws/install/tesi/share/tesi/local_setup.bash
[12.743s] -- Up-to-date symlink: /home/ws/install/tesi/share/tesi/local_setup.sh
[12.744s] -- Up-to-date symlink: /home/ws/install/tesi/share/tesi/local_setup.zsh
[12.744s] -- Up-to-date symlink: /home/ws/install/tesi/share/tesi/local_setup.dsv
[12.744s] -- Symlinking: /home/ws/install/tesi/share/tesi/package.dsv
[12.754s] -- Up-to-date symlink: /home/ws/install/tesi/share/ament_index/resource_index/packages/tesi
[12.755s] -- Up-to-date symlink: /home/ws/install/tesi/share/tesi/cmake/tesiConfig.cmake
[12.755s] -- Up-to-date symlink: /home/ws/install/tesi/share/tesi/cmake/tesiConfig-version.cmake
[12.755s] -- Up-to-date symlink: /home/ws/install/tesi/share/tesi/package.xml
[12.756s] Invoked command in '/home/ws/build/tesi' returned '0': CMAKE_PREFIX_PATH=/opt/ros/humble /usr/bin/cmake --install /home/ws/build/tesi
