[0.009s] Invoking command in '/home/ws/build/tesi': CMAKE_PREFIX_PATH=/opt/ros/humble /usr/bin/cmake --build /home/ws/build/tesi -- -j12 -l12
[0.049s] [35m[1mConsolidate compiler generated dependencies of target octo_planner[0m
[0.060s] [ 33%] Built target octo_publisher
[0.071s] [ 50%] [32mBuilding CXX object CMakeFiles/octo_planner.dir/tesi/src/octo_planner.cpp.o[0m
[0.073s] [ 83%] Built target octo_benchmark
[15.087s] [100%] [32m[1mLinking CXX executable octo_planner[0m
[16.515s] [100%] Built target octo_planner
[16.526s] Invoked command in '/home/ws/build/tesi' returned '0': CMAKE_PREFIX_PATH=/opt/ros/humble /usr/bin/cmake --build /home/ws/build/tesi -- -j12 -l12
[16.573s] Invoking command in '/home/ws/build/tesi': CMAKE_PREFIX_PATH=/opt/ros/humble /usr/bin/cmake --install /home/ws/build/tesi
[16.583s] -- Install configuration: ""
[16.583s] -- Execute custom install script
[16.583s] -- Up-to-date symlink: /home/ws/install/tesi/lib/tesi/octo_publisher
[16.583s] -- Up-to-date symlink: /home/ws/install/tesi/lib/tesi/octo_planner
[16.583s] -- Up-to-date symlink: /home/ws/install/tesi/lib/tesi/octo_benchmark
[16.583s] -- Up-to-date symlink: /home/ws/install/tesi/share/ament_index/resource_index/package_run_dependencies/tesi
[16.584s] -- Up-to-date symlink: /home/ws/install/tesi/share/ament_index/resource_index/parent_prefix_path/tesi
[16.584s] -- Up-to-date symlink: /home/ws/install/tesi/share/tesi/environment/ament_prefix_path.sh
[16.584s] -- Up-to-date symlink: /home/ws/install/tesi/share/tesi/environment/ament_prefix_path.dsv
[16.584s] -- Up-to-date symlink: /home/ws/install/tesi/share/tesi/environment/path.sh
[16.584s] -- Up-to-date symlink: /home/ws/install/tesi/share/tesi/environment/path.dsv
[16.584s] -- Up-to-date symlink: /home/ws/install/tesi/share/tesi/local_setup.bash
[16.584s] -- Up-to-date symlink: /home/ws/install/tesi/share/tesi/local_setup.sh
[16.584s] -- Up-to-date symlink: /home/ws/install/tesi/share/tesi/local_setup.zsh
[16.585s] -- Up-to-date symlink: /home/ws/install/tesi/share/tesi/local_setup.dsv
[16.585s] -- Symlinking: /home/ws/install/tesi/share/tesi/package.dsv
[16.594s] -- Up-to-date symlink: /home/ws/install/tesi/share/ament_index/resource_index/packages/tesi
[16.594s] -- Up-to-date symlink: /home/ws/install/tesi/share/tesi/cmake/tesiConfig.cmake
[16.594s] -- Up-to-date symlink: /home/ws/install/tesi/share/tesi/cmake/tesiConfig-version.cmake
[16.594s] -- Up-to-date symlink: /home/ws/install/tesi/share/tesi/package.xml
[16.597s] Invoked command in '/home/ws/build/tesi' returned '0': CMAKE_PREFIX_PATH=/opt/ros/humble /usr/bin/cmake --install /home/ws/build/tesi
