[0.013s] Invoking command in '/home/ws/build/tesi': CMAKE_PREFIX_PATH=/opt/ros/humble /usr/bin/cmake --build /home/ws/build/tesi -- -j12 -l12
[0.065s] [35m[1mConsolidate compiler generated dependencies of target octo_planner[0m
[0.079s] [ 50%] Built target octo_publisher
[0.089s] [ 75%] [32mBuilding CXX object CMakeFiles/octo_planner.dir/tesi/src/octo_planner.cpp.o[0m
[11.019s] [100%] [32m[1mLinking CXX executable octo_planner[0m
[11.593s] [100%] Built target octo_planner
[11.603s] Invoked command in '/home/ws/build/tesi' returned '0': CMAKE_PREFIX_PATH=/opt/ros/humble /usr/bin/cmake --build /home/ws/build/tesi -- -j12 -l12
[11.642s] Invoking command in '/home/ws/build/tesi': CMAKE_PREFIX_PATH=/opt/ros/humble /usr/bin/cmake --install /home/ws/build/tesi
[11.648s] -- Install configuration: ""
[11.649s] -- Execute custom install script
[11.649s] -- Up-to-date symlink: /home/ws/install/tesi/lib/tesi/octo_publisher
[11.649s] -- Up-to-date symlink: /home/ws/install/tesi/lib/tesi/octo_planner
[11.650s] -- Up-to-date symlink: /home/ws/install/tesi/share/ament_index/resource_index/package_run_dependencies/tesi
[11.650s] -- Up-to-date symlink: /home/ws/install/tesi/share/ament_index/resource_index/parent_prefix_path/tesi
[11.650s] -- Up-to-date symlink: /home/ws/install/tesi/share/tesi/environment/ament_prefix_path.sh
[11.650s] -- Up-to-date symlink: /home/ws/install/tesi/share/tesi/environment/ament_prefix_path.dsv
[11.651s] -- Up-to-date symlink: /home/ws/install/tesi/share/tesi/environment/path.sh
[11.651s] -- Up-to-date symlink: /home/ws/install/tesi/share/tesi/environment/path.dsv
[11.651s] -- Up-to-date symlink: /home/ws/install/tesi/share/tesi/local_setup.bash
[11.651s] -- Up-to-date symlink: /home/ws/install/tesi/share/tesi/local_setup.sh
[11.652s] -- Up-to-date symlink: /home/ws/install/tesi/share/tesi/local_setup.zsh
[11.652s] -- Up-to-date symlink: /home/ws/install/tesi/share/tesi/local_setup.dsv
[11.652s] -- Symlinking: /home/ws/install/tesi/share/tesi/package.dsv
[11.663s] -- Up-to-date symlink: /home/ws/install/tesi/share/ament_index/resource_index/packages/tesi
[11.663s] -- Up-to-date symlink: /home/ws/install/tesi/share/tesi/cmake/tesiConfig.cmake
[11.664s] -- Up-to-date symlink: /home/ws/install/tesi/share/tesi/cmake/tesiConfig-version.cmake
[11.664s] -- Up-to-date symlink: /home/ws/install/tesi/share/tesi/package.xml
[11.666s] Invoked command in '/home/ws/build/tesi' returned '0': CMAKE_PREFIX_PATH=/opt/ros/humble /usr/bin/cmake --install /home/ws/build/tesi
