[0.010s] Invoking command in '/home/ws/build/tesi': CMAKE_PREFIX_PATH=/opt/ros/humble /usr/bin/cmake --build /home/ws/build/tesi -- -j12 -l12
[0.046s] [35m[1mConsolidate compiler generated dependencies of target octo_benchmark[0m
[0.053s] [ 33%] Built target octo_publisher
[0.054s] [ 66%] Built target octo_planner
[0.068s] [ 83%] [32mBuilding CXX object CMakeFiles/octo_benchmark.dir/tesi/src/octo_benchmark.cpp.o[0m
[12.079s] [100%] [32m[1mLinking CXX executable octo_benchmark[0m
[12.551s] [100%] Built target octo_benchmark
[12.559s] Invoked command in '/home/ws/build/tesi' returned '0': CMAKE_PREFIX_PATH=/opt/ros/humble /usr/bin/cmake --build /home/ws/build/tesi -- -j12 -l12
[12.588s] Invoking command in '/home/ws/build/tesi': CMAKE_PREFIX_PATH=/opt/ros/humble /usr/bin/cmake --install /home/ws/build/tesi
[12.593s] -- Install configuration: ""
[12.594s] -- Execute custom install script
[12.594s] -- Up-to-date symlink: /home/ws/install/tesi/lib/tesi/octo_publisher
[12.594s] -- Up-to-date symlink: /home/ws/install/tesi/lib/tesi/octo_planner
[12.594s] -- Up-to-date symlink: /home/ws/install/tesi/lib/tesi/octo_benchmark
[12.595s] -- Up-to-date symlink: /home/ws/install/tesi/share/ament_index/resource_index/package_run_dependencies/tesi
[12.595s] -- Up-to-date symlink: /home/ws/install/tesi/share/ament_index/resource_index/parent_prefix_path/tesi
[12.595s] -- Up-to-date symlink: /home/ws/install/tesi/share/tesi/environment/ament_prefix_path.sh
[12.595s] -- Up-to-date symlink: /home/ws/install/tesi/share/tesi/environment/ament_prefix_path.dsv
[12.595s] -- Up-to-date symlink: /home/ws/install/tesi/share/tesi/environment/path.sh
[12.596s] -- Up-to-date symlink: /home/ws/install/tesi/share/tesi/environment/path.dsv
[12.596s] -- Up-to-date symlink: /home/ws/install/tesi/share/tesi/local_setup.bash
[12.596s] -- Up-to-date symlink: /home/ws/install/tesi/share/tesi/local_setup.sh
[12.596s] -- Up-to-date symlink: /home/ws/install/tesi/share/tesi/local_setup.zsh
[12.596s] -- Up-to-date symlink: /home/ws/install/tesi/share/tesi/local_setup.dsv
[12.596s] -- Symlinking: /home/ws/install/tesi/share/tesi/package.dsv
[12.603s] -- Up-to-date symlink: /home/ws/install/tesi/share/ament_index/resource_index/packages/tesi
[12.604s] -- Up-to-date symlink: /home/ws/install/tesi/share/tesi/cmake/tesiConfig.cmake
[12.604s] -- Up-to-date symlink: /home/ws/install/tesi/share/tesi/cmake/tesiConfig-version.cmake
[12.604s] -- Up-to-date symlink: /home/ws/install/tesi/share/tesi/package.xml
[12.606s] Invoked command in '/home/ws/build/tesi' returned '0': CMAKE_PREFIX_PATH=/opt/ros/humble /usr/bin/cmake --install /home/ws/build/tesi
