[0.009s] Invoking command in '/home/ws/build/tesi': CMAKE_PREFIX_PATH=/opt/ros/humble /usr/bin/cmake --build /home/ws/build/tesi -- -j12 -l12
[0.046s] [35m[1mConsolidate compiler generated dependencies of target octo_benchmark[0m
[0.055s] [ 66%] Built target octo_publisher
[0.055s] [ 66%] Built target octo_planner
[0.070s] [ 83%] [32mBuilding CXX object CMakeFiles/octo_benchmark.dir/tesi/src/octo_benchmark.cpp.o[0m
[12.773s] [100%] [32m[1mLinking CXX executable octo_benchmark[0m
[13.313s] [100%] Built target octo_benchmark
[13.321s] Invoked command in '/home/ws/build/tesi' returned '0': CMAKE_PREFIX_PATH=/opt/ros/humble /usr/bin/cmake --build /home/ws/build/tesi -- -j12 -l12
[13.350s] Invoking command in '/home/ws/build/tesi': CMAKE_PREFIX_PATH=/opt/ros/humble /usr/bin/cmake --install /home/ws/build/tesi
[13.356s] -- Install configuration: ""
[13.356s] -- Execute custom install script
[13.356s] -- Up-to-date symlink: /home/ws/install/tesi/lib/tesi/octo_publisher
[13.356s] -- Up-to-date symlink: /home/ws/install/tesi/lib/tesi/octo_planner
[13.356s] -- Up-to-date symlink: /home/ws/install/tesi/lib/tesi/octo_benchmark
[13.356s] -- Up-to-date symlink: /home/ws/install/tesi/share/ament_index/resource_index/package_run_dependencies/tesi
[13.357s] -- Up-to-date symlink: /home/ws/install/tesi/share/ament_index/resource_index/parent_prefix_path/tesi
[13.357s] -- Up-to-date symlink: /home/ws/install/tesi/share/tesi/environment/ament_prefix_path.sh
[13.357s] -- Up-to-date symlink: /home/ws/install/tesi/share/tesi/environment/ament_prefix_path.dsv
[13.357s] -- Up-to-date symlink: /home/ws/install/tesi/share/tesi/environment/path.sh
[13.357s] -- Up-to-date symlink: /home/ws/install/tesi/share/tesi/environment/path.dsv
[13.357s] -- Up-to-date symlink: /home/ws/install/tesi/share/tesi/local_setup.bash
[13.357s] -- Up-to-date symlink: /home/ws/install/tesi/share/tesi/local_setup.sh
[13.357s] -- Up-to-date symlink: /home/ws/install/tesi/share/tesi/local_setup.zsh
[13.358s] -- Up-to-date symlink: /home/ws/install/tesi/share/tesi/local_setup.dsv
[13.358s] -- Symlinking: /home/ws/install/tesi/share/tesi/package.dsv
[13.366s] -- Up-to-date symlink: /home/ws/install/tesi/share/ament_index/resource_index/packages/tesi
[13.366s] -- Up-to-date symlink: /home/ws/install/tesi/share/tesi/cmake/tesiConfig.cmake
[13.366s] -- Up-to-date symlink: /home/ws/install/tesi/share/tesi/cmake/tesiConfig-version.cmake
[13.366s] -- Up-to-date symlink: /home/ws/install/tesi/share/tesi/package.xml
[13.368s] Invoked command in '/home/ws/build/tesi' returned '0': CMAKE_PREFIX_PATH=/opt/ros/humble /usr/bin/cmake --install /home/ws/build/tesi
