[0.010s] Invoking command in '/home/ws/build/tesi': CMAKE_PREFIX_PATH=/opt/ros/humble /usr/bin/cmake --build /home/ws/build/tesi -- -j12 -l12
[0.050s] [ 33%] Built target octo_publisher
[0.051s] [ 66%] Built target octo_planner
[0.058s] [ 83%] [32mBuilding CXX object CMakeFiles/octo_benchmark.dir/tesi/src/octo_benchmark.cpp.o[0m
[11.078s] [100%] [32m[1mLinking CXX executable octo_benchmark[0m
[11.550s] [100%] Built target octo_benchmark
[11.559s] Invoked command in '/home/ws/build/tesi' returned '0': CMAKE_PREFIX_PATH=/opt/ros/humble /usr/bin/cmake --build /home/ws/build/tesi -- -j12 -l12
[11.591s] Invoking command in '/home/ws/build/tesi': CMAKE_PREFIX_PATH=/opt/ros/humble /usr/bin/cmake --install /home/ws/build/tesi
[11.597s] -- Install configuration: ""
[11.597s] -- Execute custom install script
[11.597s] -- Up-to-date symlink: /home/ws/install/tesi/lib/tesi/octo_publisher
[11.597s] -- Up-to-date symlink: /home/ws/install/tesi/lib/tesi/octo_planner
[11.597s] -- Up-to-date symlink: /home/ws/install/tesi/lib/tesi/octo_benchmark
[11.597s] -- Up-to-date symlink: /home/ws/install/tesi/share/ament_index/resource_index/package_run_dependencies/tesi
[11.598s] -- Up-to-date symlink: /home/ws/install/tesi/share/ament_index/resource_index/parent_prefix_path/tesi
[11.598s] -- Up-to-date symlink: /home/ws/install/tesi/share/tesi/environment/ament_prefix_path.sh
[11.598s] -- Up-to-date symlink: /home/ws/install/tesi/share/tesi/environment/ament_prefix_path.dsv
[11.598s] -- Up-to-date symlink: /home/ws/install/tesi/share/tesi/environment/path.sh
[11.598s] -- Up-to-date symlink: /home/ws/install/tesi/share/tesi/environment/path.dsv
[11.598s] -- Up-to-date symlink: /home/ws/install/tesi/share/tesi/local_setup.bash
[11.598s] -- Up-to-date symlink: /home/ws/install/tesi/share/tesi/local_setup.sh
[11.598s] -- Up-to-date symlink: /home/ws/install/tesi/share/tesi/local_setup.zsh
[11.598s] -- Up-to-date symlink: /home/ws/install/tesi/share/tesi/local_setup.dsv
[11.599s] -- Symlinking: /home/ws/install/tesi/share/tesi/package.dsv
[11.606s] -- Up-to-date symlink: /home/ws/install/tesi/share/ament_index/resource_index/packages/tesi
[11.606s] -- Up-to-date symlink: /home/ws/install/tesi/share/tesi/cmake/tesiConfig.cmake
[11.606s] -- Up-to-date symlink: /home/ws/install/tesi/share/tesi/cmake/tesiConfig-version.cmake
[11.606s] -- Up-to-date symlink: /home/ws/install/tesi/share/tesi/package.xml
[11.609s] Invoked command in '/home/ws/build/tesi' returned '0': CMAKE_PREFIX_PATH=/opt/ros/humble /usr/bin/cmake --install /home/ws/build/tesi
