[0.013s] Invoking command in '/home/ws/build/tesi': CMAKE_PREFIX_PATH=/opt/ros/humble /usr/bin/cmake --build /home/ws/build/tesi -- -j12 -l12
[0.167s] [ 33%] Built target octo_planner
[0.169s] [35m[1mConsolidate compiler generated dependencies of target octo_benchmark[0m
[0.191s] [ 66%] Built target octo_publisher
[0.191s] [ 83%] [32mBuilding CXX object CMakeFiles/octo_benchmark.dir/tesi/src/octo_benchmark.cpp.o[0m
[13.058s] [100%] [32m[1mLinking CXX executable octo_benchmark[0m
[13.600s] [100%] Built target octo_benchmark
[13.610s] Invoked command in '/home/ws/build/tesi' returned '0': CMAKE_PREFIX_PATH=/opt/ros/humble /usr/bin/cmake --build /home/ws/build/tesi -- -j12 -l12
[13.635s] Invoking command in '/home/ws/build/tesi': CMAKE_PREFIX_PATH=/opt/ros/humble /usr/bin/cmake --install /home/ws/build/tesi
[13.641s] -- Install configuration: ""
[13.641s] -- Execute custom install script
[13.641s] -- Up-to-date symlink: /home/ws/install/tesi/lib/tesi/octo_publisher
[13.641s] -- Up-to-date symlink: /home/ws/install/tesi/lib/tesi/octo_planner
[13.641s] -- Up-to-date symlink: /home/ws/install/tesi/lib/tesi/octo_benchmark
[13.641s] -- Up-to-date symlink: /home/ws/install/tesi/share/ament_index/resource_index/package_run_dependencies/tesi
[13.641s] -- Up-to-date symlink: /home/ws/install/tesi/share/ament_index/resource_index/parent_prefix_path/tesi
[13.642s] -- Up-to-date symlink: /home/ws/install/tesi/share/tesi/environment/ament_prefix_path.sh
[13.642s] -- Up-to-date symlink: /home/ws/install/tesi/share/tesi/environment/ament_prefix_path.dsv
[13.642s] -- Up-to-date symlink: /home/ws/install/tesi/share/tesi/environment/path.sh
[13.642s] -- Up-to-date symlink: /home/ws/install/tesi/share/tesi/environment/path.dsv
[13.642s] -- Up-to-date symlink: /home/ws/install/tesi/share/tesi/local_setup.bash
[13.642s] -- Up-to-date symlink: /home/ws/install/tesi/share/tesi/local_setup.sh
[13.642s] -- Up-to-date symlink: /home/ws/install/tesi/share/tesi/local_setup.zsh
[13.642s] -- Up-to-date symlink: /home/ws/install/tesi/share/tesi/local_setup.dsv
[13.642s] -- Symlinking: /home/ws/install/tesi/share/tesi/package.dsv
[13.649s] -- Up-to-date symlink: /home/ws/install/tesi/share/ament_index/resource_index/packages/tesi
[13.649s] -- Up-to-date symlink: /home/ws/install/tesi/share/tesi/cmake/tesiConfig.cmake
[13.649s] -- Up-to-date symlink: /home/ws/install/tesi/share/tesi/cmake/tesiConfig-version.cmake
[13.650s] -- Up-to-date symlink: /home/ws/install/tesi/share/tesi/package.xml
[13.651s] Invoked command in '/home/ws/build/tesi' returned '0': CMAKE_PREFIX_PATH=/opt/ros/humble /usr/bin/cmake --install /home/ws/build/tesi
