[0.014s] Invoking command in '/home/ws/build/tesi': CMAKE_PREFIX_PATH=/opt/ros/humble /usr/bin/cmake --build /home/ws/build/tesi -- -j12 -l12
[0.083s] [35m[1mConsolidate compiler generated dependencies of target octo_benchmark[0m
[0.094s] [ 66%] Built target octo_publisher
[0.094s] [ 66%] Built target octo_planner
[0.123s] [ 83%] [32mBuilding CXX object CMakeFiles/octo_benchmark.dir/tesi/src/octo_benchmark.cpp.o[0m
[20.602s] [100%] [32m[1mLinking CXX executable octo_benchmark[0m
[22.106s] [100%] Built target octo_benchmark
[22.118s] Invoked command in '/home/ws/build/tesi' returned '0': CMAKE_PREFIX_PATH=/opt/ros/humble /usr/bin/cmake --build /home/ws/build/tesi -- -j12 -l12
[22.161s] Invoking command in '/home/ws/build/tesi': CMAKE_PREFIX_PATH=/opt/ros/humble /usr/bin/cmake --install /home/ws/build/tesi
[22.170s] -- Install configuration: ""
[22.170s] -- Execute custom install script
[22.171s] -- Up-to-date symlink: /home/ws/install/tesi/lib/tesi/octo_publisher
[22.171s] -- Up-to-date symlink: /home/ws/install/tesi/lib/tesi/octo_planner
[22.171s] -- Up-to-date symlink: /home/ws/install/tesi/lib/tesi/octo_benchmark
[22.171s] -- Up-to-date symlink: /home/ws/install/tesi/share/ament_index/resource_index/package_run_dependencies/tesi
[22.171s] -- Up-to-date symlink: /home/ws/install/tesi/share/ament_index/resource_index/parent_prefix_path/tesi
[22.171s] -- Up-to-date symlink: /home/ws/install/tesi/share/tesi/environment/ament_prefix_path.sh
[22.171s] -- Up-to-date symlink: /home/ws/install/tesi/share/tesi/environment/ament_prefix_path.dsv
[22.171s] -- Up-to-date symlink: /home/ws/install/tesi/share/tesi/environment/path.sh
[22.172s] -- Up-to-date symlink: /home/ws/install/tesi/share/tesi/environment/path.dsv
[22.172s] -- Up-to-date symlink: /home/ws/install/tesi/share/tesi/local_setup.bash
[22.172s] -- Up-to-date symlink: /home/ws/install/tesi/share/tesi/local_setup.sh
[22.172s] -- Up-to-date symlink: /home/ws/install/tesi/share/tesi/local_setup.zsh
[22.172s] -- Up-to-date symlink: /home/ws/install/tesi/share/tesi/local_setup.dsv
[22.172s] -- Symlinking: /home/ws/install/tesi/share/tesi/package.dsv
[22.184s] -- Up-to-date symlink: /home/ws/install/tesi/share/ament_index/resource_index/packages/tesi
[22.184s] -- Up-to-date symlink: /home/ws/install/tesi/share/tesi/cmake/tesiConfig.cmake
[22.184s] -- Up-to-date symlink: /home/ws/install/tesi/share/tesi/cmake/tesiConfig-version.cmake
[22.184s] -- Up-to-date symlink: /home/ws/install/tesi/share/tesi/package.xml
[22.187s] Invoked command in '/home/ws/build/tesi' returned '0': CMAKE_PREFIX_PATH=/opt/ros/humble /usr/bin/cmake --install /home/ws/build/tesi
