[0.145s] DEBUG:colcon:Command line arguments: ['/usr/bin/colcon', 'build']
[0.146s] DEBUG:colcon:Parsed command line arguments: Namespace(log_base=None, log_level=None, verb_name='build', build_base='build', install_base='install', merge_install=False, symlink_install=False, test_result_base=None, continue_on_error=False, executor='parallel', parallel_workers=12, event_handlers=None, ignore_user_meta=False, metas=['./colcon.meta'], base_paths=['.'], packages_ignore=None, packages_ignore_regex=None, paths=None, packages_up_to=None, packages_up_to_regex=None, packages_above=None, packages_above_and_dependencies=None, packages_above_depth=None, packages_select_by_dep=None, packages_skip_by_dep=None, packages_skip_up_to=None, packages_select_build_failed=False, packages_skip_build_finished=False, packages_select_test_failures=False, packages_skip_test_passed=False, packages_select=None, packages_skip=None, packages_select_regex=None, packages_skip_regex=None, packages_start=None, packages_end=None, cmake_args=None, cmake_target=None, cmake_target_skip_unavailable=False, cmake_clean_cache=False, cmake_clean_first=False, cmake_force_configure=False, ament_cmake_args=None, catkin_cmake_args=None, catkin_skip_building_tests=False, mixin_files=None, mixin=None, verb_parser=<colcon_mixin.mixin.mixin_argument.MixinArgumentDecorator object at 0x752c8ea02680>, verb_extension=<colcon_core.verb.build.BuildVerb object at 0x752c8ea02110>, main=<bound method BuildVerb.main of <colcon_core.verb.build.BuildVerb object at 0x752c8ea02110>>, mixin_verb=('build',))
[0.311s] Level 1:colcon.colcon_core.package_discovery:discover_packages(colcon_meta) check parameters
[0.312s] INFO:colcon.colcon_metadata.package_discovery.colcon_meta:Using configuration from '/root/.colcon/metadata/default/Gazebo.meta'
[0.314s] INFO:colcon.colcon_metadata.package_discovery.colcon_meta:Using configuration from '/root/.colcon/metadata/default/fastrtps.meta'
[0.314s] Level 1:colcon.colcon_core.package_discovery:discover_packages(recursive) check parameters
[0.314s] Level 1:colcon.colcon_core.package_discovery:discover_packages(ignore) check parameters
[0.314s] Level 1:colcon.colcon_core.package_discovery:discover_packages(path) check parameters
[0.314s] Level 1:colcon.colcon_core.package_discovery:discover_packages(colcon_meta) discover
[0.314s] Level 1:colcon.colcon_core.package_discovery:discover_packages(recursive) discover
[0.314s] INFO:colcon.colcon_core.package_discovery:Crawling recursively for packages in '/home/ws'
[0.314s] Level 1:colcon.colcon_core.package_identification:_identify(.) by extensions ['ignore', 'ignore_ament_install']
[0.314s] Level 1:colcon.colcon_core.package_identification:_identify(.) by extension 'ignore'
[0.314s] Level 1:colcon.colcon_core.package_identification:_identify(.) by extension 'ignore_ament_install'
[0.314s] Level 1:colcon.colcon_core.package_identification:_identify(.) by extensions ['colcon_pkg']
[0.314s] Level 1:colcon.colcon_core.package_identification:_identify(.) by extension 'colcon_pkg'
[0.315s] Level 1:colcon.colcon_core.package_identification:_identify(.) by extensions ['colcon_meta']
[0.315s] Level 1:colcon.colcon_core.package_identification:_identify(.) by extension 'colcon_meta'
[0.315s] Level 1:colcon.colcon_core.package_identification:_identify(.) by extensions ['ros']
[0.315s] Level 1:colcon.colcon_core.package_identification:_identify(.) by extension 'ros'
[0.328s] Level 1:colcon.colcon_core.package_identification:_identify(.) by extensions ['cmake', 'python']
[0.329s] Level 1:colcon.colcon_core.package_identification:_identify(.) by extension 'cmake'
[0.329s] Level 1:colcon.colcon_core.package_identification:_identify(.) by extension 'python'
[0.329s] Level 1:colcon.colcon_core.package_identification:_identify(.) by extensions ['python_setup_py']
[0.329s] Level 1:colcon.colcon_core.package_identification:_identify(.) by extension 'python_setup_py'
[0.329s] Level 1:colcon.colcon_core.package_identification:_identify(build) by extensions ['ignore', 'ignore_ament_install']
[0.329s] Level 1:colcon.colcon_core.package_identification:_identify(build) by extension 'ignore'
[0.329s] Level 1:colcon.colcon_core.package_identification:_identify(build) ignored
[0.329s] Level 1:colcon.colcon_core.package_identification:_identify(install) by extensions ['ignore', 'ignore_ament_install']
[0.329s] Level 1:colcon.colcon_core.package_identification:_identify(install) by extension 'ignore'
[0.329s] Level 1:colcon.colcon_core.package_identification:_identify(install) ignored
[0.330s] Level 1:colcon.colcon_core.package_identification:_identify(log) by extensions ['ignore', 'ignore_ament_install']
[0.330s] Level 1:colcon.colcon_core.package_identification:_identify(log) by extension 'ignore'
[0.330s] Level 1:colcon.colcon_core.package_identification:_identify(log) ignored
[0.330s] Level 1:colcon.colcon_core.package_identification:_identify(src) by extensions ['ignore', 'ignore_ament_install']
[0.330s] Level 1:colcon.colcon_core.package_identification:_identify(src) by extension 'ignore'
[0.330s] Level 1:colcon.colcon_core.package_identification:_identify(src) by extension 'ignore_ament_install'
[0.330s] Level 1:colcon.colcon_core.package_identification:_identify(src) by extensions ['colcon_pkg']
[0.330s] Level 1:colcon.colcon_core.package_identification:_identify(src) by extension 'colcon_pkg'
[0.330s] Level 1:colcon.colcon_core.package_identification:_identify(src) by extensions ['colcon_meta']
[0.330s] Level 1:colcon.colcon_core.package_identification:_identify(src) by extension 'colcon_meta'
[0.330s] Level 1:colcon.colcon_core.package_identification:_identify(src) by extensions ['ros']
[0.330s] Level 1:colcon.colcon_core.package_identification:_identify(src) by extension 'ros'
[0.335s] DEBUG:colcon.colcon_core.package_identification:Package 'src' with type 'ros.ament_cmake' and name 'tesi'
[0.335s] Level 1:colcon.colcon_core.package_discovery:discover_packages(recursive) using defaults
[0.335s] Level 1:colcon.colcon_core.package_discovery:discover_packages(ignore) discover
[0.335s] Level 1:colcon.colcon_core.package_discovery:discover_packages(ignore) using defaults
[0.335s] Level 1:colcon.colcon_core.package_discovery:discover_packages(path) discover
[0.335s] Level 1:colcon.colcon_core.package_discovery:discover_packages(path) using defaults
[0.356s] Level 5:colcon.colcon_core.verb:set package 'tesi' build argument 'cmake_args' from command line to 'None'
[0.356s] Level 5:colcon.colcon_core.verb:set package 'tesi' build argument 'cmake_target' from command line to 'None'
[0.356s] Level 5:colcon.colcon_core.verb:set package 'tesi' build argument 'cmake_target_skip_unavailable' from command line to 'False'
[0.356s] Level 5:colcon.colcon_core.verb:set package 'tesi' build argument 'cmake_clean_cache' from command line to 'False'
[0.356s] Level 5:colcon.colcon_core.verb:set package 'tesi' build argument 'cmake_clean_first' from command line to 'False'
[0.356s] Level 5:colcon.colcon_core.verb:set package 'tesi' build argument 'cmake_force_configure' from command line to 'False'
[0.356s] Level 5:colcon.colcon_core.verb:set package 'tesi' build argument 'ament_cmake_args' from command line to 'None'
[0.356s] Level 5:colcon.colcon_core.verb:set package 'tesi' build argument 'catkin_cmake_args' from command line to 'None'
[0.356s] Level 5:colcon.colcon_core.verb:set package 'tesi' build argument 'catkin_skip_building_tests' from command line to 'False'
[0.356s] DEBUG:colcon.colcon_core.verb:Building package 'tesi' with the following arguments: {'ament_cmake_args': None, 'build_base': '/home/ws/build/tesi', 'catkin_cmake_args': None, 'catkin_skip_building_tests': False, 'cmake_args': None, 'cmake_clean_cache': False, 'cmake_clean_first': False, 'cmake_force_configure': False, 'cmake_target': None, 'cmake_target_skip_unavailable': False, 'install_base': '/home/ws/install/tesi', 'merge_install': False, 'path': '/home/ws/src', 'symlink_install': False, 'test_result_base': None}
[0.356s] INFO:colcon.colcon_core.executor:Executing jobs using 'parallel' executor
[0.357s] DEBUG:colcon.colcon_parallel_executor.executor.parallel:run_until_complete
[0.357s] INFO:colcon.colcon_ros.task.ament_cmake.build:Building ROS package in '/home/ws/src' with build type 'ament_cmake'
[0.358s] INFO:colcon.colcon_cmake.task.cmake.build:Building CMake package in '/home/ws/src'
[0.359s] INFO:colcon.colcon_core.plugin_system:Skipping extension 'colcon_core.shell.bat': Not used on non-Windows systems
[0.360s] INFO:colcon.colcon_core.shell:Skip shell extension 'powershell' for command environment: Not usable outside of PowerShell
[0.360s] DEBUG:colcon.colcon_core.shell:Skip shell extension 'dsv' for command environment
[0.369s] DEBUG:colcon.colcon_core.event_handler.log_command:Invoking command in '/home/ws/build/tesi': CMAKE_PREFIX_PATH=/opt/ros/humble /usr/bin/cmake --build /home/ws/build/tesi -- -j12 -l12
[17.611s] DEBUG:colcon.colcon_core.event_handler.log_command:Invoked command in '/home/ws/build/tesi' returned '0': CMAKE_PREFIX_PATH=/opt/ros/humble /usr/bin/cmake --build /home/ws/build/tesi -- -j12 -l12
[17.650s] DEBUG:colcon.colcon_core.event_handler.log_command:Invoking command in '/home/ws/build/tesi': CMAKE_PREFIX_PATH=/opt/ros/humble /usr/bin/cmake --install /home/ws/build/tesi
[17.680s] Level 1:colcon.colcon_core.environment:create_environment_scripts_only(tesi)
[17.680s] DEBUG:colcon.colcon_core.event_handler.log_command:Invoked command in '/home/ws/build/tesi' returned '0': CMAKE_PREFIX_PATH=/opt/ros/humble /usr/bin/cmake --install /home/ws/build/tesi
[17.683s] Level 1:colcon.colcon_core.environment:checking '/home/ws/install/tesi' for CMake module files
[17.684s] Level 1:colcon.colcon_core.environment:checking '/home/ws/install/tesi' for CMake config files
[17.684s] Level 1:colcon.colcon_core.shell:create_environment_hook('tesi', 'cmake_prefix_path')
[17.684s] INFO:colcon.colcon_core.shell:Creating environment hook '/home/ws/install/tesi/share/tesi/hook/cmake_prefix_path.ps1'
[17.685s] INFO:colcon.colcon_core.shell:Creating environment descriptor '/home/ws/install/tesi/share/tesi/hook/cmake_prefix_path.dsv'
[17.685s] INFO:colcon.colcon_core.shell:Creating environment hook '/home/ws/install/tesi/share/tesi/hook/cmake_prefix_path.sh'
[17.686s] Level 1:colcon.colcon_core.environment:checking '/home/ws/install/tesi/lib'
[17.686s] Level 1:colcon.colcon_core.environment:checking '/home/ws/install/tesi/bin'
[17.686s] Level 1:colcon.colcon_core.environment:checking '/home/ws/install/tesi/lib/pkgconfig/tesi.pc'
[17.710s] Level 1:colcon.colcon_core.environment:checking '/home/ws/install/tesi/lib/python3.10/site-packages'
[17.710s] Level 1:colcon.colcon_core.environment:checking '/home/ws/install/tesi/bin'
[17.711s] INFO:colcon.colcon_core.shell:Creating package script '/home/ws/install/tesi/share/tesi/package.ps1'
[17.713s] INFO:colcon.colcon_core.shell:Creating package descriptor '/home/ws/install/tesi/share/tesi/package.dsv'
[17.715s] INFO:colcon.colcon_core.shell:Creating package script '/home/ws/install/tesi/share/tesi/package.sh'
[17.716s] INFO:colcon.colcon_core.shell:Creating package script '/home/ws/install/tesi/share/tesi/package.bash'
[17.716s] INFO:colcon.colcon_core.shell:Creating package script '/home/ws/install/tesi/share/tesi/package.zsh'
[17.717s] Level 1:colcon.colcon_core.environment:create_file_with_runtime_dependencies(/home/ws/install/tesi/share/colcon-core/packages/tesi)
[17.747s] Level 1:colcon.colcon_core.environment:create_environment_scripts_only(tesi)
[17.747s] Level 1:colcon.colcon_core.environment:checking '/home/ws/install/tesi' for CMake module files
[17.748s] Level 1:colcon.colcon_core.environment:checking '/home/ws/install/tesi' for CMake config files
[17.748s] Level 1:colcon.colcon_core.shell:create_environment_hook('tesi', 'cmake_prefix_path')
[17.748s] INFO:colcon.colcon_core.shell:Creating environment hook '/home/ws/install/tesi/share/tesi/hook/cmake_prefix_path.ps1'
[17.750s] INFO:colcon.colcon_core.shell:Creating environment descriptor '/home/ws/install/tesi/share/tesi/hook/cmake_prefix_path.dsv'
[17.751s] INFO:colcon.colcon_core.shell:Creating environment hook '/home/ws/install/tesi/share/tesi/hook/cmake_prefix_path.sh'
[17.752s] Level 1:colcon.colcon_core.environment:checking '/home/ws/install/tesi/lib'
[17.752s] Level 1:colcon.colcon_core.environment:checking '/home/ws/install/tesi/bin'
[17.752s] Level 1:colcon.colcon_core.environment:checking '/home/ws/install/tesi/lib/pkgconfig/tesi.pc'
[17.753s] Level 1:colcon.colcon_core.environment:checking '/home/ws/install/tesi/lib/python3.10/site-packages'
[17.753s] Level 1:colcon.colcon_core.environment:checking '/home/ws/install/tesi/bin'
[17.753s] INFO:colcon.colcon_core.shell:Creating package script '/home/ws/install/tesi/share/tesi/package.ps1'
[17.754s] INFO:colcon.colcon_core.shell:Creating package descriptor '/home/ws/install/tesi/share/tesi/package.dsv'
[17.755s] INFO:colcon.colcon_core.shell:Creating package script '/home/ws/install/tesi/share/tesi/package.sh'
[17.755s] INFO:colcon.colcon_core.shell:Creating package script '/home/ws/install/tesi/share/tesi/package.bash'
[17.756s] INFO:colcon.colcon_core.shell:Creating package script '/home/ws/install/tesi/share/tesi/package.zsh'
[17.756s] Level 1:colcon.colcon_core.environment:create_file_with_runtime_dependencies(/home/ws/install/tesi/share/colcon-core/packages/tesi)
[17.757s] DEBUG:colcon.colcon_parallel_executor.executor.parallel:closing loop
[17.757s] DEBUG:colcon.colcon_parallel_executor.executor.parallel:loop closed
[17.757s] DEBUG:colcon.colcon_parallel_executor.executor.parallel:run_until_complete finished with '0'
[17.758s] DEBUG:colcon.colcon_core.event_reactor:joining thread
[17.765s] INFO:colcon.colcon_core.plugin_system:Skipping extension 'colcon_notification.desktop_notification.notify_send': Could not find 'notify-send'
[17.765s] INFO:colcon.colcon_core.plugin_system:Skipping extension 'colcon_notification.desktop_notification.terminal_notifier': Not used on non-Darwin systems
[17.765s] INFO:colcon.colcon_core.plugin_system:Skipping extension 'colcon_notification.desktop_notification.win32': Not used on non-Windows systems
[17.765s] INFO:colcon.colcon_notification.desktop_notification:Sending desktop notification using 'notify2'
[17.771s] DEBUG:colcon.colcon_notification.desktop_notification.notify2:Failed to initialize notify2: org.freedesktop.DBus.Error.Spawn.ExecFailed: /usr/bin/dbus-launch terminated abnormally without any error message
[17.771s] DEBUG:colcon.colcon_core.event_reactor:joined thread
[17.773s] INFO:colcon.colcon_core.shell:Creating prefix script '/home/ws/install/local_setup.ps1'
[17.774s] INFO:colcon.colcon_core.shell:Creating prefix util module '/home/ws/install/_local_setup_util_ps1.py'
[17.777s] INFO:colcon.colcon_core.shell:Creating prefix chain script '/home/ws/install/setup.ps1'
[17.780s] INFO:colcon.colcon_core.shell:Creating prefix script '/home/ws/install/local_setup.sh'
[17.781s] INFO:colcon.colcon_core.shell:Creating prefix util module '/home/ws/install/_local_setup_util_sh.py'
[17.782s] INFO:colcon.colcon_core.shell:Creating prefix chain script '/home/ws/install/setup.sh'
[17.784s] INFO:colcon.colcon_core.shell:Creating prefix script '/home/ws/install/local_setup.bash'
[17.785s] INFO:colcon.colcon_core.shell:Creating prefix chain script '/home/ws/install/setup.bash'
[17.788s] INFO:colcon.colcon_core.shell:Creating prefix script '/home/ws/install/local_setup.zsh'
[17.790s] INFO:colcon.colcon_core.shell:Creating prefix chain script '/home/ws/install/setup.zsh'
