[0.026s] Invoking command in '/home/ws/build/tesi': CMAKE_PREFIX_PATH=/opt/ros/humble /usr/bin/cmake --build /home/ws/build/tesi -- -j12 -l12
[0.093s] [35m[1mConsolidate compiler generated dependencies of target octo_planner[0m
[0.134s] [ 50%] Built target octo_publisher
[0.134s] [ 75%] [32mBuilding CXX object CMakeFiles/octo_planner.dir/tesi/src/octo_planner.cpp.o[0m
[20.076s] [100%] [32m[1mLinking CXX executable octo_planner[0m
[21.406s] [100%] Built target octo_planner
[21.424s] Invoked command in '/home/ws/build/tesi' returned '0': CMAKE_PREFIX_PATH=/opt/ros/humble /usr/bin/cmake --build /home/ws/build/tesi -- -j12 -l12
[21.475s] Invoking command in '/home/ws/build/tesi': CMAKE_PREFIX_PATH=/opt/ros/humble /usr/bin/cmake --install /home/ws/build/tesi
[21.487s] -- Install configuration: ""
[21.488s] -- Execute custom install script
[21.488s] -- Up-to-date symlink: /home/ws/install/tesi/lib/tesi/octo_publisher
[21.489s] -- Up-to-date symlink: /home/ws/install/tesi/lib/tesi/octo_planner
[21.489s] -- Up-to-date symlink: /home/ws/install/tesi/share/ament_index/resource_index/package_run_dependencies/tesi
[21.489s] -- Up-to-date symlink: /home/ws/install/tesi/share/ament_index/resource_index/parent_prefix_path/tesi
[21.490s] -- Up-to-date symlink: /home/ws/install/tesi/share/tesi/environment/ament_prefix_path.sh
[21.490s] -- Up-to-date symlink: /home/ws/install/tesi/share/tesi/environment/ament_prefix_path.dsv
[21.491s] -- Up-to-date symlink: /home/ws/install/tesi/share/tesi/environment/path.sh
[21.491s] -- Up-to-date symlink: /home/ws/install/tesi/share/tesi/environment/path.dsv
[21.491s] -- Up-to-date symlink: /home/ws/install/tesi/share/tesi/local_setup.bash
[21.492s] -- Up-to-date symlink: /home/ws/install/tesi/share/tesi/local_setup.sh
[21.492s] -- Up-to-date symlink: /home/ws/install/tesi/share/tesi/local_setup.zsh
[21.492s] -- Up-to-date symlink: /home/ws/install/tesi/share/tesi/local_setup.dsv
[21.493s] -- Symlinking: /home/ws/install/tesi/share/tesi/package.dsv
[21.504s] -- Up-to-date symlink: /home/ws/install/tesi/share/ament_index/resource_index/packages/tesi
[21.504s] -- Up-to-date symlink: /home/ws/install/tesi/share/tesi/cmake/tesiConfig.cmake
[21.505s] -- Up-to-date symlink: /home/ws/install/tesi/share/tesi/cmake/tesiConfig-version.cmake
[21.505s] -- Up-to-date symlink: /home/ws/install/tesi/share/tesi/package.xml
[21.508s] Invoked command in '/home/ws/build/tesi' returned '0': CMAKE_PREFIX_PATH=/opt/ros/humble /usr/bin/cmake --install /home/ws/build/tesi
