[0.007s] Invoking command in '/home/ws/build/tesi': CMAKE_PREFIX_PATH=/opt/ros/humble /usr/bin/cmake /home/ws/src -DCMAKE_INSTALL_PREFIX=/home/ws/install/tesi
[0.017s] -- Found ament_cmake: 1.3.8 (/opt/ros/humble/share/ament_cmake/cmake)
[0.103s] -- Override CMake install command with custom implementation using symlinks instead of copying resources
[0.109s] -- Found rclcpp: 16.0.8 (/opt/ros/humble/share/rclcpp/cmake)
[0.132s] -- Found rosidl_generator_c: 3.1.5 (/opt/ros/humble/share/rosidl_generator_c/cmake)
[0.134s] -- Found rosidl_adapter: 3.1.5 (/opt/ros/humble/share/rosidl_adapter/cmake)
[0.138s] -- Found rosidl_generator_cpp: 3.1.5 (/opt/ros/humble/share/rosidl_generator_cpp/cmake)
[0.147s] -- Using all available rosidl_typesupport_c: rosidl_typesupport_fastrtps_c;rosidl_typesupport_introspection_c
[0.159s] -- Using all available rosidl_typesupport_cpp: rosidl_typesupport_fastrtps_cpp;rosidl_typesupport_introspection_cpp
[0.205s] -- Found rmw_implementation_cmake: 6.1.1 (/opt/ros/humble/share/rmw_implementation_cmake/cmake)
[0.206s] -- Found rmw_fastrtps_cpp: 6.2.6 (/opt/ros/humble/share/rmw_fastrtps_cpp/cmake)
[0.294s] -- Using RMW implementation 'rmw_fastrtps_cpp' as default
[0.422s] -- Found geometry_msgs: 4.2.3 (/opt/ros/humble/share/geometry_msgs/cmake)
[0.460s] -- Found octomap_msgs: 2.0.0 (/opt/ros/humble/share/octomap_msgs/cmake)
[0.521s] -- Found ament_lint_auto: 0.12.10 (/opt/ros/humble/share/ament_lint_auto/cmake)
[0.583s] -- Added test 'cppcheck' to perform static code analysis on C / C++ code
[0.584s] -- Configured cppcheck include dirs: 
[0.584s] -- Configured cppcheck exclude dirs and/or files: 
[0.586s] -- Added test 'lint_cmake' to check CMake code style
[0.590s] -- Added test 'uncrustify' to check C / C++ code style
[0.590s] -- Configured uncrustify additional arguments: 
[0.590s] -- Added test 'xmllint' to check XML markup files
[0.591s] -- Configuring done
[0.605s] -- Generating done
[0.607s] -- Build files have been written to: /home/ws/build/tesi
[0.614s] Invoked command in '/home/ws/build/tesi' returned '0': CMAKE_PREFIX_PATH=/opt/ros/humble /usr/bin/cmake /home/ws/src -DCMAKE_INSTALL_PREFIX=/home/ws/install/tesi
[0.615s] Invoking command in '/home/ws/build/tesi': CMAKE_PREFIX_PATH=/opt/ros/humble /usr/bin/cmake --build /home/ws/build/tesi -- -j12 -l12
[0.648s] [35m[1mConsolidate compiler generated dependencies of target octo_publisher[0m
[0.648s] [35m[1mConsolidate compiler generated dependencies of target octo_planner[0m
[0.662s] [ 50%] Built target octo_publisher
[0.664s] [100%] Built target octo_planner
[0.671s] Invoked command in '/home/ws/build/tesi' returned '0': CMAKE_PREFIX_PATH=/opt/ros/humble /usr/bin/cmake --build /home/ws/build/tesi -- -j12 -l12
[0.696s] Invoking command in '/home/ws/build/tesi': CMAKE_PREFIX_PATH=/opt/ros/humble /usr/bin/cmake --install /home/ws/build/tesi
[0.702s] -- Install configuration: ""
[0.702s] -- Execute custom install script
[0.702s] -- Up-to-date symlink: /home/ws/install/tesi/lib/tesi/octo_publisher
[0.703s] -- Up-to-date symlink: /home/ws/install/tesi/lib/tesi/octo_planner
[0.703s] -- Up-to-date symlink: /home/ws/install/tesi/share/ament_index/resource_index/package_run_dependencies/tesi
[0.703s] -- Up-to-date symlink: /home/ws/install/tesi/share/ament_index/resource_index/parent_prefix_path/tesi
[0.703s] -- Up-to-date symlink: /home/ws/install/tesi/share/tesi/environment/ament_prefix_path.sh
[0.703s] -- Up-to-date symlink: /home/ws/install/tesi/share/tesi/environment/ament_prefix_path.dsv
[0.703s] -- Up-to-date symlink: /home/ws/install/tesi/share/tesi/environment/path.sh
[0.703s] -- Up-to-date symlink: /home/ws/install/tesi/share/tesi/environment/path.dsv
[0.703s] -- Up-to-date symlink: /home/ws/install/tesi/share/tesi/local_setup.bash
[0.703s] -- Up-to-date symlink: /home/ws/install/tesi/share/tesi/local_setup.sh
[0.703s] -- Up-to-date symlink: /home/ws/install/tesi/share/tesi/local_setup.zsh
[0.703s] -- Up-to-date symlink: /home/ws/install/tesi/share/tesi/local_setup.dsv
[0.704s] -- Symlinking: /home/ws/install/tesi/share/tesi/package.dsv
[0.711s] -- Up-to-date symlink: /home/ws/install/tesi/share/ament_index/resource_index/packages/tesi
[0.711s] -- Up-to-date symlink: /home/ws/install/tesi/share/tesi/cmake/tesiConfig.cmake
[0.711s] -- Up-to-date symlink: /home/ws/install/tesi/share/tesi/cmake/tesiConfig-version.cmake
[0.711s] -- Up-to-date symlink: /home/ws/install/tesi/share/tesi/package.xml
[0.713s] Invoked command in '/home/ws/build/tesi' returned '0': CMAKE_PREFIX_PATH=/opt/ros/humble /usr/bin/cmake --install /home/ws/build/tesi
