[0.056s] Invoking command in '/home/ws/build/tesi': CMAKE_PREFIX_PATH=/opt/ros/humble /usr/bin/cmake --build /home/ws/build/tesi -- -j12 -l12
[0.492s] [ 16%] [32mBuilding CXX object CMakeFiles/octo_publisher.dir/tesi/src/octo_publisher.cpp.o[0m
[0.494s] [ 50%] Built target octo_planner
[0.562s] [35m[1mConsolidate compiler generated dependencies of target octo_benchmark[0m
[0.578s] [ 66%] [32mBuilding CXX object CMakeFiles/octo_benchmark.dir/tesi/src/octo_benchmark.cpp.o[0m
[6.971s] [ 83%] [32m[1mLinking CXX executable octo_publisher[0m
[8.351s] [ 83%] Built target octo_publisher
[12.040s] [100%] [32m[1mLinking CXX executable octo_benchmark[0m
[12.580s] [100%] Built target octo_benchmark
[12.588s] Invoked command in '/home/ws/build/tesi' returned '0': CMAKE_PREFIX_PATH=/opt/ros/humble /usr/bin/cmake --build /home/ws/build/tesi -- -j12 -l12
[12.613s] Invoking command in '/home/ws/build/tesi': CMAKE_PREFIX_PATH=/opt/ros/humble /usr/bin/cmake --install /home/ws/build/tesi
[12.666s] -- Install configuration: ""
[12.693s] -- Execute custom install script
[12.710s] -- Up-to-date symlink: /home/ws/install/tesi/lib/tesi/octo_publisher
[12.711s] -- Up-to-date symlink: /home/ws/install/tesi/lib/tesi/octo_planner
[12.711s] -- Up-to-date symlink: /home/ws/install/tesi/lib/tesi/octo_benchmark
[12.711s] -- Up-to-date symlink: /home/ws/install/tesi/share/ament_index/resource_index/package_run_dependencies/tesi
[12.711s] -- Up-to-date symlink: /home/ws/install/tesi/share/ament_index/resource_index/parent_prefix_path/tesi
[12.711s] -- Up-to-date symlink: /home/ws/install/tesi/share/tesi/environment/ament_prefix_path.sh
[12.712s] -- Up-to-date symlink: /home/ws/install/tesi/share/tesi/environment/ament_prefix_path.dsv
[12.712s] -- Up-to-date symlink: /home/ws/install/tesi/share/tesi/environment/path.sh
[12.712s] -- Up-to-date symlink: /home/ws/install/tesi/share/tesi/environment/path.dsv
[12.713s] -- Up-to-date symlink: /home/ws/install/tesi/share/tesi/local_setup.bash
[12.713s] -- Up-to-date symlink: /home/ws/install/tesi/share/tesi/local_setup.sh
[12.713s] -- Up-to-date symlink: /home/ws/install/tesi/share/tesi/local_setup.zsh
[12.713s] -- Up-to-date symlink: /home/ws/install/tesi/share/tesi/local_setup.dsv
[12.713s] -- Symlinking: /home/ws/install/tesi/share/tesi/package.dsv
[12.724s] -- Up-to-date symlink: /home/ws/install/tesi/share/ament_index/resource_index/packages/tesi
[12.725s] -- Up-to-date symlink: /home/ws/install/tesi/share/tesi/cmake/tesiConfig.cmake
[12.725s] -- Up-to-date symlink: /home/ws/install/tesi/share/tesi/cmake/tesiConfig-version.cmake
[12.725s] -- Up-to-date symlink: /home/ws/install/tesi/share/tesi/package.xml
[12.727s] Invoked command in '/home/ws/build/tesi' returned '0': CMAKE_PREFIX_PATH=/opt/ros/humble /usr/bin/cmake --install /home/ws/build/tesi
