[0.183s] Invoking command in '/home/ws/build/tesi': CMAKE_PREFIX_PATH=/opt/ros/humble /usr/bin/cmake --build /home/ws/build/tesi -- -j12 -l12
[2.139s] [ 33%] Built target octo_publisher
[2.207s] [ 66%] Built target octo_planner
[2.651s] [35m[1mConsolidate compiler generated dependencies of target octo_benchmark[0m
[2.676s] [ 83%] [32mBuilding CXX object CMakeFiles/octo_benchmark.dir/tesi/src/octo_benchmark.cpp.o[0m
[42.117s] [100%] [32m[1mLinking CXX executable octo_benchmark[0m
[51.611s] [100%] Built target octo_benchmark
[51.620s] Invoked command in '/home/ws/build/tesi' returned '0': CMAKE_PREFIX_PATH=/opt/ros/humble /usr/bin/cmake --build /home/ws/build/tesi -- -j12 -l12
[51.647s] Invoking command in '/home/ws/build/tesi': CMAKE_PREFIX_PATH=/opt/ros/humble /usr/bin/cmake --install /home/ws/build/tesi
[51.776s] -- Install configuration: ""
[51.811s] -- Execute custom install script
[51.832s] -- Up-to-date symlink: /home/ws/install/tesi/lib/tesi/octo_publisher
[51.832s] -- Up-to-date symlink: /home/ws/install/tesi/lib/tesi/octo_planner
[51.832s] -- Up-to-date symlink: /home/ws/install/tesi/lib/tesi/octo_benchmark
[51.832s] -- Up-to-date symlink: /home/ws/install/tesi/share/ament_index/resource_index/package_run_dependencies/tesi
[51.832s] -- Up-to-date symlink: /home/ws/install/tesi/share/ament_index/resource_index/parent_prefix_path/tesi
[51.832s] -- Up-to-date symlink: /home/ws/install/tesi/share/tesi/environment/ament_prefix_path.sh
[51.833s] -- Up-to-date symlink: /home/ws/install/tesi/share/tesi/environment/ament_prefix_path.dsv
[51.833s] -- Up-to-date symlink: /home/ws/install/tesi/share/tesi/environment/path.sh
[51.833s] -- Up-to-date symlink: /home/ws/install/tesi/share/tesi/environment/path.dsv
[51.833s] -- Up-to-date symlink: /home/ws/install/tesi/share/tesi/local_setup.bash
[51.833s] -- Up-to-date symlink: /home/ws/install/tesi/share/tesi/local_setup.sh
[51.833s] -- Up-to-date symlink: /home/ws/install/tesi/share/tesi/local_setup.zsh
[51.834s] -- Up-to-date symlink: /home/ws/install/tesi/share/tesi/local_setup.dsv
[51.834s] -- Symlinking: /home/ws/install/tesi/share/tesi/package.dsv
[51.841s] -- Up-to-date symlink: /home/ws/install/tesi/share/ament_index/resource_index/packages/tesi
[51.841s] -- Up-to-date symlink: /home/ws/install/tesi/share/tesi/cmake/tesiConfig.cmake
[51.841s] -- Up-to-date symlink: /home/ws/install/tesi/share/tesi/cmake/tesiConfig-version.cmake
[51.841s] -- Up-to-date symlink: /home/ws/install/tesi/share/tesi/package.xml
[51.843s] Invoked command in '/home/ws/build/tesi' returned '0': CMAKE_PREFIX_PATH=/opt/ros/humble /usr/bin/cmake --install /home/ws/build/tesi
