[0.032s] Invoking command in '/home/ws/build/tesi': CMAKE_PREFIX_PATH=/opt/ros/humble /usr/bin/cmake --build /home/ws/build/tesi -- -j12 -l12
[0.193s] [35m[1mConsolidate compiler generated dependencies of target octo_planner[0m
[0.228s] [ 33%] Built target octo_publisher
[0.238s] [ 66%] Built target octo_benchmark
[0.253s] [100%] Built target octo_planner
[0.277s] Invoked command in '/home/ws/build/tesi' returned '0': CMAKE_PREFIX_PATH=/opt/ros/humble /usr/bin/cmake --build /home/ws/build/tesi -- -j12 -l12
[0.393s] Invoking command in '/home/ws/build/tesi': CMAKE_PREFIX_PATH=/opt/ros/humble /usr/bin/cmake --install /home/ws/build/tesi
[0.413s] -- Install configuration: ""
[0.414s] -- Execute custom install script
[0.416s] -- Up-to-date symlink: /home/ws/install/tesi/lib/tesi/octo_publisher
[0.416s] -- Up-to-date symlink: /home/ws/install/tesi/lib/tesi/octo_planner
[0.417s] -- Up-to-date symlink: /home/ws/install/tesi/lib/tesi/octo_benchmark
[0.417s] -- Up-to-date symlink: /home/ws/install/tesi/share/ament_index/resource_index/package_run_dependencies/tesi
[0.418s] -- Up-to-date symlink: /home/ws/install/tesi/share/ament_index/resource_index/parent_prefix_path/tesi
[0.418s] -- Up-to-date symlink: /home/ws/install/tesi/share/tesi/environment/ament_prefix_path.sh
[0.419s] -- Up-to-date symlink: /home/ws/install/tesi/share/tesi/environment/ament_prefix_path.dsv
[0.419s] -- Up-to-date symlink: /home/ws/install/tesi/share/tesi/environment/path.sh
[0.420s] -- Up-to-date symlink: /home/ws/install/tesi/share/tesi/environment/path.dsv
[0.420s] -- Up-to-date symlink: /home/ws/install/tesi/share/tesi/local_setup.bash
[0.421s] -- Up-to-date symlink: /home/ws/install/tesi/share/tesi/local_setup.sh
[0.421s] -- Up-to-date symlink: /home/ws/install/tesi/share/tesi/local_setup.zsh
[0.422s] -- Up-to-date symlink: /home/ws/install/tesi/share/tesi/local_setup.dsv
[0.423s] -- Symlinking: /home/ws/install/tesi/share/tesi/package.dsv
[0.450s] -- Up-to-date symlink: /home/ws/install/tesi/share/ament_index/resource_index/packages/tesi
[0.450s] -- Up-to-date symlink: /home/ws/install/tesi/share/tesi/cmake/tesiConfig.cmake
[0.451s] -- Up-to-date symlink: /home/ws/install/tesi/share/tesi/cmake/tesiConfig-version.cmake
[0.451s] -- Up-to-date symlink: /home/ws/install/tesi/share/tesi/package.xml
[0.456s] Invoked command in '/home/ws/build/tesi' returned '0': CMAKE_PREFIX_PATH=/opt/ros/humble /usr/bin/cmake --install /home/ws/build/tesi
