[01m[K/home/ws/src/tesi/src/octo_planner.cpp:[m[K In member function ‘[01m[Kvoid OctoPlanner::octo_callback(const Octomap&)[m[K’:
[01m[K/home/ws/src/tesi/src/octo_planner.cpp:107:19:[m[K [01;31m[Kerror: [m[K‘[01m[Kusing element_type = class ompl::base::CForestStateSampler[m[K’ {aka ‘[01m[Kclass ompl::base::CForestStateSampler[m[K’} has no member named ‘[01m[KsetStartAndGoalStates[m[K’
  107 |             pdef->[01;31m[KsetStartAndGoalStates[m[K(start, goal);
      |                   [01;31m[K^~~~~~~~~~~~~~~~~~~~~[m[K
[01m[K/home/ws/src/tesi/src/octo_planner.cpp:110:47:[m[K [01;31m[Kerror: [m[K‘[01m[KCForest[m[K’ is not a member of ‘[01m[Kog[m[K’
  110 |             auto planner(std::make_shared<og::[01;31m[KCForest[m[K>(si));
      |                                               [01;31m[K^~~~~~~[m[K
[01m[K/home/ws/src/tesi/src/octo_planner.cpp:110:55:[m[K [01;31m[Kerror: [m[Kno matching function for call to ‘[01m[Kmake_shared<<expression error> >(std::shared_ptr<ompl::base::SpaceInformation>&)[m[K’
  110 |             auto planner([01;31m[Kstd::make_shared<og::CForest>(si)[m[K);
      |                          [01;31m[K~~~~~~~~~~~~~~~~~~~~~~~~~~~~~^~~~[m[K
In file included from [01m[K/usr/include/c++/11/memory:77[m[K,
                 from [01m[K/home/ws/src/tesi/src/octo_planner.cpp:1[m[K:
[01m[K/usr/include/c++/11/bits/shared_ptr.h:875:5:[m[K [01;36m[Knote: [m[Kcandidate: ‘[01m[Ktemplate<class _Tp, class ... _Args> std::shared_ptr<_Tp> std::make_shared(_Args&& ...)[m[K’
  875 |     [01;36m[Kmake_shared[m[K(_Args&&... __args)
      |     [01;36m[K^~~~~~~~~~~[m[K
[01m[K/usr/include/c++/11/bits/shared_ptr.h:875:5:[m[K [01;36m[Knote: [m[K  template argument deduction/substitution failed:
[01m[K/home/ws/src/tesi/src/octo_planner.cpp:110:55:[m[K [01;31m[Kerror: [m[Ktemplate argument 1 is invalid
  110 |             auto planner([01;31m[Kstd::make_shared<og::CForest>(si)[m[K);
      |                          [01;31m[K~~~~~~~~~~~~~~~~~~~~~~~~~~~~~^~~~[m[K
[01m[K/home/ws/src/tesi/src/octo_planner.cpp:122:19:[m[K [01;31m[Kerror: [m[K‘[01m[Kusing element_type = class ompl::base::CForestStateSampler[m[K’ {aka ‘[01m[Kclass ompl::base::CForestStateSampler[m[K’} has no member named ‘[01m[Kprint[m[K’
  122 |             pdef->[01;31m[Kprint[m[K(std::cout);
      |                   [01;31m[K^~~~~[m[K
[01m[K/home/ws/src/tesi/src/octo_planner.cpp:131:49:[m[K [01;31m[Kerror: [m[K‘[01m[Kusing element_type = class ompl::base::CForestStateSampler[m[K’ {aka ‘[01m[Kclass ompl::base::CForestStateSampler[m[K’} has no member named ‘[01m[KgetSolutionPath[m[K’
  131 |                 og::PathGeometric *path = pdef->[01;31m[KgetSolutionPath[m[K()->as<og::PathGeometric>();
      |                                                 [01;31m[K^~~~~~~~~~~~~~~[m[K
[01m[K/home/ws/src/tesi/src/octo_planner.cpp:131:88:[m[K [01;31m[Kerror: [m[Kexpected primary-expression before ‘[01m[K>[m[K’ token
  131 |                 og::PathGeometric *path = pdef->getSolutionPath()->as<og::PathGeometric[01;31m[K>[m[K();
      |                                                                                        [01;31m[K^[m[K
[01m[K/home/ws/src/tesi/src/octo_planner.cpp:131:90:[m[K [01;31m[Kerror: [m[Kexpected primary-expression before ‘[01m[K)[m[K’ token
  131 |                 og::PathGeometric *path = pdef->getSolutionPath()->as<og::PathGeometric>([01;31m[K)[m[K;
      |                                                                                          [01;31m[K^[m[K
In file included from [01m[K/usr/include/x86_64-linux-gnu/c++/11/bits/c++allocator.h:33[m[K,
                 from [01m[K/usr/include/c++/11/bits/allocator.h:46[m[K,
                 from [01m[K/usr/include/c++/11/memory:64[m[K,
                 from [01m[K/home/ws/src/tesi/src/octo_planner.cpp:1[m[K:
/usr/include/c++/11/ext/new_allocator.h: In instantiation of ‘[01m[Kvoid __gnu_cxx::new_allocator<_Tp>::construct(_Up*, _Args&& ...) [with _Up = ompl::base::CForestStateSampler; _Args = {std::shared_ptr<ompl::base::SpaceInformation>&}; _Tp = ompl::base::CForestStateSampler][m[K’:
[01m[K/usr/include/c++/11/bits/alloc_traits.h:516:17:[m[K   required from ‘[01m[Kstatic void std::allocator_traits<std::allocator<_Tp1> >::construct(std::allocator_traits<std::allocator<_Tp1> >::allocator_type&, _Up*, _Args&& ...) [with _Up = ompl::base::CForestStateSampler; _Args = {std::shared_ptr<ompl::base::SpaceInformation>&}; _Tp = ompl::base::CForestStateSampler; std::allocator_traits<std::allocator<_Tp1> >::allocator_type = std::allocator<ompl::base::CForestStateSampler>][m[K’
[01m[K/usr/include/c++/11/bits/shared_ptr_base.h:519:39:[m[K   required from ‘[01m[Kstd::_Sp_counted_ptr_inplace<_Tp, _Alloc, _Lp>::_Sp_counted_ptr_inplace(_Alloc, _Args&& ...) [with _Args = {std::shared_ptr<ompl::base::SpaceInformation>&}; _Tp = ompl::base::CForestStateSampler; _Alloc = std::allocator<ompl::base::CForestStateSampler>; __gnu_cxx::_Lock_policy _Lp = __gnu_cxx::_S_atomic][m[K’
[01m[K/usr/include/c++/11/bits/shared_ptr_base.h:650:16:[m[K   required from ‘[01m[Kstd::__shared_count<_Lp>::__shared_count(_Tp*&, std::_Sp_alloc_shared_tag<_Alloc>, _Args&& ...) [with _Tp = ompl::base::CForestStateSampler; _Alloc = std::allocator<ompl::base::CForestStateSampler>; _Args = {std::shared_ptr<ompl::base::SpaceInformation>&}; __gnu_cxx::_Lock_policy _Lp = __gnu_cxx::_S_atomic][m[K’
[01m[K/usr/include/c++/11/bits/shared_ptr_base.h:1342:14:[m[K   required from ‘[01m[Kstd::__shared_ptr<_Tp, _Lp>::__shared_ptr(std::_Sp_alloc_shared_tag<_Tp>, _Args&& ...) [with _Alloc = std::allocator<ompl::base::CForestStateSampler>; _Args = {std::shared_ptr<ompl::base::SpaceInformation>&}; _Tp = ompl::base::CForestStateSampler; __gnu_cxx::_Lock_policy _Lp = __gnu_cxx::_S_atomic][m[K’
[01m[K/usr/include/c++/11/bits/shared_ptr.h:409:59:[m[K   required from ‘[01m[Kstd::shared_ptr<_Tp>::shared_ptr(std::_Sp_alloc_shared_tag<_Tp>, _Args&& ...) [with _Alloc = std::allocator<ompl::base::CForestStateSampler>; _Args = {std::shared_ptr<ompl::base::SpaceInformation>&}; _Tp = ompl::base::CForestStateSampler][m[K’
[01m[K/usr/include/c++/11/bits/shared_ptr.h:862:14:[m[K   required from ‘[01m[Kstd::shared_ptr<_Tp> std::allocate_shared(const _Alloc&, _Args&& ...) [with _Tp = ompl::base::CForestStateSampler; _Alloc = std::allocator<ompl::base::CForestStateSampler>; _Args = {std::shared_ptr<ompl::base::SpaceInformation>&}][m[K’
[01m[K/usr/include/c++/11/bits/shared_ptr.h:878:39:[m[K   required from ‘[01m[Kstd::shared_ptr<_Tp> std::make_shared(_Args&& ...) [with _Tp = ompl::base::CForestStateSampler; _Args = {std::shared_ptr<ompl::base::SpaceInformation>&}][m[K’
[01m[K/home/ws/src/tesi/src/octo_planner.cpp:104:64:[m[K   required from here
[01m[K/usr/include/c++/11/ext/new_allocator.h:162:11:[m[K [01;31m[Kerror: [m[Kno matching function for call to ‘[01m[Kompl::base::CForestStateSampler::CForestStateSampler(std::shared_ptr<ompl::base::SpaceInformation>&)[m[K’
  162 |         { [01;31m[K::new((void *)__p) _Up(std::forward<_Args>(__args)...)[m[K; }
      |           [01;31m[K^~~~~~~~~~~~~~~~~~~~~~~~~~~~~~~~~~~~~~~~~~~~~~~~~~~~~~[m[K
In file included from [01m[K/home/ws/src/tesi/src/octo_planner.cpp:20[m[K:
[01m[K/usr/include/ompl-1.5/ompl/geometric/planners/cforest/CForestStateSampler.h:55:13:[m[K [01;36m[Knote: [m[Kcandidate: ‘[01m[Kompl::base::CForestStateSampler::CForestStateSampler(const ompl::base::StateSpace*, ompl::base::StateSamplerPtr)[m[K’
   55 |             [01;36m[KCForestStateSampler[m[K(const StateSpace *space, StateSamplerPtr sampler)
      |             [01;36m[K^~~~~~~~~~~~~~~~~~~[m[K
[01m[K/usr/include/ompl-1.5/ompl/geometric/planners/cforest/CForestStateSampler.h:55:13:[m[K [01;36m[Knote: [m[K  candidate expects 2 arguments, 1 provided
gmake[2]: *** [CMakeFiles/octo_planner.dir/build.make:76: CMakeFiles/octo_planner.dir/tesi/src/octo_planner.cpp.o] Error 1
gmake[1]: *** [CMakeFiles/Makefile2:167: CMakeFiles/octo_planner.dir/all] Error 2
gmake: *** [Makefile:146: all] Error 2
