[0.017s] Invoking command in '/home/ws/build/tesi': CMAKE_PREFIX_PATH=/opt/ros/humble /usr/bin/cmake --build /home/ws/build/tesi -- -j12 -l12
[0.040s] [35m[1mConsolidate compiler generated dependencies of target octo_planner[0m
[0.049s] [ 33%] Built target octo_publisher
[0.050s] [ 66%] Built target octo_benchmark
[0.055s] [ 83%] [32mBuilding CXX object CMakeFiles/octo_planner.dir/tesi/src/octo_planner.cpp.o[0m
[8.308s] [100%] [32m[1mLinking CXX executable octo_planner[0m
[8.748s] [100%] Built target octo_planner
[8.759s] Invoked command in '/home/ws/build/tesi' returned '0': CMAKE_PREFIX_PATH=/opt/ros/humble /usr/bin/cmake --build /home/ws/build/tesi -- -j12 -l12
[8.785s] Invoking command in '/home/ws/build/tesi': CMAKE_PREFIX_PATH=/opt/ros/humble /usr/bin/cmake --install /home/ws/build/tesi
[8.791s] -- Install configuration: ""
[8.791s] -- Execute custom install script
[8.791s] -- Up-to-date symlink: /home/ws/install/tesi/lib/tesi/octo_publisher
[8.791s] -- Up-to-date symlink: /home/ws/install/tesi/lib/tesi/octo_planner
[8.791s] -- Up-to-date symlink: /home/ws/install/tesi/lib/tesi/octo_benchmark
[8.792s] -- Up-to-date symlink: /home/ws/install/tesi/share/ament_index/resource_index/package_run_dependencies/tesi
[8.792s] -- Up-to-date symlink: /home/ws/install/tesi/share/ament_index/resource_index/parent_prefix_path/tesi
[8.792s] -- Up-to-date symlink: /home/ws/install/tesi/share/tesi/environment/ament_prefix_path.sh
[8.792s] -- Up-to-date symlink: /home/ws/install/tesi/share/tesi/environment/ament_prefix_path.dsv
[8.792s] -- Up-to-date symlink: /home/ws/install/tesi/share/tesi/environment/path.sh
[8.792s] -- Up-to-date symlink: /home/ws/install/tesi/share/tesi/environment/path.dsv
[8.792s] -- Up-to-date symlink: /home/ws/install/tesi/share/tesi/local_setup.bash
[8.792s] -- Up-to-date symlink: /home/ws/install/tesi/share/tesi/local_setup.sh
[8.792s] -- Up-to-date symlink: /home/ws/install/tesi/share/tesi/local_setup.zsh
[8.792s] -- Up-to-date symlink: /home/ws/install/tesi/share/tesi/local_setup.dsv
[8.793s] -- Symlinking: /home/ws/install/tesi/share/tesi/package.dsv
[8.800s] -- Up-to-date symlink: /home/ws/install/tesi/share/ament_index/resource_index/packages/tesi
[8.800s] -- Up-to-date symlink: /home/ws/install/tesi/share/tesi/cmake/tesiConfig.cmake
[8.800s] -- Up-to-date symlink: /home/ws/install/tesi/share/tesi/cmake/tesiConfig-version.cmake
[8.800s] -- Up-to-date symlink: /home/ws/install/tesi/share/tesi/package.xml
[8.801s] Invoked command in '/home/ws/build/tesi' returned '0': CMAKE_PREFIX_PATH=/opt/ros/humble /usr/bin/cmake --install /home/ws/build/tesi
