[0.120s] DEBUG:colcon:Command line arguments: ['/usr/bin/colcon', 'build']
[0.120s] DEBUG:colcon:Parsed command line arguments: Namespace(log_base=None, log_level=None, verb_name='build', build_base='build', install_base='install', merge_install=False, symlink_install=False, test_result_base=None, continue_on_error=False, executor='parallel', parallel_workers=12, event_handlers=None, ignore_user_meta=False, metas=['./colcon.meta'], base_paths=['.'], packages_ignore=None, packages_ignore_regex=None, paths=None, packages_up_to=None, packages_up_to_regex=None, packages_above=None, packages_above_and_dependencies=None, packages_above_depth=None, packages_select_by_dep=None, packages_skip_by_dep=None, packages_skip_up_to=None, packages_select_build_failed=False, packages_skip_build_finished=False, packages_select_test_failures=False, packages_skip_test_passed=False, packages_select=None, packages_skip=None, packages_select_regex=None, packages_skip_regex=None, packages_start=None, packages_end=None, cmake_args=None, cmake_target=None, cmake_target_skip_unavailable=False, cmake_clean_cache=False, cmake_clean_first=False, cmake_force_configure=False, ament_cmake_args=None, catkin_cmake_args=None, catkin_skip_building_tests=False, mixin_files=None, mixin=None, verb_parser=<colcon_mixin.mixin.mixin_argument.MixinArgumentDecorator object at 0x7dd63f9f66b0>, verb_extension=<colcon_core.verb.build.BuildVerb object at 0x7dd63f9f6140>, main=<bound method BuildVerb.main of <colcon_core.verb.build.BuildVerb object at 0x7dd63f9f6140>>, mixin_verb=('build',))
[0.281s] Level 1:colcon.colcon_core.package_discovery:discover_packages(colcon_meta) check parameters
[0.281s] INFO:colcon.colcon_metadata.package_discovery.colcon_meta:Using configuration from '/root/.colcon/metadata/default/Gazebo.meta'
[0.282s] INFO:colcon.colcon_metadata.package_discovery.colcon_meta:Using configuration from '/root/.colcon/metadata/default/fastrtps.meta'
[0.282s] Level 1:colcon.colcon_core.package_discovery:discover_packages(recursive) check parameters
[0.282s] Level 1:colcon.colcon_core.package_discovery:discover_packages(ignore) check parameters
[0.282s] Level 1:colcon.colcon_core.package_discovery:discover_packages(path) check parameters
[0.282s] Level 1:colcon.colcon_core.package_discovery:discover_packages(colcon_meta) discover
[0.282s] Level 1:colcon.colcon_core.package_discovery:discover_packages(recursive) discover
[0.282s] INFO:colcon.colcon_core.package_discovery:Crawling recursively for packages in '/home/ws'
[0.282s] Level 1:colcon.colcon_core.package_identification:_identify(.) by extensions ['ignore', 'ignore_ament_install']
[0.282s] Level 1:colcon.colcon_core.package_identification:_identify(.) by extension 'ignore'
[0.282s] Level 1:colcon.colcon_core.package_identification:_identify(.) by extension 'ignore_ament_install'
[0.282s] Level 1:colcon.colcon_core.package_identification:_identify(.) by extensions ['colcon_pkg']
[0.282s] Level 1:colcon.colcon_core.package_identification:_identify(.) by extension 'colcon_pkg'
[0.282s] Level 1:colcon.colcon_core.package_identification:_identify(.) by extensions ['colcon_meta']
[0.282s] Level 1:colcon.colcon_core.package_identification:_identify(.) by extension 'colcon_meta'
[0.282s] Level 1:colcon.colcon_core.package_identification:_identify(.) by extensions ['ros']
[0.283s] Level 1:colcon.colcon_core.package_identification:_identify(.) by extension 'ros'
[0.293s] Level 1:colcon.colcon_core.package_identification:_identify(.) by extensions ['cmake', 'python']
[0.293s] Level 1:colcon.colcon_core.package_identification:_identify(.) by extension 'cmake'
[0.293s] Level 1:colcon.colcon_core.package_identification:_identify(.) by extension 'python'
[0.293s] Level 1:colcon.colcon_core.package_identification:_identify(.) by extensions ['python_setup_py']
[0.293s] Level 1:colcon.colcon_core.package_identification:_identify(.) by extension 'python_setup_py'
[0.293s] Level 1:colcon.colcon_core.package_identification:_identify(build) by extensions ['ignore', 'ignore_ament_install']
[0.293s] Level 1:colcon.colcon_core.package_identification:_identify(build) by extension 'ignore'
[0.293s] Level 1:colcon.colcon_core.package_identification:_identify(build) ignored
[0.293s] Level 1:colcon.colcon_core.package_identification:_identify(install) by extensions ['ignore', 'ignore_ament_install']
[0.293s] Level 1:colcon.colcon_core.package_identification:_identify(install) by extension 'ignore'
[0.293s] Level 1:colcon.colcon_core.package_identification:_identify(install) ignored
[0.294s] Level 1:colcon.colcon_core.package_identification:_identify(log) by extensions ['ignore', 'ignore_ament_install']
[0.294s] Level 1:colcon.colcon_core.package_identification:_identify(log) by extension 'ignore'
[0.294s] Level 1:colcon.colcon_core.package_identification:_identify(log) ignored
[0.294s] Level 1:colcon.colcon_core.package_identification:_identify(src) by extensions ['ignore', 'ignore_ament_install']
[0.294s] Level 1:colcon.colcon_core.package_identification:_identify(src) by extension 'ignore'
[0.294s] Level 1:colcon.colcon_core.package_identification:_identify(src) by extension 'ignore_ament_install'
[0.294s] Level 1:colcon.colcon_core.package_identification:_identify(src) by extensions ['colcon_pkg']
[0.294s] Level 1:colcon.colcon_core.package_identification:_identify(src) by extension 'colcon_pkg'
[0.294s] Level 1:colcon.colcon_core.package_identification:_identify(src) by extensions ['colcon_meta']
[0.294s] Level 1:colcon.colcon_core.package_identification:_identify(src) by extension 'colcon_meta'
[0.294s] Level 1:colcon.colcon_core.package_identification:_identify(src) by extensions ['ros']
[0.294s] Level 1:colcon.colcon_core.package_identification:_identify(src) by extension 'ros'
[0.297s] DEBUG:colcon.colcon_core.package_identification:Package 'src' with type 'ros.ament_cmake' and name 'tesi'
[0.297s] Level 1:colcon.colcon_core.package_discovery:discover_packages(recursive) using defaults
[0.297s] Level 1:colcon.colcon_core.package_discovery:discover_packages(ignore) discover
[0.297s] Level 1:colcon.colcon_core.package_discovery:discover_packages(ignore) using defaults
[0.297s] Level 1:colcon.colcon_core.package_discovery:discover_packages(path) discover
[0.297s] Level 1:colcon.colcon_core.package_discovery:discover_packages(path) using defaults
[0.315s] Level 5:colcon.colcon_core.verb:set package 'tesi' build argument 'cmake_args' from command line to 'None'
[0.315s] Level 5:colcon.colcon_core.verb:set package 'tesi' build argument 'cmake_target' from command line to 'None'
[0.315s] Level 5:colcon.colcon_core.verb:set package 'tesi' build argument 'cmake_target_skip_unavailable' from command line to 'False'
[0.315s] Level 5:colcon.colcon_core.verb:set package 'tesi' build argument 'cmake_clean_cache' from command line to 'False'
[0.315s] Level 5:colcon.colcon_core.verb:set package 'tesi' build argument 'cmake_clean_first' from command line to 'False'
[0.315s] Level 5:colcon.colcon_core.verb:set package 'tesi' build argument 'cmake_force_configure' from command line to 'False'
[0.315s] Level 5:colcon.colcon_core.verb:set package 'tesi' build argument 'ament_cmake_args' from command line to 'None'
[0.315s] Level 5:colcon.colcon_core.verb:set package 'tesi' build argument 'catkin_cmake_args' from command line to 'None'
[0.315s] Level 5:colcon.colcon_core.verb:set package 'tesi' build argument 'catkin_skip_building_tests' from command line to 'False'
[0.315s] DEBUG:colcon.colcon_core.verb:Building package 'tesi' with the following arguments: {'ament_cmake_args': None, 'build_base': '/home/ws/build/tesi', 'catkin_cmake_args': None, 'catkin_skip_building_tests': False, 'cmake_args': None, 'cmake_clean_cache': False, 'cmake_clean_first': False, 'cmake_force_configure': False, 'cmake_target': None, 'cmake_target_skip_unavailable': False, 'install_base': '/home/ws/install/tesi', 'merge_install': False, 'path': '/home/ws/src', 'symlink_install': False, 'test_result_base': None}
[0.315s] INFO:colcon.colcon_core.executor:Executing jobs using 'parallel' executor
[0.316s] DEBUG:colcon.colcon_parallel_executor.executor.parallel:run_until_complete
[0.317s] INFO:colcon.colcon_ros.task.ament_cmake.build:Building ROS package in '/home/ws/src' with build type 'ament_cmake'
[0.317s] INFO:colcon.colcon_cmake.task.cmake.build:Building CMake package in '/home/ws/src'
[0.319s] INFO:colcon.colcon_core.plugin_system:Skipping extension 'colcon_core.shell.bat': Not used on non-Windows systems
[0.319s] INFO:colcon.colcon_core.shell:Skip shell extension 'powershell' for command environment: Not usable outside of PowerShell
[0.319s] DEBUG:colcon.colcon_core.shell:Skip shell extension 'dsv' for command environment
[0.330s] DEBUG:colcon.colcon_core.event_handler.log_command:Invoking command in '/home/ws/build/tesi': CMAKE_PREFIX_PATH=/opt/ros/humble /usr/bin/cmake --build /home/ws/build/tesi -- -j12 -l12
[13.009s] DEBUG:colcon.colcon_core.event_handler.log_command:Invoked command in '/home/ws/build/tesi' returned '0': CMAKE_PREFIX_PATH=/opt/ros/humble /usr/bin/cmake --build /home/ws/build/tesi -- -j12 -l12
[13.050s] DEBUG:colcon.colcon_core.event_handler.log_command:Invoking command in '/home/ws/build/tesi': CMAKE_PREFIX_PATH=/opt/ros/humble /usr/bin/cmake --install /home/ws/build/tesi
[13.073s] Level 1:colcon.colcon_core.environment:create_environment_scripts_only(tesi)
[13.074s] DEBUG:colcon.colcon_core.event_handler.log_command:Invoked command in '/home/ws/build/tesi' returned '0': CMAKE_PREFIX_PATH=/opt/ros/humble /usr/bin/cmake --install /home/ws/build/tesi
[13.077s] Level 1:colcon.colcon_core.environment:checking '/home/ws/install/tesi' for CMake module files
[13.077s] Level 1:colcon.colcon_core.environment:checking '/home/ws/install/tesi' for CMake config files
[13.077s] Level 1:colcon.colcon_core.shell:create_environment_hook('tesi', 'cmake_prefix_path')
[13.078s] INFO:colcon.colcon_core.shell:Creating environment hook '/home/ws/install/tesi/share/tesi/hook/cmake_prefix_path.ps1'
[13.078s] INFO:colcon.colcon_core.shell:Creating environment descriptor '/home/ws/install/tesi/share/tesi/hook/cmake_prefix_path.dsv'
[13.079s] INFO:colcon.colcon_core.shell:Creating environment hook '/home/ws/install/tesi/share/tesi/hook/cmake_prefix_path.sh'
[13.080s] Level 1:colcon.colcon_core.environment:checking '/home/ws/install/tesi/lib'
[13.080s] Level 1:colcon.colcon_core.environment:checking '/home/ws/install/tesi/bin'
[13.080s] Level 1:colcon.colcon_core.environment:checking '/home/ws/install/tesi/lib/pkgconfig/tesi.pc'
[13.092s] Level 1:colcon.colcon_core.environment:checking '/home/ws/install/tesi/lib/python3.10/site-packages'
[13.092s] Level 1:colcon.colcon_core.environment:checking '/home/ws/install/tesi/bin'
[13.092s] INFO:colcon.colcon_core.shell:Creating package script '/home/ws/install/tesi/share/tesi/package.ps1'
[13.094s] INFO:colcon.colcon_core.shell:Creating package descriptor '/home/ws/install/tesi/share/tesi/package.dsv'
[13.094s] INFO:colcon.colcon_core.shell:Creating package script '/home/ws/install/tesi/share/tesi/package.sh'
[13.095s] INFO:colcon.colcon_core.shell:Creating package script '/home/ws/install/tesi/share/tesi/package.bash'
[13.096s] INFO:colcon.colcon_core.shell:Creating package script '/home/ws/install/tesi/share/tesi/package.zsh'
[13.097s] Level 1:colcon.colcon_core.environment:create_file_with_runtime_dependencies(/home/ws/install/tesi/share/colcon-core/packages/tesi)
[13.124s] Level 1:colcon.colcon_core.environment:create_environment_scripts_only(tesi)
[13.124s] Level 1:colcon.colcon_core.environment:checking '/home/ws/install/tesi' for CMake module files
[13.125s] Level 1:colcon.colcon_core.environment:checking '/home/ws/install/tesi' for CMake config files
[13.125s] Level 1:colcon.colcon_core.shell:create_environment_hook('tesi', 'cmake_prefix_path')
[13.125s] INFO:colcon.colcon_core.shell:Creating environment hook '/home/ws/install/tesi/share/tesi/hook/cmake_prefix_path.ps1'
[13.126s] INFO:colcon.colcon_core.shell:Creating environment descriptor '/home/ws/install/tesi/share/tesi/hook/cmake_prefix_path.dsv'
[13.126s] INFO:colcon.colcon_core.shell:Creating environment hook '/home/ws/install/tesi/share/tesi/hook/cmake_prefix_path.sh'
[13.126s] Level 1:colcon.colcon_core.environment:checking '/home/ws/install/tesi/lib'
[13.127s] Level 1:colcon.colcon_core.environment:checking '/home/ws/install/tesi/bin'
[13.127s] Level 1:colcon.colcon_core.environment:checking '/home/ws/install/tesi/lib/pkgconfig/tesi.pc'
[13.127s] Level 1:colcon.colcon_core.environment:checking '/home/ws/install/tesi/lib/python3.10/site-packages'
[13.127s] Level 1:colcon.colcon_core.environment:checking '/home/ws/install/tesi/bin'
[13.127s] INFO:colcon.colcon_core.shell:Creating package script '/home/ws/install/tesi/share/tesi/package.ps1'
[13.128s] INFO:colcon.colcon_core.shell:Creating package descriptor '/home/ws/install/tesi/share/tesi/package.dsv'
[13.128s] INFO:colcon.colcon_core.shell:Creating package script '/home/ws/install/tesi/share/tesi/package.sh'
[13.129s] INFO:colcon.colcon_core.shell:Creating package script '/home/ws/install/tesi/share/tesi/package.bash'
[13.130s] INFO:colcon.colcon_core.shell:Creating package script '/home/ws/install/tesi/share/tesi/package.zsh'
[13.130s] Level 1:colcon.colcon_core.environment:create_file_with_runtime_dependencies(/home/ws/install/tesi/share/colcon-core/packages/tesi)
[13.130s] DEBUG:colcon.colcon_parallel_executor.executor.parallel:closing loop
[13.130s] DEBUG:colcon.colcon_parallel_executor.executor.parallel:loop closed
[13.130s] DEBUG:colcon.colcon_parallel_executor.executor.parallel:run_until_complete finished with '0'
[13.131s] DEBUG:colcon.colcon_core.event_reactor:joining thread
[13.136s] INFO:colcon.colcon_core.plugin_system:Skipping extension 'colcon_notification.desktop_notification.notify_send': Could not find 'notify-send'
[13.136s] INFO:colcon.colcon_core.plugin_system:Skipping extension 'colcon_notification.desktop_notification.terminal_notifier': Not used on non-Darwin systems
[13.136s] INFO:colcon.colcon_core.plugin_system:Skipping extension 'colcon_notification.desktop_notification.win32': Not used on non-Windows systems
[13.136s] INFO:colcon.colcon_notification.desktop_notification:Sending desktop notification using 'notify2'
[13.139s] DEBUG:colcon.colcon_notification.desktop_notification.notify2:Failed to initialize notify2: org.freedesktop.DBus.Error.Spawn.ExecFailed: /usr/bin/dbus-launch terminated abnormally without any error message
[13.139s] DEBUG:colcon.colcon_core.event_reactor:joined thread
[13.140s] INFO:colcon.colcon_core.shell:Creating prefix script '/home/ws/install/local_setup.ps1'
[13.141s] INFO:colcon.colcon_core.shell:Creating prefix util module '/home/ws/install/_local_setup_util_ps1.py'
[13.143s] INFO:colcon.colcon_core.shell:Creating prefix chain script '/home/ws/install/setup.ps1'
[13.145s] INFO:colcon.colcon_core.shell:Creating prefix script '/home/ws/install/local_setup.sh'
[13.146s] INFO:colcon.colcon_core.shell:Creating prefix util module '/home/ws/install/_local_setup_util_sh.py'
[13.146s] INFO:colcon.colcon_core.shell:Creating prefix chain script '/home/ws/install/setup.sh'
[13.147s] INFO:colcon.colcon_core.shell:Creating prefix script '/home/ws/install/local_setup.bash'
[13.148s] INFO:colcon.colcon_core.shell:Creating prefix chain script '/home/ws/install/setup.bash'
[13.149s] INFO:colcon.colcon_core.shell:Creating prefix script '/home/ws/install/local_setup.zsh'
[13.150s] INFO:colcon.colcon_core.shell:Creating prefix chain script '/home/ws/install/setup.zsh'
