[0.009s] Invoking command in '/home/ws/build/tesi': CMAKE_PREFIX_PATH=/opt/ros/humble /usr/bin/cmake --build /home/ws/build/tesi -- -j12 -l12
[0.047s] [35m[1mConsolidate compiler generated dependencies of target octo_benchmark[0m
[0.056s] [ 66%] Built target octo_planner
[0.056s] [ 66%] Built target octo_publisher
[0.070s] [ 83%] [32mBuilding CXX object CMakeFiles/octo_benchmark.dir/tesi/src/octo_benchmark.cpp.o[0m
[10.873s] [100%] [32m[1mLinking CXX executable octo_benchmark[0m
[11.385s] [100%] Built target octo_benchmark
[11.395s] Invoked command in '/home/ws/build/tesi' returned '0': CMAKE_PREFIX_PATH=/opt/ros/humble /usr/bin/cmake --build /home/ws/build/tesi -- -j12 -l12
[11.424s] Invoking command in '/home/ws/build/tesi': CMAKE_PREFIX_PATH=/opt/ros/humble /usr/bin/cmake --install /home/ws/build/tesi
[11.430s] -- Install configuration: ""
[11.431s] -- Execute custom install script
[11.431s] -- Up-to-date symlink: /home/ws/install/tesi/lib/tesi/octo_publisher
[11.431s] -- Up-to-date symlink: /home/ws/install/tesi/lib/tesi/octo_planner
[11.431s] -- Up-to-date symlink: /home/ws/install/tesi/lib/tesi/octo_benchmark
[11.431s] -- Up-to-date symlink: /home/ws/install/tesi/share/ament_index/resource_index/package_run_dependencies/tesi
[11.431s] -- Up-to-date symlink: /home/ws/install/tesi/share/ament_index/resource_index/parent_prefix_path/tesi
[11.432s] -- Up-to-date symlink: /home/ws/install/tesi/share/tesi/environment/ament_prefix_path.sh
[11.432s] -- Up-to-date symlink: /home/ws/install/tesi/share/tesi/environment/ament_prefix_path.dsv
[11.432s] -- Up-to-date symlink: /home/ws/install/tesi/share/tesi/environment/path.sh
[11.432s] -- Up-to-date symlink: /home/ws/install/tesi/share/tesi/environment/path.dsv
[11.432s] -- Up-to-date symlink: /home/ws/install/tesi/share/tesi/local_setup.bash
[11.432s] -- Up-to-date symlink: /home/ws/install/tesi/share/tesi/local_setup.sh
[11.432s] -- Up-to-date symlink: /home/ws/install/tesi/share/tesi/local_setup.zsh
[11.432s] -- Up-to-date symlink: /home/ws/install/tesi/share/tesi/local_setup.dsv
[11.432s] -- Symlinking: /home/ws/install/tesi/share/tesi/package.dsv
[11.441s] -- Up-to-date symlink: /home/ws/install/tesi/share/ament_index/resource_index/packages/tesi
[11.441s] -- Up-to-date symlink: /home/ws/install/tesi/share/tesi/cmake/tesiConfig.cmake
[11.441s] -- Up-to-date symlink: /home/ws/install/tesi/share/tesi/cmake/tesiConfig-version.cmake
[11.441s] -- Up-to-date symlink: /home/ws/install/tesi/share/tesi/package.xml
[11.443s] Invoked command in '/home/ws/build/tesi' returned '0': CMAKE_PREFIX_PATH=/opt/ros/humble /usr/bin/cmake --install /home/ws/build/tesi
