[4.745s] DEBUG:colcon:Command line arguments: ['/usr/bin/colcon', 'build']
[4.745s] DEBUG:colcon:Parsed command line arguments: Namespace(log_base=None, log_level=None, verb_name='build', build_base='build', install_base='install', merge_install=False, symlink_install=False, test_result_base=None, continue_on_error=False, executor='parallel', parallel_workers=12, event_handlers=None, ignore_user_meta=False, metas=['./colcon.meta'], base_paths=['.'], packages_ignore=None, packages_ignore_regex=None, paths=None, packages_up_to=None, packages_up_to_regex=None, packages_above=None, packages_above_and_dependencies=None, packages_above_depth=None, packages_select_by_dep=None, packages_skip_by_dep=None, packages_skip_up_to=None, packages_select_build_failed=False, packages_skip_build_finished=False, packages_select_test_failures=False, packages_skip_test_passed=False, packages_select=None, packages_skip=None, packages_select_regex=None, packages_skip_regex=None, packages_start=None, packages_end=None, cmake_args=None, cmake_target=None, cmake_target_skip_unavailable=False, cmake_clean_cache=False, cmake_clean_first=False, cmake_force_configure=False, ament_cmake_args=None, catkin_cmake_args=None, catkin_skip_building_tests=False, mixin_files=None, mixin=None, verb_parser=<colcon_mixin.mixin.mixin_argument.MixinArgumentDecorator object at 0x72feeeeb6560>, verb_extension=<colcon_core.verb.build.BuildVerb object at 0x72feeefaad10>, main=<bound method BuildVerb.main of <colcon_core.verb.build.BuildVerb object at 0x72feeefaad10>>, mixin_verb=('build',))
[9.929s] Level 1:colcon.colcon_core.package_discovery:discover_packages(colcon_meta) check parameters
[9.992s] INFO:colcon.colcon_metadata.package_discovery.colcon_meta:Using configuration from '/root/.colcon/metadata/default/Gazebo.meta'
[9.995s] INFO:colcon.colcon_metadata.package_discovery.colcon_meta:Using configuration from '/root/.colcon/metadata/default/fastrtps.meta'
[9.995s] Level 1:colcon.colcon_core.package_discovery:discover_packages(recursive) check parameters
[9.995s] Level 1:colcon.colcon_core.package_discovery:discover_packages(ignore) check parameters
[9.995s] Level 1:colcon.colcon_core.package_discovery:discover_packages(path) check parameters
[9.996s] Level 1:colcon.colcon_core.package_discovery:discover_packages(colcon_meta) discover
[9.996s] Level 1:colcon.colcon_core.package_discovery:discover_packages(recursive) discover
[9.996s] INFO:colcon.colcon_core.package_discovery:Crawling recursively for packages in '/home/ws'
[9.996s] Level 1:colcon.colcon_core.package_identification:_identify(.) by extensions ['ignore', 'ignore_ament_install']
[9.997s] Level 1:colcon.colcon_core.package_identification:_identify(.) by extension 'ignore'
[9.997s] Level 1:colcon.colcon_core.package_identification:_identify(.) by extension 'ignore_ament_install'
[9.997s] Level 1:colcon.colcon_core.package_identification:_identify(.) by extensions ['colcon_pkg']
[9.997s] Level 1:colcon.colcon_core.package_identification:_identify(.) by extension 'colcon_pkg'
[9.997s] Level 1:colcon.colcon_core.package_identification:_identify(.) by extensions ['colcon_meta']
[9.998s] Level 1:colcon.colcon_core.package_identification:_identify(.) by extension 'colcon_meta'
[9.998s] Level 1:colcon.colcon_core.package_identification:_identify(.) by extensions ['ros']
[9.998s] Level 1:colcon.colcon_core.package_identification:_identify(.) by extension 'ros'
[10.651s] Level 1:colcon.colcon_core.package_identification:_identify(.) by extensions ['cmake', 'python']
[10.652s] Level 1:colcon.colcon_core.package_identification:_identify(.) by extension 'cmake'
[10.652s] Level 1:colcon.colcon_core.package_identification:_identify(.) by extension 'python'
[10.652s] Level 1:colcon.colcon_core.package_identification:_identify(.) by extensions ['python_setup_py']
[10.652s] Level 1:colcon.colcon_core.package_identification:_identify(.) by extension 'python_setup_py'
[10.652s] Level 1:colcon.colcon_core.package_identification:_identify(build) by extensions ['ignore', 'ignore_ament_install']
[10.653s] Level 1:colcon.colcon_core.package_identification:_identify(build) by extension 'ignore'
[10.653s] Level 1:colcon.colcon_core.package_identification:_identify(build) ignored
[10.653s] Level 1:colcon.colcon_core.package_identification:_identify(install) by extensions ['ignore', 'ignore_ament_install']
[10.653s] Level 1:colcon.colcon_core.package_identification:_identify(install) by extension 'ignore'
[10.653s] Level 1:colcon.colcon_core.package_identification:_identify(install) ignored
[10.654s] Level 1:colcon.colcon_core.package_identification:_identify(log) by extensions ['ignore', 'ignore_ament_install']
[10.654s] Level 1:colcon.colcon_core.package_identification:_identify(log) by extension 'ignore'
[10.654s] Level 1:colcon.colcon_core.package_identification:_identify(log) ignored
[10.655s] Level 1:colcon.colcon_core.package_identification:_identify(src) by extensions ['ignore', 'ignore_ament_install']
[10.655s] Level 1:colcon.colcon_core.package_identification:_identify(src) by extension 'ignore'
[10.655s] Level 1:colcon.colcon_core.package_identification:_identify(src) by extension 'ignore_ament_install'
[10.655s] Level 1:colcon.colcon_core.package_identification:_identify(src) by extensions ['colcon_pkg']
[10.655s] Level 1:colcon.colcon_core.package_identification:_identify(src) by extension 'colcon_pkg'
[10.656s] Level 1:colcon.colcon_core.package_identification:_identify(src) by extensions ['colcon_meta']
[10.656s] Level 1:colcon.colcon_core.package_identification:_identify(src) by extension 'colcon_meta'
[10.656s] Level 1:colcon.colcon_core.package_identification:_identify(src) by extensions ['ros']
[10.656s] Level 1:colcon.colcon_core.package_identification:_identify(src) by extension 'ros'
[10.847s] DEBUG:colcon.colcon_core.package_identification:Package 'src' with type 'ros.ament_cmake' and name 'tesi'
[10.847s] Level 1:colcon.colcon_core.package_discovery:discover_packages(recursive) using defaults
[10.847s] Level 1:colcon.colcon_core.package_discovery:discover_packages(ignore) discover
[10.847s] Level 1:colcon.colcon_core.package_discovery:discover_packages(ignore) using defaults
[10.847s] Level 1:colcon.colcon_core.package_discovery:discover_packages(path) discover
[10.847s] Level 1:colcon.colcon_core.package_discovery:discover_packages(path) using defaults
[11.763s] Level 5:colcon.colcon_core.verb:set package 'tesi' build argument 'cmake_args' from command line to 'None'
[11.763s] Level 5:colcon.colcon_core.verb:set package 'tesi' build argument 'cmake_target' from command line to 'None'
[11.763s] Level 5:colcon.colcon_core.verb:set package 'tesi' build argument 'cmake_target_skip_unavailable' from command line to 'False'
[11.763s] Level 5:colcon.colcon_core.verb:set package 'tesi' build argument 'cmake_clean_cache' from command line to 'False'
[11.764s] Level 5:colcon.colcon_core.verb:set package 'tesi' build argument 'cmake_clean_first' from command line to 'False'
[11.764s] Level 5:colcon.colcon_core.verb:set package 'tesi' build argument 'cmake_force_configure' from command line to 'False'
[11.764s] Level 5:colcon.colcon_core.verb:set package 'tesi' build argument 'ament_cmake_args' from command line to 'None'
[11.764s] Level 5:colcon.colcon_core.verb:set package 'tesi' build argument 'catkin_cmake_args' from command line to 'None'
[11.764s] Level 5:colcon.colcon_core.verb:set package 'tesi' build argument 'catkin_skip_building_tests' from command line to 'False'
[11.765s] DEBUG:colcon.colcon_core.verb:Building package 'tesi' with the following arguments: {'ament_cmake_args': None, 'build_base': '/home/ws/build/tesi', 'catkin_cmake_args': None, 'catkin_skip_building_tests': False, 'cmake_args': None, 'cmake_clean_cache': False, 'cmake_clean_first': False, 'cmake_force_configure': False, 'cmake_target': None, 'cmake_target_skip_unavailable': False, 'install_base': '/home/ws/install/tesi', 'merge_install': False, 'path': '/home/ws/src', 'symlink_install': False, 'test_result_base': None}
[11.765s] INFO:colcon.colcon_core.executor:Executing jobs using 'parallel' executor
[11.770s] DEBUG:colcon.colcon_parallel_executor.executor.parallel:run_until_complete
[11.771s] INFO:colcon.colcon_ros.task.ament_cmake.build:Building ROS package in '/home/ws/src' with build type 'ament_cmake'
[11.771s] INFO:colcon.colcon_cmake.task.cmake.build:Building CMake package in '/home/ws/src'
[11.947s] INFO:colcon.colcon_core.plugin_system:Skipping extension 'colcon_core.shell.bat': Not used on non-Windows systems
[11.948s] INFO:colcon.colcon_core.shell:Skip shell extension 'powershell' for command environment: Not usable outside of PowerShell
[11.948s] DEBUG:colcon.colcon_core.shell:Skip shell extension 'dsv' for command environment
[12.034s] DEBUG:colcon.colcon_core.event_handler.log_command:Invoking command in '/home/ws/build/tesi': CMAKE_PREFIX_PATH=/opt/ros/humble /usr/bin/cmake --build /home/ws/build/tesi -- -j12 -l12
[49.636s] DEBUG:colcon.colcon_core.event_handler.log_command:Invoked command in '/home/ws/build/tesi' returned '0': CMAKE_PREFIX_PATH=/opt/ros/humble /usr/bin/cmake --build /home/ws/build/tesi -- -j12 -l12
[49.727s] DEBUG:colcon.colcon_core.event_handler.log_command:Invoking command in '/home/ws/build/tesi': CMAKE_PREFIX_PATH=/opt/ros/humble /usr/bin/cmake --install /home/ws/build/tesi
[49.849s] Level 1:colcon.colcon_core.environment:create_environment_scripts_only(tesi)
[49.850s] DEBUG:colcon.colcon_core.event_handler.log_command:Invoked command in '/home/ws/build/tesi' returned '0': CMAKE_PREFIX_PATH=/opt/ros/humble /usr/bin/cmake --install /home/ws/build/tesi
[49.928s] Level 1:colcon.colcon_core.environment:checking '/home/ws/install/tesi' for CMake module files
[49.931s] Level 1:colcon.colcon_core.environment:checking '/home/ws/install/tesi' for CMake config files
[49.932s] Level 1:colcon.colcon_core.shell:create_environment_hook('tesi', 'cmake_prefix_path')
[49.933s] INFO:colcon.colcon_core.shell:Creating environment hook '/home/ws/install/tesi/share/tesi/hook/cmake_prefix_path.ps1'
[49.936s] INFO:colcon.colcon_core.shell:Creating environment descriptor '/home/ws/install/tesi/share/tesi/hook/cmake_prefix_path.dsv'
[49.950s] INFO:colcon.colcon_core.shell:Creating environment hook '/home/ws/install/tesi/share/tesi/hook/cmake_prefix_path.sh'
[49.954s] Level 1:colcon.colcon_core.environment:checking '/home/ws/install/tesi/lib'
[49.954s] Level 1:colcon.colcon_core.environment:checking '/home/ws/install/tesi/bin'
[49.955s] Level 1:colcon.colcon_core.environment:checking '/home/ws/install/tesi/lib/pkgconfig/tesi.pc'
[49.960s] Level 1:colcon.colcon_core.environment:checking '/home/ws/install/tesi/lib/python3.10/site-packages'
[49.960s] Level 1:colcon.colcon_core.environment:checking '/home/ws/install/tesi/bin'
[49.961s] INFO:colcon.colcon_core.shell:Creating package script '/home/ws/install/tesi/share/tesi/package.ps1'
[49.963s] INFO:colcon.colcon_core.shell:Creating package descriptor '/home/ws/install/tesi/share/tesi/package.dsv'
[49.973s] INFO:colcon.colcon_core.shell:Creating package script '/home/ws/install/tesi/share/tesi/package.sh'
[49.975s] INFO:colcon.colcon_core.shell:Creating package script '/home/ws/install/tesi/share/tesi/package.bash'
[49.990s] INFO:colcon.colcon_core.shell:Creating package script '/home/ws/install/tesi/share/tesi/package.zsh'
[50.004s] Level 1:colcon.colcon_core.environment:create_file_with_runtime_dependencies(/home/ws/install/tesi/share/colcon-core/packages/tesi)
[50.087s] Level 1:colcon.colcon_core.environment:create_environment_scripts_only(tesi)
[50.087s] Level 1:colcon.colcon_core.environment:checking '/home/ws/install/tesi' for CMake module files
[50.088s] Level 1:colcon.colcon_core.environment:checking '/home/ws/install/tesi' for CMake config files
[50.089s] Level 1:colcon.colcon_core.shell:create_environment_hook('tesi', 'cmake_prefix_path')
[50.089s] INFO:colcon.colcon_core.shell:Creating environment hook '/home/ws/install/tesi/share/tesi/hook/cmake_prefix_path.ps1'
[50.092s] INFO:colcon.colcon_core.shell:Creating environment descriptor '/home/ws/install/tesi/share/tesi/hook/cmake_prefix_path.dsv'
[50.092s] INFO:colcon.colcon_core.shell:Creating environment hook '/home/ws/install/tesi/share/tesi/hook/cmake_prefix_path.sh'
[50.094s] Level 1:colcon.colcon_core.environment:checking '/home/ws/install/tesi/lib'
[50.095s] Level 1:colcon.colcon_core.environment:checking '/home/ws/install/tesi/bin'
[50.095s] Level 1:colcon.colcon_core.environment:checking '/home/ws/install/tesi/lib/pkgconfig/tesi.pc'
[50.096s] Level 1:colcon.colcon_core.environment:checking '/home/ws/install/tesi/lib/python3.10/site-packages'
[50.096s] Level 1:colcon.colcon_core.environment:checking '/home/ws/install/tesi/bin'
[50.097s] INFO:colcon.colcon_core.shell:Creating package script '/home/ws/install/tesi/share/tesi/package.ps1'
[50.098s] INFO:colcon.colcon_core.shell:Creating package descriptor '/home/ws/install/tesi/share/tesi/package.dsv'
[50.100s] INFO:colcon.colcon_core.shell:Creating package script '/home/ws/install/tesi/share/tesi/package.sh'
[50.101s] INFO:colcon.colcon_core.shell:Creating package script '/home/ws/install/tesi/share/tesi/package.bash'
[50.101s] INFO:colcon.colcon_core.shell:Creating package script '/home/ws/install/tesi/share/tesi/package.zsh'
[50.102s] Level 1:colcon.colcon_core.environment:create_file_with_runtime_dependencies(/home/ws/install/tesi/share/colcon-core/packages/tesi)
[50.103s] DEBUG:colcon.colcon_parallel_executor.executor.parallel:closing loop
[50.104s] DEBUG:colcon.colcon_parallel_executor.executor.parallel:loop closed
[50.105s] DEBUG:colcon.colcon_parallel_executor.executor.parallel:run_until_complete finished with '0'
[50.105s] DEBUG:colcon.colcon_core.event_reactor:joining thread
[50.156s] INFO:colcon.colcon_core.plugin_system:Skipping extension 'colcon_notification.desktop_notification.notify_send': Could not find 'notify-send'
[50.156s] INFO:colcon.colcon_core.plugin_system:Skipping extension 'colcon_notification.desktop_notification.terminal_notifier': Not used on non-Darwin systems
[50.156s] INFO:colcon.colcon_core.plugin_system:Skipping extension 'colcon_notification.desktop_notification.win32': Not used on non-Windows systems
[50.156s] INFO:colcon.colcon_notification.desktop_notification:Sending desktop notification using 'notify2'
[50.294s] DEBUG:colcon.colcon_notification.desktop_notification.notify2:Failed to initialize notify2: org.freedesktop.DBus.Error.Spawn.ExecFailed: /usr/bin/dbus-launch terminated abnormally without any error message
[50.295s] DEBUG:colcon.colcon_core.event_reactor:joined thread
[50.295s] INFO:colcon.colcon_core.shell:Creating prefix script '/home/ws/install/local_setup.ps1'
[50.298s] INFO:colcon.colcon_core.shell:Creating prefix util module '/home/ws/install/_local_setup_util_ps1.py'
[50.316s] INFO:colcon.colcon_core.shell:Creating prefix chain script '/home/ws/install/setup.ps1'
[50.318s] INFO:colcon.colcon_core.shell:Creating prefix script '/home/ws/install/local_setup.sh'
[50.326s] INFO:colcon.colcon_core.shell:Creating prefix util module '/home/ws/install/_local_setup_util_sh.py'
[50.327s] INFO:colcon.colcon_core.shell:Creating prefix chain script '/home/ws/install/setup.sh'
[50.329s] INFO:colcon.colcon_core.shell:Creating prefix script '/home/ws/install/local_setup.bash'
[50.330s] INFO:colcon.colcon_core.shell:Creating prefix chain script '/home/ws/install/setup.bash'
[50.332s] INFO:colcon.colcon_core.shell:Creating prefix script '/home/ws/install/local_setup.zsh'
[50.334s] INFO:colcon.colcon_core.shell:Creating prefix chain script '/home/ws/install/setup.zsh'
