[0.008s] Invoking command in '/home/ws/build/tesi': CMAKE_PREFIX_PATH=/opt/ros/humble /usr/bin/cmake --build /home/ws/build/tesi -- -j12 -l12
[0.047s] [ 50%] Built target octo_publisher
[0.047s] [100%] Built target octo_planner
[0.054s] Invoked command in '/home/ws/build/tesi' returned '0': CMAKE_PREFIX_PATH=/opt/ros/humble /usr/bin/cmake --build /home/ws/build/tesi -- -j12 -l12
[0.077s] Invoking command in '/home/ws/build/tesi': CMAKE_PREFIX_PATH=/opt/ros/humble /usr/bin/cmake --install /home/ws/build/tesi
[0.082s] -- Install configuration: ""
[0.082s] -- Up-to-date: /home/ws/install/tesi/lib/tesi/octo_publisher
[0.082s] -- Up-to-date: /home/ws/install/tesi/share/ament_index/resource_index/package_run_dependencies/tesi
[0.083s] -- Up-to-date: /home/ws/install/tesi/share/ament_index/resource_index/parent_prefix_path/tesi
[0.083s] -- Up-to-date: /home/ws/install/tesi/share/tesi/environment/ament_prefix_path.sh
[0.083s] -- Up-to-date: /home/ws/install/tesi/share/tesi/environment/ament_prefix_path.dsv
[0.083s] -- Up-to-date: /home/ws/install/tesi/share/tesi/environment/path.sh
[0.083s] -- Up-to-date: /home/ws/install/tesi/share/tesi/environment/path.dsv
[0.083s] -- Up-to-date: /home/ws/install/tesi/share/tesi/local_setup.bash
[0.083s] -- Up-to-date: /home/ws/install/tesi/share/tesi/local_setup.sh
[0.083s] -- Up-to-date: /home/ws/install/tesi/share/tesi/local_setup.zsh
[0.083s] -- Up-to-date: /home/ws/install/tesi/share/tesi/local_setup.dsv
[0.083s] -- Installing: /home/ws/install/tesi/share/tesi/package.dsv
[0.083s] -- Up-to-date: /home/ws/install/tesi/share/ament_index/resource_index/packages/tesi
[0.083s] -- Up-to-date: /home/ws/install/tesi/share/tesi/cmake/tesiConfig.cmake
[0.084s] -- Up-to-date: /home/ws/install/tesi/share/tesi/cmake/tesiConfig-version.cmake
[0.084s] -- Up-to-date: /home/ws/install/tesi/share/tesi/package.xml
[0.084s] Invoked command in '/home/ws/build/tesi' returned '0': CMAKE_PREFIX_PATH=/opt/ros/humble /usr/bin/cmake --install /home/ws/build/tesi
