[0.009s] Invoking command in '/home/ws/build/tesi': CMAKE_PREFIX_PATH=/opt/ros/humble /usr/bin/cmake --build /home/ws/build/tesi -- -j12 -l12
[0.041s] [35m[1mConsolidate compiler generated dependencies of target octo_planner[0m
[0.050s] [ 50%] Built target octo_publisher
[0.056s] [ 75%] [32mBuilding CXX object CMakeFiles/octo_planner.dir/tesi/src/octo_planner.cpp.o[0m
[9.164s] [100%] [32m[1mLinking CXX executable octo_planner[0m
[9.669s] [100%] Built target octo_planner
[9.678s] Invoked command in '/home/ws/build/tesi' returned '0': CMAKE_PREFIX_PATH=/opt/ros/humble /usr/bin/cmake --build /home/ws/build/tesi -- -j12 -l12
[9.706s] Invoking command in '/home/ws/build/tesi': CMAKE_PREFIX_PATH=/opt/ros/humble /usr/bin/cmake --install /home/ws/build/tesi
[9.711s] -- Install configuration: ""
[9.711s] -- Execute custom install script
[9.712s] -- Up-to-date symlink: /home/ws/install/tesi/lib/tesi/octo_publisher
[9.712s] -- Up-to-date symlink: /home/ws/install/tesi/lib/tesi/octo_planner
[9.712s] -- Up-to-date symlink: /home/ws/install/tesi/share/ament_index/resource_index/package_run_dependencies/tesi
[9.712s] -- Up-to-date symlink: /home/ws/install/tesi/share/ament_index/resource_index/parent_prefix_path/tesi
[9.712s] -- Up-to-date symlink: /home/ws/install/tesi/share/tesi/environment/ament_prefix_path.sh
[9.713s] -- Up-to-date symlink: /home/ws/install/tesi/share/tesi/environment/ament_prefix_path.dsv
[9.713s] -- Up-to-date symlink: /home/ws/install/tesi/share/tesi/environment/path.sh
[9.713s] -- Up-to-date symlink: /home/ws/install/tesi/share/tesi/environment/path.dsv
[9.713s] -- Up-to-date symlink: /home/ws/install/tesi/share/tesi/local_setup.bash
[9.713s] -- Up-to-date symlink: /home/ws/install/tesi/share/tesi/local_setup.sh
[9.713s] -- Up-to-date symlink: /home/ws/install/tesi/share/tesi/local_setup.zsh
[9.713s] -- Up-to-date symlink: /home/ws/install/tesi/share/tesi/local_setup.dsv
[9.713s] -- Symlinking: /home/ws/install/tesi/share/tesi/package.dsv
[9.720s] -- Up-to-date symlink: /home/ws/install/tesi/share/ament_index/resource_index/packages/tesi
[9.720s] -- Up-to-date symlink: /home/ws/install/tesi/share/tesi/cmake/tesiConfig.cmake
[9.720s] -- Up-to-date symlink: /home/ws/install/tesi/share/tesi/cmake/tesiConfig-version.cmake
[9.720s] -- Up-to-date symlink: /home/ws/install/tesi/share/tesi/package.xml
[9.722s] Invoked command in '/home/ws/build/tesi' returned '0': CMAKE_PREFIX_PATH=/opt/ros/humble /usr/bin/cmake --install /home/ws/build/tesi
