[0.011s] Invoking command in '/home/ws/build/tesi': CMAKE_PREFIX_PATH=/opt/ros/humble /usr/bin/cmake --build /home/ws/build/tesi -- -j12 -l12
[0.065s] [35m[1mConsolidate compiler generated dependencies of target octo_planner[0m
[0.076s] [ 50%] Built target octo_publisher
[0.088s] [ 75%] [32mBuilding CXX object CMakeFiles/octo_planner.dir/tesi/src/octo_planner.cpp.o[0m
[11.142s] [100%] [32m[1mLinking CXX executable octo_planner[0m
[11.748s] [100%] Built target octo_planner
[11.762s] Invoked command in '/home/ws/build/tesi' returned '0': CMAKE_PREFIX_PATH=/opt/ros/humble /usr/bin/cmake --build /home/ws/build/tesi -- -j12 -l12
[11.802s] Invoking command in '/home/ws/build/tesi': CMAKE_PREFIX_PATH=/opt/ros/humble /usr/bin/cmake --install /home/ws/build/tesi
[11.809s] -- Install configuration: ""
[11.810s] -- Execute custom install script
[11.810s] -- Up-to-date symlink: /home/ws/install/tesi/lib/tesi/octo_publisher
[11.810s] -- Up-to-date symlink: /home/ws/install/tesi/lib/tesi/octo_planner
[11.810s] -- Up-to-date symlink: /home/ws/install/tesi/share/ament_index/resource_index/package_run_dependencies/tesi
[11.811s] -- Up-to-date symlink: /home/ws/install/tesi/share/ament_index/resource_index/parent_prefix_path/tesi
[11.811s] -- Up-to-date symlink: /home/ws/install/tesi/share/tesi/environment/ament_prefix_path.sh
[11.811s] -- Up-to-date symlink: /home/ws/install/tesi/share/tesi/environment/ament_prefix_path.dsv
[11.811s] -- Up-to-date symlink: /home/ws/install/tesi/share/tesi/environment/path.sh
[11.811s] -- Up-to-date symlink: /home/ws/install/tesi/share/tesi/environment/path.dsv
[11.811s] -- Up-to-date symlink: /home/ws/install/tesi/share/tesi/local_setup.bash
[11.812s] -- Up-to-date symlink: /home/ws/install/tesi/share/tesi/local_setup.sh
[11.812s] -- Up-to-date symlink: /home/ws/install/tesi/share/tesi/local_setup.zsh
[11.812s] -- Up-to-date symlink: /home/ws/install/tesi/share/tesi/local_setup.dsv
[11.812s] -- Symlinking: /home/ws/install/tesi/share/tesi/package.dsv
[11.822s] -- Up-to-date symlink: /home/ws/install/tesi/share/ament_index/resource_index/packages/tesi
[11.822s] -- Up-to-date symlink: /home/ws/install/tesi/share/tesi/cmake/tesiConfig.cmake
[11.822s] -- Up-to-date symlink: /home/ws/install/tesi/share/tesi/cmake/tesiConfig-version.cmake
[11.822s] -- Up-to-date symlink: /home/ws/install/tesi/share/tesi/package.xml
[11.824s] Invoked command in '/home/ws/build/tesi' returned '0': CMAKE_PREFIX_PATH=/opt/ros/humble /usr/bin/cmake --install /home/ws/build/tesi
