[0.028s] Invoking command in '/home/ws/build/tesi': CMAKE_PREFIX_PATH=/opt/ros/humble /usr/bin/cmake --build /home/ws/build/tesi -- -j12 -l12
[0.140s] [35m[1mConsolidate compiler generated dependencies of target octo_planner[0m
[0.193s] [ 33%] Built target octo_publisher
[0.214s] [ 66%] Built target octo_benchmark
[0.243s] [ 83%] [32mBuilding CXX object CMakeFiles/octo_planner.dir/tesi/src/octo_planner.cpp.o[0m
[25.551s] [100%] [32m[1mLinking CXX executable octo_planner[0m
[27.195s] [100%] Built target octo_planner
[27.486s] Invoked command in '/home/ws/build/tesi' returned '0': CMAKE_PREFIX_PATH=/opt/ros/humble /usr/bin/cmake --build /home/ws/build/tesi -- -j12 -l12
[27.563s] Invoking command in '/home/ws/build/tesi': CMAKE_PREFIX_PATH=/opt/ros/humble /usr/bin/cmake --install /home/ws/build/tesi
[27.587s] -- Install configuration: ""
[27.588s] -- Execute custom install script
[27.590s] -- Up-to-date symlink: /home/ws/install/tesi/lib/tesi/octo_publisher
[27.590s] -- Up-to-date symlink: /home/ws/install/tesi/lib/tesi/octo_planner
[27.591s] -- Up-to-date symlink: /home/ws/install/tesi/lib/tesi/octo_benchmark
[27.591s] -- Up-to-date symlink: /home/ws/install/tesi/share/ament_index/resource_index/package_run_dependencies/tesi
[27.592s] -- Up-to-date symlink: /home/ws/install/tesi/share/ament_index/resource_index/parent_prefix_path/tesi
[27.592s] -- Up-to-date symlink: /home/ws/install/tesi/share/tesi/environment/ament_prefix_path.sh
[27.593s] -- Up-to-date symlink: /home/ws/install/tesi/share/tesi/environment/ament_prefix_path.dsv
[27.594s] -- Up-to-date symlink: /home/ws/install/tesi/share/tesi/environment/path.sh
[27.594s] -- Up-to-date symlink: /home/ws/install/tesi/share/tesi/environment/path.dsv
[27.595s] -- Up-to-date symlink: /home/ws/install/tesi/share/tesi/local_setup.bash
[27.595s] -- Up-to-date symlink: /home/ws/install/tesi/share/tesi/local_setup.sh
[27.596s] -- Up-to-date symlink: /home/ws/install/tesi/share/tesi/local_setup.zsh
[27.596s] -- Up-to-date symlink: /home/ws/install/tesi/share/tesi/local_setup.dsv
[27.596s] -- Symlinking: /home/ws/install/tesi/share/tesi/package.dsv
[27.619s] -- Up-to-date symlink: /home/ws/install/tesi/share/ament_index/resource_index/packages/tesi
[27.619s] -- Up-to-date symlink: /home/ws/install/tesi/share/tesi/cmake/tesiConfig.cmake
[27.619s] -- Up-to-date symlink: /home/ws/install/tesi/share/tesi/cmake/tesiConfig-version.cmake
[27.620s] -- Up-to-date symlink: /home/ws/install/tesi/share/tesi/package.xml
[27.625s] Invoked command in '/home/ws/build/tesi' returned '0': CMAKE_PREFIX_PATH=/opt/ros/humble /usr/bin/cmake --install /home/ws/build/tesi
