[35m[1mConsolidate compiler generated dependencies of target octo_planner[0m
[ 50%] Built target octo_publisher
[ 75%] [32mBuilding CXX object CMakeFiles/octo_planner.dir/tesi/src/octo_planner.cpp.o[0m
[01m[K/home/ws/src/tesi/src/octo_planner.cpp:26:11:[m[K [01;31m[Kerror: [m[K‘[01m[Kdouble y1[m[K’ redeclared as different kind of entity
   26 | double x1,[01;31m[Ky1[m[K,z1, x2, y2, z2;
      |           [01;31m[K^~[m[K
In file included from [01m[K/usr/include/features.h:486[m[K,
                 from [01m[K/usr/include/x86_64-linux-gnu/c++/11/bits/os_defines.h:39[m[K,
                 from [01m[K/usr/include/x86_64-linux-gnu/c++/11/bits/c++config.h:586[m[K,
                 from [01m[K/usr/include/c++/11/bits/stl_algobase.h:59[m[K,
                 from [01m[K/usr/include/c++/11/memory:63[m[K,
                 from [01m[K/home/ws/src/tesi/src/octo_planner.cpp:1[m[K:
[01m[K/usr/include/x86_64-linux-gnu/bits/mathcalls.h:224:1:[m[K [01;36m[Knote: [m[Kprevious declaration ‘[01m[Kdouble y1(double)[m[K’
  224 | [01;36m[K__MATHCALL[m[K (y1,, (_Mdouble_));
      | [01;36m[K^~~~~~~~~~[m[K
[01m[K/home/ws/src/tesi/src/octo_planner.cpp:27:30:[m[K [01;31m[Kerror: [m[Kno matching function for call to ‘[01m[Koctomath::Vector3::Vector3(double&, double (&)(double) noexcept, double&)[m[K’
   27 | octomap::point3d min(x1,y1,z1[01;31m[K)[m[K;
      |                              [01;31m[K^[m[K
In file included from [01m[K/opt/ros/humble/include/octomap/octomap_types.h:42[m[K,
                 from [01m[K/opt/ros/humble/include/octomap/octomap.h:34[m[K,
                 from [01m[K/home/ws/src/tesi/src/octo_planner.cpp:14[m[K:
[01m[K/opt/ros/humble/include/octomap/math/Vector3.h:75:5:[m[K [01;36m[Knote: [m[Kcandidate: ‘[01m[Koctomath::Vector3::Vector3(float, float, float)[m[K’
   75 |     [01;36m[KVector3[m[K (float x, float y, float z) {
      |     [01;36m[K^~~~~~~[m[K
[01m[K/opt/ros/humble/include/octomap/math/Vector3.h:75:29:[m[K [01;36m[Knote: [m[K  no known conversion for argument 2 from ‘[01m[Kdouble(double) noexcept[m[K’ to ‘[01m[Kfloat[m[K’
   75 |     Vector3 (float x, [01;36m[Kfloat y[m[K, float z) {
      |                       [01;36m[K~~~~~~^[m[K
[01m[K/opt/ros/humble/include/octomap/math/Vector3.h:63:5:[m[K [01;36m[Knote: [m[Kcandidate: ‘[01m[Koctomath::Vector3::Vector3(const octomath::Vector3&)[m[K’
   63 |     [01;36m[KVector3[m[K (const Vector3& other) {
      |     [01;36m[K^~~~~~~[m[K
[01m[K/opt/ros/humble/include/octomap/math/Vector3.h:63:5:[m[K [01;36m[Knote: [m[K  candidate expects 1 argument, 3 provided
[01m[K/opt/ros/humble/include/octomap/math/Vector3.h:56:5:[m[K [01;36m[Knote: [m[Kcandidate: ‘[01m[Koctomath::Vector3::Vector3()[m[K’
   56 |     [01;36m[KVector3[m[K () { data[0] = data[1] = data[2] = 0.0; }
      |     [01;36m[K^~~~~~~[m[K
[01m[K/opt/ros/humble/include/octomap/math/Vector3.h:56:5:[m[K [01;36m[Knote: [m[K  candidate expects 0 arguments, 3 provided
[01m[K/home/ws/src/tesi/src/octo_planner.cpp:[m[K In member function ‘[01m[Kvoid OctoPlanner::octo_callback(const Octomap&)[m[K’:
[01m[K/home/ws/src/tesi/src/octo_planner.cpp:60:32:[m[K [01;31m[Kerror: [m[Kno matching function for call to ‘[01m[Koctomap::OcTree::getMetricMin(double&, double (&)(double) noexcept, double&)[m[K’
   60 |             [01;31m[Ktree_->getMetricMin(x1,y1,z1)[m[K;
      |             [01;31m[K~~~~~~~~~~~~~~~~~~~^~~~~~~~~~[m[K
In file included from [01m[K/opt/ros/humble/include/octomap/OcTreeBaseImpl.h:573[m[K,
                 from [01m[K/opt/ros/humble/include/octomap/OccupancyOcTreeBase.h:44[m[K,
                 from [01m[K/opt/ros/humble/include/octomap/OcTree.h:38[m[K,
                 from [01m[K/opt/ros/humble/include/octomap/octomap.h:37[m[K,
                 from [01m[K/home/ws/src/tesi/src/octo_planner.cpp:14[m[K:
[01m[K/opt/ros/humble/include/octomap/OcTreeBaseImpl.hxx:942:8:[m[K [01;36m[Knote: [m[Kcandidate: ‘[01m[Kvoid octomap::OcTreeBaseImpl<NODE, INTERFACE>::getMetricMin(double&, double&, double&) [with NODE = octomap::OcTreeNode; INTERFACE = octomap::AbstractOccupancyOcTree][m[K’
  942 |   void [01;36m[KOcTreeBaseImpl<NODE,I>[m[K::getMetricMin(double& x, double& y, double& z){
      |        [01;36m[K^~~~~~~~~~~~~~~~~~~~~~[m[K
[01m[K/opt/ros/humble/include/octomap/OcTreeBaseImpl.hxx:942:64:[m[K [01;36m[Knote: [m[K  no known conversion for argument 2 from ‘[01m[Kdouble(double) noexcept[m[K’ to ‘[01m[Kdouble&[m[K’
  942 |   void OcTreeBaseImpl<NODE,I>::getMetricMin(double& x, [01;36m[Kdouble& y[m[K, double& z){
      |                                                        [01;36m[K~~~~~~~~^[m[K
[01m[K/opt/ros/humble/include/octomap/OcTreeBaseImpl.hxx:960:8:[m[K [01;36m[Knote: [m[Kcandidate: ‘[01m[Kvoid octomap::OcTreeBaseImpl<NODE, INTERFACE>::getMetricMin(double&, double&, double&) const [with NODE = octomap::OcTreeNode; INTERFACE = octomap::AbstractOccupancyOcTree][m[K’
  960 |   void [01;36m[KOcTreeBaseImpl<NODE,I>[m[K::getMetricMin(double& mx, double& my, double& mz) const {
      |        [01;36m[K^~~~~~~~~~~~~~~~~~~~~~[m[K
[01m[K/opt/ros/humble/include/octomap/OcTreeBaseImpl.hxx:960:65:[m[K [01;36m[Knote: [m[K  no known conversion for argument 2 from ‘[01m[Kdouble(double) noexcept[m[K’ to ‘[01m[Kdouble&[m[K’
  960 |   void OcTreeBaseImpl<NODE,I>::getMetricMin(double& mx, [01;36m[Kdouble& my[m[K, double& mz) const {
      |                                                         [01;36m[K~~~~~~~~^~[m[K
[01m[K/home/ws/src/tesi/src/octo_planner.cpp:85:41:[m[K [01;31m[Kerror: [m[K‘[01m[KisStateValid[m[K’ was not declared in this scope
   85 |             si->setStateValidityChecker([01;31m[KisStateValid[m[K);
      |                                         [01;31m[K^~~~~~~~~~~~[m[K
gmake[2]: *** [CMakeFiles/octo_planner.dir/build.make:76: CMakeFiles/octo_planner.dir/tesi/src/octo_planner.cpp.o] Error 1
gmake[1]: *** [CMakeFiles/Makefile2:165: CMakeFiles/octo_planner.dir/all] Error 2
gmake: *** [Makefile:146: all] Error 2
