[44.480s] DEBUG:colcon:Command line arguments: ['/usr/bin/colcon', 'build']
[35.432s] DEBUG:colcon:Command line arguments: ['/usr/bin/colcon', 'build']
[44.481s] DEBUG:colcon:Parsed command line arguments: Namespace(log_base=None, log_level=None, verb_name='build', build_base='build', install_base='install', merge_install=False, symlink_install=False, test_result_base=None, continue_on_error=False, executor='parallel', parallel_workers=12, event_handlers=None, ignore_user_meta=False, metas=['./colcon.meta'], base_paths=['.'], packages_ignore=None, packages_ignore_regex=None, paths=None, packages_up_to=None, packages_up_to_regex=None, packages_above=None, packages_above_and_dependencies=None, packages_above_depth=None, packages_select_by_dep=None, packages_skip_by_dep=None, packages_skip_up_to=None, packages_select_build_failed=False, packages_skip_build_finished=False, packages_select_test_failures=False, packages_skip_test_passed=False, packages_select=None, packages_skip=None, packages_select_regex=None, packages_skip_regex=None, packages_start=None, packages_end=None, cmake_args=None, cmake_target=None, cmake_target_skip_unavailable=False, cmake_clean_cache=False, cmake_clean_first=False, cmake_force_configure=False, ament_cmake_args=None, catkin_cmake_args=None, catkin_skip_building_tests=False, mixin_files=None, mixin=None, verb_parser=<colcon_mixin.mixin.mixin_argument.MixinArgumentDecorator object at 0x7a53566de590>, verb_extension=<colcon_core.verb.build.BuildVerb object at 0x7a5356812d40>, main=<bound method BuildVerb.main of <colcon_core.verb.build.BuildVerb object at 0x7a5356812d40>>, mixin_verb=('build',))
[35.433s] DEBUG:colcon:Parsed command line arguments: Namespace(log_base=None, log_level=None, verb_name='build', build_base='build', install_base='install', merge_install=False, symlink_install=False, test_result_base=None, continue_on_error=False, executor='parallel', parallel_workers=12, event_handlers=None, ignore_user_meta=False, metas=['./colcon.meta'], base_paths=['.'], packages_ignore=None, packages_ignore_regex=None, paths=None, packages_up_to=None, packages_up_to_regex=None, packages_above=None, packages_above_and_dependencies=None, packages_above_depth=None, packages_select_by_dep=None, packages_skip_by_dep=None, packages_skip_up_to=None, packages_select_build_failed=False, packages_skip_build_finished=False, packages_select_test_failures=False, packages_skip_test_passed=False, packages_select=None, packages_skip=None, packages_select_regex=None, packages_skip_regex=None, packages_start=None, packages_end=None, cmake_args=None, cmake_target=None, cmake_target_skip_unavailable=False, cmake_clean_cache=False, cmake_clean_first=False, cmake_force_configure=False, ament_cmake_args=None, catkin_cmake_args=None, catkin_skip_building_tests=False, mixin_files=None, mixin=None, verb_parser=<colcon_mixin.mixin.mixin_argument.MixinArgumentDecorator object at 0x7cd8a9f72590>, verb_extension=<colcon_core.verb.build.BuildVerb object at 0x7cd8aa066d40>, main=<bound method BuildVerb.main of <colcon_core.verb.build.BuildVerb object at 0x7cd8aa066d40>>, mixin_verb=('build',))
[66.687s] Level 1:colcon.colcon_core.package_discovery:discover_packages(colcon_meta) check parameters
[75.735s] Level 1:colcon.colcon_core.package_discovery:discover_packages(colcon_meta) check parameters
[66.907s] INFO:colcon.colcon_metadata.package_discovery.colcon_meta:Using configuration from '/root/.colcon/metadata/default/Gazebo.meta'
[75.955s] INFO:colcon.colcon_metadata.package_discovery.colcon_meta:Using configuration from '/root/.colcon/metadata/default/Gazebo.meta'
[66.949s] INFO:colcon.colcon_metadata.package_discovery.colcon_meta:Using configuration from '/root/.colcon/metadata/default/fastrtps.meta'
[75.997s] INFO:colcon.colcon_metadata.package_discovery.colcon_meta:Using configuration from '/root/.colcon/metadata/default/fastrtps.meta'
[66.949s] Level 1:colcon.colcon_core.package_discovery:discover_packages(recursive) check parameters
[75.997s] Level 1:colcon.colcon_core.package_discovery:discover_packages(recursive) check parameters
[66.949s] Level 1:colcon.colcon_core.package_discovery:discover_packages(ignore) check parameters
[75.997s] Level 1:colcon.colcon_core.package_discovery:discover_packages(ignore) check parameters
[66.949s] Level 1:colcon.colcon_core.package_discovery:discover_packages(path) check parameters
[75.997s] Level 1:colcon.colcon_core.package_discovery:discover_packages(path) check parameters
[66.950s] Level 1:colcon.colcon_core.package_discovery:discover_packages(colcon_meta) discover
[75.998s] Level 1:colcon.colcon_core.package_discovery:discover_packages(colcon_meta) discover
[66.950s] Level 1:colcon.colcon_core.package_discovery:discover_packages(recursive) discover
[75.998s] Level 1:colcon.colcon_core.package_discovery:discover_packages(recursive) discover
[66.950s] INFO:colcon.colcon_core.package_discovery:Crawling recursively for packages in '/home/ws'
[75.998s] INFO:colcon.colcon_core.package_discovery:Crawling recursively for packages in '/home/ws'
[75.998s] Level 1:colcon.colcon_core.package_identification:_identify(.) by extensions ['ignore', 'ignore_ament_install']
[66.950s] Level 1:colcon.colcon_core.package_identification:_identify(.) by extensions ['ignore', 'ignore_ament_install']
[66.951s] Level 1:colcon.colcon_core.package_identification:_identify(.) by extension 'ignore'
[75.999s] Level 1:colcon.colcon_core.package_identification:_identify(.) by extension 'ignore'
[66.951s] Level 1:colcon.colcon_core.package_identification:_identify(.) by extension 'ignore_ament_install'
[75.999s] Level 1:colcon.colcon_core.package_identification:_identify(.) by extension 'ignore_ament_install'
[66.952s] Level 1:colcon.colcon_core.package_identification:_identify(.) by extensions ['colcon_pkg']
[76.000s] Level 1:colcon.colcon_core.package_identification:_identify(.) by extensions ['colcon_pkg']
[66.952s] Level 1:colcon.colcon_core.package_identification:_identify(.) by extension 'colcon_pkg'
[76.000s] Level 1:colcon.colcon_core.package_identification:_identify(.) by extension 'colcon_pkg'
[76.000s] Level 1:colcon.colcon_core.package_identification:_identify(.) by extensions ['colcon_meta']
[66.952s] Level 1:colcon.colcon_core.package_identification:_identify(.) by extensions ['colcon_meta']
[66.952s] Level 1:colcon.colcon_core.package_identification:_identify(.) by extension 'colcon_meta'
[76.000s] Level 1:colcon.colcon_core.package_identification:_identify(.) by extension 'colcon_meta'
[66.952s] Level 1:colcon.colcon_core.package_identification:_identify(.) by extensions ['ros']
[76.000s] Level 1:colcon.colcon_core.package_identification:_identify(.) by extensions ['ros']
[66.953s] Level 1:colcon.colcon_core.package_identification:_identify(.) by extension 'ros'
[76.001s] Level 1:colcon.colcon_core.package_identification:_identify(.) by extension 'ros'
[76.543s] Level 1:colcon.colcon_core.package_identification:_identify(.) by extensions ['cmake', 'python']
[76.543s] Level 1:colcon.colcon_core.package_identification:_identify(.) by extension 'cmake'
[76.543s] Level 1:colcon.colcon_core.package_identification:_identify(.) by extension 'python'
[76.543s] Level 1:colcon.colcon_core.package_identification:_identify(.) by extensions ['python_setup_py']
[76.543s] Level 1:colcon.colcon_core.package_identification:_identify(.) by extension 'python_setup_py'
[76.544s] Level 1:colcon.colcon_core.package_identification:_identify(build) by extensions ['ignore', 'ignore_ament_install']
[76.544s] Level 1:colcon.colcon_core.package_identification:_identify(build) by extension 'ignore'
[76.544s] Level 1:colcon.colcon_core.package_identification:_identify(build) ignored
[76.544s] Level 1:colcon.colcon_core.package_identification:_identify(install) by extensions ['ignore', 'ignore_ament_install']
[76.545s] Level 1:colcon.colcon_core.package_identification:_identify(install) by extension 'ignore'
[76.545s] Level 1:colcon.colcon_core.package_identification:_identify(install) ignored
[76.545s] Level 1:colcon.colcon_core.package_identification:_identify(log) by extensions ['ignore', 'ignore_ament_install']
[67.497s] Level 1:colcon.colcon_core.package_identification:_identify(.) by extensions ['cmake', 'python']
[76.545s] Level 1:colcon.colcon_core.package_identification:_identify(log) by extension 'ignore'
[67.497s] Level 1:colcon.colcon_core.package_identification:_identify(.) by extension 'cmake'
[76.545s] Level 1:colcon.colcon_core.package_identification:_identify(log) ignored
[67.497s] Level 1:colcon.colcon_core.package_identification:_identify(.) by extension 'python'
[76.545s] Level 1:colcon.colcon_core.package_identification:_identify(src) by extensions ['ignore', 'ignore_ament_install']
[67.498s] Level 1:colcon.colcon_core.package_identification:_identify(.) by extensions ['python_setup_py']
[67.498s] Level 1:colcon.colcon_core.package_identification:_identify(.) by extension 'python_setup_py'
[76.546s] Level 1:colcon.colcon_core.package_identification:_identify(src) by extension 'ignore'
[76.546s] Level 1:colcon.colcon_core.package_identification:_identify(src) by extension 'ignore_ament_install'
[67.498s] Level 1:colcon.colcon_core.package_identification:_identify(build) by extensions ['ignore', 'ignore_ament_install']
[76.546s] Level 1:colcon.colcon_core.package_identification:_identify(src) by extensions ['colcon_pkg']
[76.546s] Level 1:colcon.colcon_core.package_identification:_identify(src) by extension 'colcon_pkg'
[76.546s] Level 1:colcon.colcon_core.package_identification:_identify(src) by extensions ['colcon_meta']
[67.498s] Level 1:colcon.colcon_core.package_identification:_identify(build) by extension 'ignore'
[76.546s] Level 1:colcon.colcon_core.package_identification:_identify(src) by extension 'colcon_meta'
[67.498s] Level 1:colcon.colcon_core.package_identification:_identify(build) ignored
[76.546s] Level 1:colcon.colcon_core.package_identification:_identify(src) by extensions ['ros']
[76.546s] Level 1:colcon.colcon_core.package_identification:_identify(src) by extension 'ros'
[67.498s] Level 1:colcon.colcon_core.package_identification:_identify(install) by extensions ['ignore', 'ignore_ament_install']
[67.498s] Level 1:colcon.colcon_core.package_identification:_identify(install) by extension 'ignore'
[67.498s] Level 1:colcon.colcon_core.package_identification:_identify(install) ignored
[67.499s] Level 1:colcon.colcon_core.package_identification:_identify(log) by extensions ['ignore', 'ignore_ament_install']
[67.499s] Level 1:colcon.colcon_core.package_identification:_identify(log) by extension 'ignore'
[67.499s] Level 1:colcon.colcon_core.package_identification:_identify(log) ignored
[67.499s] Level 1:colcon.colcon_core.package_identification:_identify(src) by extensions ['ignore', 'ignore_ament_install']
[67.499s] Level 1:colcon.colcon_core.package_identification:_identify(src) by extension 'ignore'
[67.499s] Level 1:colcon.colcon_core.package_identification:_identify(src) by extension 'ignore_ament_install'
[67.500s] Level 1:colcon.colcon_core.package_identification:_identify(src) by extensions ['colcon_pkg']
[67.500s] Level 1:colcon.colcon_core.package_identification:_identify(src) by extension 'colcon_pkg'
[67.500s] Level 1:colcon.colcon_core.package_identification:_identify(src) by extensions ['colcon_meta']
[67.500s] Level 1:colcon.colcon_core.package_identification:_identify(src) by extension 'colcon_meta'
[67.500s] Level 1:colcon.colcon_core.package_identification:_identify(src) by extensions ['ros']
[67.500s] Level 1:colcon.colcon_core.package_identification:_identify(src) by extension 'ros'
[76.906s] DEBUG:colcon.colcon_core.package_identification:Package 'src' with type 'ros.ament_cmake' and name 'tesi'
[76.906s] Level 1:colcon.colcon_core.package_discovery:discover_packages(recursive) using defaults
[76.906s] Level 1:colcon.colcon_core.package_discovery:discover_packages(ignore) discover
[76.906s] Level 1:colcon.colcon_core.package_discovery:discover_packages(ignore) using defaults
[76.906s] Level 1:colcon.colcon_core.package_discovery:discover_packages(path) discover
[76.906s] Level 1:colcon.colcon_core.package_discovery:discover_packages(path) using defaults
[67.859s] DEBUG:colcon.colcon_core.package_identification:Package 'src' with type 'ros.ament_cmake' and name 'tesi'
[67.859s] Level 1:colcon.colcon_core.package_discovery:discover_packages(recursive) using defaults
[67.859s] Level 1:colcon.colcon_core.package_discovery:discover_packages(ignore) discover
[67.860s] Level 1:colcon.colcon_core.package_discovery:discover_packages(ignore) using defaults
[67.860s] Level 1:colcon.colcon_core.package_discovery:discover_packages(path) discover
[67.860s] Level 1:colcon.colcon_core.package_discovery:discover_packages(path) using defaults
[71.108s] Level 5:colcon.colcon_core.verb:set package 'tesi' build argument 'cmake_args' from command line to 'None'
[71.109s] Level 5:colcon.colcon_core.verb:set package 'tesi' build argument 'cmake_target' from command line to 'None'
[80.156s] Level 5:colcon.colcon_core.verb:set package 'tesi' build argument 'cmake_args' from command line to 'None'
[71.109s] Level 5:colcon.colcon_core.verb:set package 'tesi' build argument 'cmake_target_skip_unavailable' from command line to 'False'
[71.109s] Level 5:colcon.colcon_core.verb:set package 'tesi' build argument 'cmake_clean_cache' from command line to 'False'
[80.157s] Level 5:colcon.colcon_core.verb:set package 'tesi' build argument 'cmake_target' from command line to 'None'
[71.109s] Level 5:colcon.colcon_core.verb:set package 'tesi' build argument 'cmake_clean_first' from command line to 'False'
[71.109s] Level 5:colcon.colcon_core.verb:set package 'tesi' build argument 'cmake_force_configure' from command line to 'False'
[80.157s] Level 5:colcon.colcon_core.verb:set package 'tesi' build argument 'cmake_target_skip_unavailable' from command line to 'False'
[71.109s] Level 5:colcon.colcon_core.verb:set package 'tesi' build argument 'ament_cmake_args' from command line to 'None'
[80.157s] Level 5:colcon.colcon_core.verb:set package 'tesi' build argument 'cmake_clean_cache' from command line to 'False'
[71.109s] Level 5:colcon.colcon_core.verb:set package 'tesi' build argument 'catkin_cmake_args' from command line to 'None'
[71.109s] Level 5:colcon.colcon_core.verb:set package 'tesi' build argument 'catkin_skip_building_tests' from command line to 'False'
[80.157s] Level 5:colcon.colcon_core.verb:set package 'tesi' build argument 'cmake_clean_first' from command line to 'False'
[71.109s] DEBUG:colcon.colcon_core.verb:Building package 'tesi' with the following arguments: {'ament_cmake_args': None, 'build_base': '/home/ws/build/tesi', 'catkin_cmake_args': None, 'catkin_skip_building_tests': False, 'cmake_args': None, 'cmake_clean_cache': False, 'cmake_clean_first': False, 'cmake_force_configure': False, 'cmake_target': None, 'cmake_target_skip_unavailable': False, 'install_base': '/home/ws/install/tesi', 'merge_install': False, 'path': '/home/ws/src', 'symlink_install': False, 'test_result_base': None}
[80.157s] Level 5:colcon.colcon_core.verb:set package 'tesi' build argument 'cmake_force_configure' from command line to 'False'
[80.157s] Level 5:colcon.colcon_core.verb:set package 'tesi' build argument 'ament_cmake_args' from command line to 'None'
[80.157s] Level 5:colcon.colcon_core.verb:set package 'tesi' build argument 'catkin_cmake_args' from command line to 'None'
[80.157s] Level 5:colcon.colcon_core.verb:set package 'tesi' build argument 'catkin_skip_building_tests' from command line to 'False'
[71.109s] INFO:colcon.colcon_core.executor:Executing jobs using 'parallel' executor
[80.157s] DEBUG:colcon.colcon_core.verb:Building package 'tesi' with the following arguments: {'ament_cmake_args': None, 'build_base': '/home/ws/build/tesi', 'catkin_cmake_args': None, 'catkin_skip_building_tests': False, 'cmake_args': None, 'cmake_clean_cache': False, 'cmake_clean_first': False, 'cmake_force_configure': False, 'cmake_target': None, 'cmake_target_skip_unavailable': False, 'install_base': '/home/ws/install/tesi', 'merge_install': False, 'path': '/home/ws/src', 'symlink_install': False, 'test_result_base': None}
[80.158s] INFO:colcon.colcon_core.executor:Executing jobs using 'parallel' executor
[71.111s] DEBUG:colcon.colcon_parallel_executor.executor.parallel:run_until_complete
[71.111s] INFO:colcon.colcon_ros.task.ament_cmake.build:Building ROS package in '/home/ws/src' with build type 'ament_cmake'
[80.159s] DEBUG:colcon.colcon_parallel_executor.executor.parallel:run_until_complete
[71.111s] INFO:colcon.colcon_cmake.task.cmake.build:Building CMake package in '/home/ws/src'
[80.159s] INFO:colcon.colcon_ros.task.ament_cmake.build:Building ROS package in '/home/ws/src' with build type 'ament_cmake'
[80.160s] INFO:colcon.colcon_cmake.task.cmake.build:Building CMake package in '/home/ws/src'
[71.399s] INFO:colcon.colcon_core.plugin_system:Skipping extension 'colcon_core.shell.bat': Not used on non-Windows systems
[80.447s] INFO:colcon.colcon_core.plugin_system:Skipping extension 'colcon_core.shell.bat': Not used on non-Windows systems
[80.447s] INFO:colcon.colcon_core.shell:Skip shell extension 'powershell' for command environment: Not usable outside of PowerShell
[71.399s] INFO:colcon.colcon_core.shell:Skip shell extension 'powershell' for command environment: Not usable outside of PowerShell
[80.447s] DEBUG:colcon.colcon_core.shell:Skip shell extension 'dsv' for command environment
[71.399s] DEBUG:colcon.colcon_core.shell:Skip shell extension 'dsv' for command environment
[71.752s] DEBUG:colcon.colcon_core.event_handler.log_command:Invoking command in '/home/ws/build/tesi': CMAKE_PREFIX_PATH=/opt/ros/humble /usr/bin/cmake --build /home/ws/build/tesi -- -j12 -l12
[80.866s] DEBUG:colcon.colcon_core.event_handler.log_command:Invoking command in '/home/ws/build/tesi': CMAKE_PREFIX_PATH=/opt/ros/humble /usr/bin/cmake --build /home/ws/build/tesi -- -j12 -l12
[151.006s] DEBUG:colcon.colcon_core.event_handler.log_command:Invoked command in '/home/ws/build/tesi' returned '0': CMAKE_PREFIX_PATH=/opt/ros/humble /usr/bin/cmake --build /home/ws/build/tesi -- -j12 -l12
[151.031s] DEBUG:colcon.colcon_core.event_handler.log_command:Invoking command in '/home/ws/build/tesi': CMAKE_PREFIX_PATH=/opt/ros/humble /usr/bin/cmake --install /home/ws/build/tesi
[142.248s] DEBUG:colcon.colcon_core.event_handler.log_command:Invoked command in '/home/ws/build/tesi' returned '0': CMAKE_PREFIX_PATH=/opt/ros/humble /usr/bin/cmake --build /home/ws/build/tesi -- -j12 -l12
[142.273s] DEBUG:colcon.colcon_core.event_handler.log_command:Invoking command in '/home/ws/build/tesi': CMAKE_PREFIX_PATH=/opt/ros/humble /usr/bin/cmake --install /home/ws/build/tesi
[143.342s] Level 1:colcon.colcon_core.environment:create_environment_scripts_only(tesi)
[152.390s] Level 1:colcon.colcon_core.environment:create_environment_scripts_only(tesi)
[143.343s] DEBUG:colcon.colcon_core.event_handler.log_command:Invoked command in '/home/ws/build/tesi' returned '0': CMAKE_PREFIX_PATH=/opt/ros/humble /usr/bin/cmake --install /home/ws/build/tesi
[152.391s] DEBUG:colcon.colcon_core.event_handler.log_command:Invoked command in '/home/ws/build/tesi' returned '0': CMAKE_PREFIX_PATH=/opt/ros/humble /usr/bin/cmake --install /home/ws/build/tesi
[145.610s] Level 1:colcon.colcon_core.environment:checking '/home/ws/install/tesi' for CMake module files
[154.658s] Level 1:colcon.colcon_core.environment:checking '/home/ws/install/tesi' for CMake module files
[154.658s] Level 1:colcon.colcon_core.environment:checking '/home/ws/install/tesi' for CMake config files
[145.610s] Level 1:colcon.colcon_core.environment:checking '/home/ws/install/tesi' for CMake config files
[145.610s] Level 1:colcon.colcon_core.shell:create_environment_hook('tesi', 'cmake_prefix_path')
[154.658s] Level 1:colcon.colcon_core.shell:create_environment_hook('tesi', 'cmake_prefix_path')
[145.611s] INFO:colcon.colcon_core.shell:Creating environment hook '/home/ws/install/tesi/share/tesi/hook/cmake_prefix_path.ps1'
[154.659s] INFO:colcon.colcon_core.shell:Creating environment hook '/home/ws/install/tesi/share/tesi/hook/cmake_prefix_path.ps1'
[145.693s] INFO:colcon.colcon_core.shell:Creating environment descriptor '/home/ws/install/tesi/share/tesi/hook/cmake_prefix_path.dsv'
[154.740s] INFO:colcon.colcon_core.shell:Creating environment descriptor '/home/ws/install/tesi/share/tesi/hook/cmake_prefix_path.dsv'
[145.783s] INFO:colcon.colcon_core.shell:Creating environment hook '/home/ws/install/tesi/share/tesi/hook/cmake_prefix_path.sh'
[154.831s] INFO:colcon.colcon_core.shell:Creating environment hook '/home/ws/install/tesi/share/tesi/hook/cmake_prefix_path.sh'
[145.848s] Level 1:colcon.colcon_core.environment:checking '/home/ws/install/tesi/lib'
[154.896s] Level 1:colcon.colcon_core.environment:checking '/home/ws/install/tesi/lib'
[154.897s] Level 1:colcon.colcon_core.environment:checking '/home/ws/install/tesi/bin'
[145.849s] Level 1:colcon.colcon_core.environment:checking '/home/ws/install/tesi/bin'
[145.849s] Level 1:colcon.colcon_core.environment:checking '/home/ws/install/tesi/lib/pkgconfig/tesi.pc'
[154.897s] Level 1:colcon.colcon_core.environment:checking '/home/ws/install/tesi/lib/pkgconfig/tesi.pc'
[145.958s] Level 1:colcon.colcon_core.environment:checking '/home/ws/install/tesi/lib/python3.10/site-packages'
[155.006s] Level 1:colcon.colcon_core.environment:checking '/home/ws/install/tesi/lib/python3.10/site-packages'
[145.958s] Level 1:colcon.colcon_core.environment:checking '/home/ws/install/tesi/bin'
[155.006s] Level 1:colcon.colcon_core.environment:checking '/home/ws/install/tesi/bin'
[145.959s] INFO:colcon.colcon_core.shell:Creating package script '/home/ws/install/tesi/share/tesi/package.ps1'
[155.007s] INFO:colcon.colcon_core.shell:Creating package script '/home/ws/install/tesi/share/tesi/package.ps1'
[146.039s] INFO:colcon.colcon_core.shell:Creating package descriptor '/home/ws/install/tesi/share/tesi/package.dsv'
[155.087s] INFO:colcon.colcon_core.shell:Creating package descriptor '/home/ws/install/tesi/share/tesi/package.dsv'
[146.099s] INFO:colcon.colcon_core.shell:Creating package script '/home/ws/install/tesi/share/tesi/package.sh'
[155.147s] INFO:colcon.colcon_core.shell:Creating package script '/home/ws/install/tesi/share/tesi/package.sh'
[146.200s] INFO:colcon.colcon_core.shell:Creating package script '/home/ws/install/tesi/share/tesi/package.bash'
[155.248s] INFO:colcon.colcon_core.shell:Creating package script '/home/ws/install/tesi/share/tesi/package.bash'
[155.545s] INFO:colcon.colcon_core.shell:Creating package script '/home/ws/install/tesi/share/tesi/package.zsh'
[146.609s] INFO:colcon.colcon_core.shell:Creating package script '/home/ws/install/tesi/share/tesi/package.zsh'
[155.722s] Level 1:colcon.colcon_core.environment:create_file_with_runtime_dependencies(/home/ws/install/tesi/share/colcon-core/packages/tesi)
[146.674s] Level 1:colcon.colcon_core.environment:create_file_with_runtime_dependencies(/home/ws/install/tesi/share/colcon-core/packages/tesi)
[155.792s] Level 1:colcon.colcon_core.environment:create_environment_scripts_only(tesi)
[146.744s] Level 1:colcon.colcon_core.environment:create_environment_scripts_only(tesi)
[146.744s] Level 1:colcon.colcon_core.environment:checking '/home/ws/install/tesi' for CMake module files
[155.792s] Level 1:colcon.colcon_core.environment:checking '/home/ws/install/tesi' for CMake module files
[146.744s] Level 1:colcon.colcon_core.environment:checking '/home/ws/install/tesi' for CMake config files
[146.745s] Level 1:colcon.colcon_core.shell:create_environment_hook('tesi', 'cmake_prefix_path')
[155.793s] Level 1:colcon.colcon_core.environment:checking '/home/ws/install/tesi' for CMake config files
[146.745s] INFO:colcon.colcon_core.shell:Creating environment hook '/home/ws/install/tesi/share/tesi/hook/cmake_prefix_path.ps1'
[155.793s] Level 1:colcon.colcon_core.shell:create_environment_hook('tesi', 'cmake_prefix_path')
[155.793s] INFO:colcon.colcon_core.shell:Creating environment hook '/home/ws/install/tesi/share/tesi/hook/cmake_prefix_path.ps1'
[146.745s] INFO:colcon.colcon_core.shell:Creating environment descriptor '/home/ws/install/tesi/share/tesi/hook/cmake_prefix_path.dsv'
[146.745s] INFO:colcon.colcon_core.shell:Creating environment hook '/home/ws/install/tesi/share/tesi/hook/cmake_prefix_path.sh'
[146.746s] Level 1:colcon.colcon_core.environment:checking '/home/ws/install/tesi/lib'
[146.746s] Level 1:colcon.colcon_core.environment:checking '/home/ws/install/tesi/bin'
[146.746s] Level 1:colcon.colcon_core.environment:checking '/home/ws/install/tesi/lib/pkgconfig/tesi.pc'
[146.746s] Level 1:colcon.colcon_core.environment:checking '/home/ws/install/tesi/lib/python3.10/site-packages'
[146.746s] Level 1:colcon.colcon_core.environment:checking '/home/ws/install/tesi/bin'
[146.747s] INFO:colcon.colcon_core.shell:Creating package script '/home/ws/install/tesi/share/tesi/package.ps1'
[146.747s] INFO:colcon.colcon_core.shell:Creating package descriptor '/home/ws/install/tesi/share/tesi/package.dsv'
[146.747s] INFO:colcon.colcon_core.shell:Creating package script '/home/ws/install/tesi/share/tesi/package.sh'
[146.748s] INFO:colcon.colcon_core.shell:Creating package script '/home/ws/install/tesi/share/tesi/package.bash'
[146.748s] INFO:colcon.colcon_core.shell:Creating package script '/home/ws/install/tesi/share/tesi/package.zsh'
[146.748s] Level 1:colcon.colcon_core.environment:create_file_with_runtime_dependencies(/home/ws/install/tesi/share/colcon-core/packages/tesi)
[146.748s] DEBUG:colcon.colcon_parallel_executor.executor.parallel:closing loop
[146.749s] DEBUG:colcon.colcon_parallel_executor.executor.parallel:loop closed
[146.749s] DEBUG:colcon.colcon_parallel_executor.executor.parallel:run_until_complete finished with '0'
[146.749s] DEBUG:colcon.colcon_core.event_reactor:joining thread
[155.813s] INFO:colcon.colcon_core.shell:Creating environment descriptor '/home/ws/install/tesi/share/tesi/hook/cmake_prefix_path.dsv'
[155.814s] INFO:colcon.colcon_core.shell:Creating environment hook '/home/ws/install/tesi/share/tesi/hook/cmake_prefix_path.sh'
[155.815s] Level 1:colcon.colcon_core.environment:checking '/home/ws/install/tesi/lib'
[155.815s] Level 1:colcon.colcon_core.environment:checking '/home/ws/install/tesi/bin'
[155.815s] Level 1:colcon.colcon_core.environment:checking '/home/ws/install/tesi/lib/pkgconfig/tesi.pc'
[155.815s] Level 1:colcon.colcon_core.environment:checking '/home/ws/install/tesi/lib/python3.10/site-packages'
[155.815s] Level 1:colcon.colcon_core.environment:checking '/home/ws/install/tesi/bin'
[155.815s] INFO:colcon.colcon_core.shell:Creating package script '/home/ws/install/tesi/share/tesi/package.ps1'
[155.816s] INFO:colcon.colcon_core.shell:Creating package descriptor '/home/ws/install/tesi/share/tesi/package.dsv'
[155.816s] INFO:colcon.colcon_core.shell:Creating package script '/home/ws/install/tesi/share/tesi/package.sh'
[155.816s] INFO:colcon.colcon_core.shell:Creating package script '/home/ws/install/tesi/share/tesi/package.bash'
[155.817s] INFO:colcon.colcon_core.shell:Creating package script '/home/ws/install/tesi/share/tesi/package.zsh'
[155.817s] Level 1:colcon.colcon_core.environment:create_file_with_runtime_dependencies(/home/ws/install/tesi/share/colcon-core/packages/tesi)
[155.817s] DEBUG:colcon.colcon_parallel_executor.executor.parallel:closing loop
[155.817s] DEBUG:colcon.colcon_parallel_executor.executor.parallel:loop closed
[155.817s] DEBUG:colcon.colcon_parallel_executor.executor.parallel:run_until_complete finished with '0'
[155.817s] DEBUG:colcon.colcon_core.event_reactor:joining thread
[157.648s] INFO:colcon.colcon_core.plugin_system:Skipping extension 'colcon_notification.desktop_notification.notify_send': Could not find 'notify-send'
[148.600s] INFO:colcon.colcon_core.plugin_system:Skipping extension 'colcon_notification.desktop_notification.notify_send': Could not find 'notify-send'
[148.601s] INFO:colcon.colcon_core.plugin_system:Skipping extension 'colcon_notification.desktop_notification.terminal_notifier': Not used on non-Darwin systems
[157.649s] INFO:colcon.colcon_core.plugin_system:Skipping extension 'colcon_notification.desktop_notification.terminal_notifier': Not used on non-Darwin systems
[148.601s] INFO:colcon.colcon_core.plugin_system:Skipping extension 'colcon_notification.desktop_notification.win32': Not used on non-Windows systems
[157.649s] INFO:colcon.colcon_core.plugin_system:Skipping extension 'colcon_notification.desktop_notification.win32': Not used on non-Windows systems
[148.601s] INFO:colcon.colcon_notification.desktop_notification:Sending desktop notification using 'notify2'
[157.649s] INFO:colcon.colcon_notification.desktop_notification:Sending desktop notification using 'notify2'
[149.437s] DEBUG:colcon.colcon_notification.desktop_notification.notify2:Failed to initialize notify2: org.freedesktop.DBus.Error.Spawn.ExecFailed: /usr/bin/dbus-launch terminated abnormally without any error message
[158.485s] DEBUG:colcon.colcon_notification.desktop_notification.notify2:Failed to initialize notify2: org.freedesktop.DBus.Error.Spawn.ExecFailed: /usr/bin/dbus-launch terminated abnormally without any error message
[149.438s] DEBUG:colcon.colcon_core.event_reactor:joined thread
[158.486s] DEBUG:colcon.colcon_core.event_reactor:joined thread
[158.488s] INFO:colcon.colcon_core.shell:Creating prefix script '/home/ws/install/local_setup.ps1'
[149.440s] INFO:colcon.colcon_core.shell:Creating prefix script '/home/ws/install/local_setup.ps1'
[149.501s] INFO:colcon.colcon_core.shell:Creating prefix util module '/home/ws/install/_local_setup_util_ps1.py'
[158.550s] INFO:colcon.colcon_core.shell:Creating prefix util module '/home/ws/install/_local_setup_util_ps1.py'
[149.503s] INFO:colcon.colcon_core.shell:Creating prefix chain script '/home/ws/install/setup.ps1'
[158.551s] INFO:colcon.colcon_core.shell:Creating prefix chain script '/home/ws/install/setup.ps1'
[149.504s] INFO:colcon.colcon_core.shell:Creating prefix script '/home/ws/install/local_setup.sh'
[149.601s] INFO:colcon.colcon_core.shell:Creating prefix util module '/home/ws/install/_local_setup_util_sh.py'
[158.650s] INFO:colcon.colcon_core.shell:Creating prefix script '/home/ws/install/local_setup.sh'
[149.603s] INFO:colcon.colcon_core.shell:Creating prefix chain script '/home/ws/install/setup.sh'
[158.740s] INFO:colcon.colcon_core.shell:Creating prefix util module '/home/ws/install/_local_setup_util_sh.py'
[158.742s] INFO:colcon.colcon_core.shell:Creating prefix chain script '/home/ws/install/setup.sh'
[149.695s] INFO:colcon.colcon_core.shell:Creating prefix script '/home/ws/install/local_setup.bash'
[158.817s] INFO:colcon.colcon_core.shell:Creating prefix script '/home/ws/install/local_setup.bash'
[149.770s] INFO:colcon.colcon_core.shell:Creating prefix chain script '/home/ws/install/setup.bash'
[158.907s] INFO:colcon.colcon_core.shell:Creating prefix chain script '/home/ws/install/setup.bash'
[149.860s] INFO:colcon.colcon_core.shell:Creating prefix script '/home/ws/install/local_setup.zsh'
[149.862s] INFO:colcon.colcon_core.shell:Creating prefix chain script '/home/ws/install/setup.zsh'
[158.910s] INFO:colcon.colcon_core.shell:Creating prefix script '/home/ws/install/local_setup.zsh'
[158.912s] INFO:colcon.colcon_core.shell:Creating prefix chain script '/home/ws/install/setup.zsh'
