[0.799s] DEBUG:colcon:Command line arguments: ['/usr/bin/colcon', 'build']
[0.799s] DEBUG:colcon:Parsed command line arguments: Namespace(log_base=None, log_level=None, verb_name='build', build_base='build', install_base='install', merge_install=False, symlink_install=False, test_result_base=None, continue_on_error=False, executor='parallel', parallel_workers=12, event_handlers=None, ignore_user_meta=False, metas=['./colcon.meta'], base_paths=['.'], packages_ignore=None, packages_ignore_regex=None, paths=None, packages_up_to=None, packages_up_to_regex=None, packages_above=None, packages_above_and_dependencies=None, packages_above_depth=None, packages_select_by_dep=None, packages_skip_by_dep=None, packages_skip_up_to=None, packages_select_build_failed=False, packages_skip_build_finished=False, packages_select_test_failures=False, packages_skip_test_passed=False, packages_select=None, packages_skip=None, packages_select_regex=None, packages_skip_regex=None, packages_start=None, packages_end=None, cmake_args=None, cmake_target=None, cmake_target_skip_unavailable=False, cmake_clean_cache=False, cmake_clean_first=False, cmake_force_configure=False, ament_cmake_args=None, catkin_cmake_args=None, catkin_skip_building_tests=False, mixin_files=None, mixin=None, verb_parser=<colcon_mixin.mixin.mixin_argument.MixinArgumentDecorator object at 0x7775f180a6b0>, verb_extension=<colcon_core.verb.build.BuildVerb object at 0x7775f180a140>, main=<bound method BuildVerb.main of <colcon_core.verb.build.BuildVerb object at 0x7775f180a140>>, mixin_verb=('build',))
[2.560s] Level 1:colcon.colcon_core.package_discovery:discover_packages(colcon_meta) check parameters
[2.582s] INFO:colcon.colcon_metadata.package_discovery.colcon_meta:Using configuration from '/root/.colcon/metadata/default/Gazebo.meta'
[2.584s] INFO:colcon.colcon_metadata.package_discovery.colcon_meta:Using configuration from '/root/.colcon/metadata/default/fastrtps.meta'
[2.585s] Level 1:colcon.colcon_core.package_discovery:discover_packages(recursive) check parameters
[2.585s] Level 1:colcon.colcon_core.package_discovery:discover_packages(ignore) check parameters
[2.585s] Level 1:colcon.colcon_core.package_discovery:discover_packages(path) check parameters
[2.585s] Level 1:colcon.colcon_core.package_discovery:discover_packages(colcon_meta) discover
[2.585s] Level 1:colcon.colcon_core.package_discovery:discover_packages(recursive) discover
[2.586s] INFO:colcon.colcon_core.package_discovery:Crawling recursively for packages in '/home/ws'
[2.586s] Level 1:colcon.colcon_core.package_identification:_identify(.) by extensions ['ignore', 'ignore_ament_install']
[2.587s] Level 1:colcon.colcon_core.package_identification:_identify(.) by extension 'ignore'
[2.587s] Level 1:colcon.colcon_core.package_identification:_identify(.) by extension 'ignore_ament_install'
[2.587s] Level 1:colcon.colcon_core.package_identification:_identify(.) by extensions ['colcon_pkg']
[2.587s] Level 1:colcon.colcon_core.package_identification:_identify(.) by extension 'colcon_pkg'
[2.588s] Level 1:colcon.colcon_core.package_identification:_identify(.) by extensions ['colcon_meta']
[2.588s] Level 1:colcon.colcon_core.package_identification:_identify(.) by extension 'colcon_meta'
[2.588s] Level 1:colcon.colcon_core.package_identification:_identify(.) by extensions ['ros']
[2.588s] Level 1:colcon.colcon_core.package_identification:_identify(.) by extension 'ros'
[2.676s] Level 1:colcon.colcon_core.package_identification:_identify(.) by extensions ['cmake', 'python']
[2.676s] Level 1:colcon.colcon_core.package_identification:_identify(.) by extension 'cmake'
[2.676s] Level 1:colcon.colcon_core.package_identification:_identify(.) by extension 'python'
[2.676s] Level 1:colcon.colcon_core.package_identification:_identify(.) by extensions ['python_setup_py']
[2.676s] Level 1:colcon.colcon_core.package_identification:_identify(.) by extension 'python_setup_py'
[2.677s] Level 1:colcon.colcon_core.package_identification:_identify(build) by extensions ['ignore', 'ignore_ament_install']
[2.677s] Level 1:colcon.colcon_core.package_identification:_identify(build) by extension 'ignore'
[2.677s] Level 1:colcon.colcon_core.package_identification:_identify(build) ignored
[2.677s] Level 1:colcon.colcon_core.package_identification:_identify(install) by extensions ['ignore', 'ignore_ament_install']
[2.678s] Level 1:colcon.colcon_core.package_identification:_identify(install) by extension 'ignore'
[2.678s] Level 1:colcon.colcon_core.package_identification:_identify(install) ignored
[2.678s] Level 1:colcon.colcon_core.package_identification:_identify(log) by extensions ['ignore', 'ignore_ament_install']
[2.678s] Level 1:colcon.colcon_core.package_identification:_identify(log) by extension 'ignore'
[2.678s] Level 1:colcon.colcon_core.package_identification:_identify(log) ignored
[2.679s] Level 1:colcon.colcon_core.package_identification:_identify(src) by extensions ['ignore', 'ignore_ament_install']
[2.679s] Level 1:colcon.colcon_core.package_identification:_identify(src) by extension 'ignore'
[2.679s] Level 1:colcon.colcon_core.package_identification:_identify(src) by extension 'ignore_ament_install'
[2.679s] Level 1:colcon.colcon_core.package_identification:_identify(src) by extensions ['colcon_pkg']
[2.679s] Level 1:colcon.colcon_core.package_identification:_identify(src) by extension 'colcon_pkg'
[2.679s] Level 1:colcon.colcon_core.package_identification:_identify(src) by extensions ['colcon_meta']
[2.679s] Level 1:colcon.colcon_core.package_identification:_identify(src) by extension 'colcon_meta'
[2.679s] Level 1:colcon.colcon_core.package_identification:_identify(src) by extensions ['ros']
[2.679s] Level 1:colcon.colcon_core.package_identification:_identify(src) by extension 'ros'
[2.693s] DEBUG:colcon.colcon_core.package_identification:Package 'src' with type 'ros.ament_cmake' and name 'tesi'
[2.694s] Level 1:colcon.colcon_core.package_discovery:discover_packages(recursive) using defaults
[2.694s] Level 1:colcon.colcon_core.package_discovery:discover_packages(ignore) discover
[2.694s] Level 1:colcon.colcon_core.package_discovery:discover_packages(ignore) using defaults
[2.694s] Level 1:colcon.colcon_core.package_discovery:discover_packages(path) discover
[2.694s] Level 1:colcon.colcon_core.package_discovery:discover_packages(path) using defaults
[2.820s] Level 5:colcon.colcon_core.verb:set package 'tesi' build argument 'cmake_args' from command line to 'None'
[2.820s] Level 5:colcon.colcon_core.verb:set package 'tesi' build argument 'cmake_target' from command line to 'None'
[2.820s] Level 5:colcon.colcon_core.verb:set package 'tesi' build argument 'cmake_target_skip_unavailable' from command line to 'False'
[2.820s] Level 5:colcon.colcon_core.verb:set package 'tesi' build argument 'cmake_clean_cache' from command line to 'False'
[2.820s] Level 5:colcon.colcon_core.verb:set package 'tesi' build argument 'cmake_clean_first' from command line to 'False'
[2.820s] Level 5:colcon.colcon_core.verb:set package 'tesi' build argument 'cmake_force_configure' from command line to 'False'
[2.820s] Level 5:colcon.colcon_core.verb:set package 'tesi' build argument 'ament_cmake_args' from command line to 'None'
[2.820s] Level 5:colcon.colcon_core.verb:set package 'tesi' build argument 'catkin_cmake_args' from command line to 'None'
[2.820s] Level 5:colcon.colcon_core.verb:set package 'tesi' build argument 'catkin_skip_building_tests' from command line to 'False'
[2.820s] DEBUG:colcon.colcon_core.verb:Building package 'tesi' with the following arguments: {'ament_cmake_args': None, 'build_base': '/home/ws/build/tesi', 'catkin_cmake_args': None, 'catkin_skip_building_tests': False, 'cmake_args': None, 'cmake_clean_cache': False, 'cmake_clean_first': False, 'cmake_force_configure': False, 'cmake_target': None, 'cmake_target_skip_unavailable': False, 'install_base': '/home/ws/install/tesi', 'merge_install': False, 'path': '/home/ws/src', 'symlink_install': False, 'test_result_base': None}
[2.821s] INFO:colcon.colcon_core.executor:Executing jobs using 'parallel' executor
[2.822s] DEBUG:colcon.colcon_parallel_executor.executor.parallel:run_until_complete
[2.823s] INFO:colcon.colcon_ros.task.ament_cmake.build:Building ROS package in '/home/ws/src' with build type 'ament_cmake'
[2.823s] INFO:colcon.colcon_cmake.task.cmake.build:Building CMake package in '/home/ws/src'
[2.830s] INFO:colcon.colcon_core.plugin_system:Skipping extension 'colcon_core.shell.bat': Not used on non-Windows systems
[2.830s] INFO:colcon.colcon_core.shell:Skip shell extension 'powershell' for command environment: Not usable outside of PowerShell
[2.830s] DEBUG:colcon.colcon_core.shell:Skip shell extension 'dsv' for command environment
[2.843s] DEBUG:colcon.colcon_core.event_handler.log_command:Invoking command in '/home/ws/build/tesi': CMAKE_PREFIX_PATH=/opt/ros/humble /usr/bin/cmake --build /home/ws/build/tesi -- -j12 -l12
[3.071s] DEBUG:colcon.colcon_core.event_handler.log_command:Invoked command in '/home/ws/build/tesi' returned '0': CMAKE_PREFIX_PATH=/opt/ros/humble /usr/bin/cmake --build /home/ws/build/tesi -- -j12 -l12
[3.113s] DEBUG:colcon.colcon_core.event_handler.log_command:Invoking command in '/home/ws/build/tesi': CMAKE_PREFIX_PATH=/opt/ros/humble /usr/bin/cmake --install /home/ws/build/tesi
[3.186s] Level 1:colcon.colcon_core.environment:create_environment_scripts_only(tesi)
[3.188s] DEBUG:colcon.colcon_core.event_handler.log_command:Invoked command in '/home/ws/build/tesi' returned '0': CMAKE_PREFIX_PATH=/opt/ros/humble /usr/bin/cmake --install /home/ws/build/tesi
[3.194s] Level 1:colcon.colcon_core.environment:checking '/home/ws/install/tesi' for CMake module files
[3.194s] Level 1:colcon.colcon_core.environment:checking '/home/ws/install/tesi' for CMake config files
[3.195s] Level 1:colcon.colcon_core.shell:create_environment_hook('tesi', 'cmake_prefix_path')
[3.195s] INFO:colcon.colcon_core.shell:Creating environment hook '/home/ws/install/tesi/share/tesi/hook/cmake_prefix_path.ps1'
[3.196s] INFO:colcon.colcon_core.shell:Creating environment descriptor '/home/ws/install/tesi/share/tesi/hook/cmake_prefix_path.dsv'
[3.196s] INFO:colcon.colcon_core.shell:Creating environment hook '/home/ws/install/tesi/share/tesi/hook/cmake_prefix_path.sh'
[3.198s] Level 1:colcon.colcon_core.environment:checking '/home/ws/install/tesi/lib'
[3.198s] Level 1:colcon.colcon_core.environment:checking '/home/ws/install/tesi/bin'
[3.198s] Level 1:colcon.colcon_core.environment:checking '/home/ws/install/tesi/lib/pkgconfig/tesi.pc'
[3.209s] Level 1:colcon.colcon_core.environment:checking '/home/ws/install/tesi/lib/python3.10/site-packages'
[3.209s] Level 1:colcon.colcon_core.environment:checking '/home/ws/install/tesi/bin'
[3.209s] INFO:colcon.colcon_core.shell:Creating package script '/home/ws/install/tesi/share/tesi/package.ps1'
[3.210s] INFO:colcon.colcon_core.shell:Creating package descriptor '/home/ws/install/tesi/share/tesi/package.dsv'
[3.211s] INFO:colcon.colcon_core.shell:Creating package script '/home/ws/install/tesi/share/tesi/package.sh'
[3.212s] INFO:colcon.colcon_core.shell:Creating package script '/home/ws/install/tesi/share/tesi/package.bash'
[3.213s] INFO:colcon.colcon_core.shell:Creating package script '/home/ws/install/tesi/share/tesi/package.zsh'
[3.214s] Level 1:colcon.colcon_core.environment:create_file_with_runtime_dependencies(/home/ws/install/tesi/share/colcon-core/packages/tesi)
[3.243s] Level 1:colcon.colcon_core.environment:create_environment_scripts_only(tesi)
[3.244s] Level 1:colcon.colcon_core.environment:checking '/home/ws/install/tesi' for CMake module files
[3.245s] Level 1:colcon.colcon_core.environment:checking '/home/ws/install/tesi' for CMake config files
[3.245s] Level 1:colcon.colcon_core.shell:create_environment_hook('tesi', 'cmake_prefix_path')
[3.246s] INFO:colcon.colcon_core.shell:Creating environment hook '/home/ws/install/tesi/share/tesi/hook/cmake_prefix_path.ps1'
[3.247s] INFO:colcon.colcon_core.shell:Creating environment descriptor '/home/ws/install/tesi/share/tesi/hook/cmake_prefix_path.dsv'
[3.247s] INFO:colcon.colcon_core.shell:Creating environment hook '/home/ws/install/tesi/share/tesi/hook/cmake_prefix_path.sh'
[3.248s] Level 1:colcon.colcon_core.environment:checking '/home/ws/install/tesi/lib'
[3.249s] Level 1:colcon.colcon_core.environment:checking '/home/ws/install/tesi/bin'
[3.249s] Level 1:colcon.colcon_core.environment:checking '/home/ws/install/tesi/lib/pkgconfig/tesi.pc'
[3.249s] Level 1:colcon.colcon_core.environment:checking '/home/ws/install/tesi/lib/python3.10/site-packages'
[3.250s] Level 1:colcon.colcon_core.environment:checking '/home/ws/install/tesi/bin'
[3.250s] INFO:colcon.colcon_core.shell:Creating package script '/home/ws/install/tesi/share/tesi/package.ps1'
[3.251s] INFO:colcon.colcon_core.shell:Creating package descriptor '/home/ws/install/tesi/share/tesi/package.dsv'
[3.252s] INFO:colcon.colcon_core.shell:Creating package script '/home/ws/install/tesi/share/tesi/package.sh'
[3.253s] INFO:colcon.colcon_core.shell:Creating package script '/home/ws/install/tesi/share/tesi/package.bash'
[3.254s] INFO:colcon.colcon_core.shell:Creating package script '/home/ws/install/tesi/share/tesi/package.zsh'
[3.255s] Level 1:colcon.colcon_core.environment:create_file_with_runtime_dependencies(/home/ws/install/tesi/share/colcon-core/packages/tesi)
[3.255s] DEBUG:colcon.colcon_parallel_executor.executor.parallel:closing loop
[3.256s] DEBUG:colcon.colcon_parallel_executor.executor.parallel:loop closed
[3.256s] DEBUG:colcon.colcon_parallel_executor.executor.parallel:run_until_complete finished with '0'
[3.256s] DEBUG:colcon.colcon_core.event_reactor:joining thread
[3.295s] INFO:colcon.colcon_core.plugin_system:Skipping extension 'colcon_notification.desktop_notification.notify_send': Could not find 'notify-send'
[3.295s] INFO:colcon.colcon_core.plugin_system:Skipping extension 'colcon_notification.desktop_notification.terminal_notifier': Not used on non-Darwin systems
[3.295s] INFO:colcon.colcon_core.plugin_system:Skipping extension 'colcon_notification.desktop_notification.win32': Not used on non-Windows systems
[3.295s] INFO:colcon.colcon_notification.desktop_notification:Sending desktop notification using 'notify2'
[3.341s] DEBUG:colcon.colcon_notification.desktop_notification.notify2:Failed to initialize notify2: org.freedesktop.DBus.Error.Spawn.ExecFailed: /usr/bin/dbus-launch terminated abnormally without any error message
[3.341s] DEBUG:colcon.colcon_core.event_reactor:joined thread
[3.342s] INFO:colcon.colcon_core.shell:Creating prefix script '/home/ws/install/local_setup.ps1'
[3.343s] INFO:colcon.colcon_core.shell:Creating prefix util module '/home/ws/install/_local_setup_util_ps1.py'
[3.345s] INFO:colcon.colcon_core.shell:Creating prefix chain script '/home/ws/install/setup.ps1'
[3.346s] INFO:colcon.colcon_core.shell:Creating prefix script '/home/ws/install/local_setup.sh'
[3.348s] INFO:colcon.colcon_core.shell:Creating prefix util module '/home/ws/install/_local_setup_util_sh.py'
[3.348s] INFO:colcon.colcon_core.shell:Creating prefix chain script '/home/ws/install/setup.sh'
[3.350s] INFO:colcon.colcon_core.shell:Creating prefix script '/home/ws/install/local_setup.bash'
[3.350s] INFO:colcon.colcon_core.shell:Creating prefix chain script '/home/ws/install/setup.bash'
[3.351s] INFO:colcon.colcon_core.shell:Creating prefix script '/home/ws/install/local_setup.zsh'
[3.352s] INFO:colcon.colcon_core.shell:Creating prefix chain script '/home/ws/install/setup.zsh'
