[0.175s] Invoking command in '/home/ws/build/tesi': CMAKE_PREFIX_PATH=/opt/ros/humble /usr/bin/cmake --build /home/ws/build/tesi -- -j12 -l12
[0.205s] [35m[1mConsolidate compiler generated dependencies of target octo_planner[0m
[0.214s] [ 33%] Built target octo_publisher
[0.215s] [ 66%] Built target octo_benchmark
[0.323s] [ 83%] [32mBuilding CXX object CMakeFiles/octo_planner.dir/tesi/src/octo_planner.cpp.o[0m
[4.024s] In file included from [01m[K/usr/include/x86_64-linux-gnu/c++/11/bits/c++allocator.h:33[m[K,
[4.024s]                  from [01m[K/usr/include/c++/11/bits/allocator.h:46[m[K,
[4.025s]                  from [01m[K/usr/include/c++/11/memory:64[m[K,
[4.025s]                  from [01m[K/home/ws/src/tesi/src/octo_planner.cpp:1[m[K:
[4.025s] /usr/include/c++/11/ext/new_allocator.h: In instantiation of ‘[01m[Kvoid __gnu_cxx::new_allocator<_Tp>::construct(_Up*, _Args&& ...) [with _Up = ompl::geometric::TSRRT; _Args = {std::shared_ptr<ompl::base::SpaceInformation>&}; _Tp = ompl::geometric::TSRRT][m[K’:
[4.025s] [01m[K/usr/include/c++/11/bits/alloc_traits.h:516:17:[m[K   required from ‘[01m[Kstatic void std::allocator_traits<std::allocator<_Tp1> >::construct(std::allocator_traits<std::allocator<_Tp1> >::allocator_type&, _Up*, _Args&& ...) [with _Up = ompl::geometric::TSRRT; _Args = {std::shared_ptr<ompl::base::SpaceInformation>&}; _Tp = ompl::geometric::TSRRT; std::allocator_traits<std::allocator<_Tp1> >::allocator_type = std::allocator<ompl::geometric::TSRRT>][m[K’
[4.025s] [01m[K/usr/include/c++/11/bits/shared_ptr_base.h:519:39:[m[K   required from ‘[01m[Kstd::_Sp_counted_ptr_inplace<_Tp, _Alloc, _Lp>::_Sp_counted_ptr_inplace(_Alloc, _Args&& ...) [with _Args = {std::shared_ptr<ompl::base::SpaceInformation>&}; _Tp = ompl::geometric::TSRRT; _Alloc = std::allocator<ompl::geometric::TSRRT>; __gnu_cxx::_Lock_policy _Lp = __gnu_cxx::_S_atomic][m[K’
[4.025s] [01m[K/usr/include/c++/11/bits/shared_ptr_base.h:650:16:[m[K   required from ‘[01m[Kstd::__shared_count<_Lp>::__shared_count(_Tp*&, std::_Sp_alloc_shared_tag<_Alloc>, _Args&& ...) [with _Tp = ompl::geometric::TSRRT; _Alloc = std::allocator<ompl::geometric::TSRRT>; _Args = {std::shared_ptr<ompl::base::SpaceInformation>&}; __gnu_cxx::_Lock_policy _Lp = __gnu_cxx::_S_atomic][m[K’
[4.025s] [01m[K/usr/include/c++/11/bits/shared_ptr_base.h:1342:14:[m[K   required from ‘[01m[Kstd::__shared_ptr<_Tp, _Lp>::__shared_ptr(std::_Sp_alloc_shared_tag<_Tp>, _Args&& ...) [with _Alloc = std::allocator<ompl::geometric::TSRRT>; _Args = {std::shared_ptr<ompl::base::SpaceInformation>&}; _Tp = ompl::geometric::TSRRT; __gnu_cxx::_Lock_policy _Lp = __gnu_cxx::_S_atomic][m[K’
[4.025s] [01m[K/usr/include/c++/11/bits/shared_ptr.h:409:59:[m[K   required from ‘[01m[Kstd::shared_ptr<_Tp>::shared_ptr(std::_Sp_alloc_shared_tag<_Tp>, _Args&& ...) [with _Alloc = std::allocator<ompl::geometric::TSRRT>; _Args = {std::shared_ptr<ompl::base::SpaceInformation>&}; _Tp = ompl::geometric::TSRRT][m[K’
[4.025s] [01m[K/usr/include/c++/11/bits/shared_ptr.h:862:14:[m[K   required from ‘[01m[Kstd::shared_ptr<_Tp> std::allocate_shared(const _Alloc&, _Args&& ...) [with _Tp = ompl::geometric::TSRRT; _Alloc = std::allocator<ompl::geometric::TSRRT>; _Args = {std::shared_ptr<ompl::base::SpaceInformation>&}][m[K’
[4.025s] [01m[K/usr/include/c++/11/bits/shared_ptr.h:878:39:[m[K   required from ‘[01m[Kstd::shared_ptr<_Tp> std::make_shared(_Args&& ...) [with _Tp = ompl::geometric::TSRRT; _Args = {std::shared_ptr<ompl::base::SpaceInformation>&}][m[K’
[4.026s] [01m[K/home/ws/src/tesi/src/octo_planner.cpp:110:53:[m[K   required from here
[4.026s] [01m[K/usr/include/c++/11/ext/new_allocator.h:162:11:[m[K [01;31m[Kerror: [m[Kno matching function for call to ‘[01m[Kompl::geometric::TSRRT::TSRRT(std::shared_ptr<ompl::base::SpaceInformation>&)[m[K’
[4.026s]   162 |         { [01;31m[K::new((void *)__p) _Up(std::forward<_Args>(__args)...)[m[K; }
[4.026s]       |           [01;31m[K^~~~~~~~~~~~~~~~~~~~~~~~~~~~~~~~~~~~~~~~~~~~~~~~~~~~~~[m[K
[4.026s] In file included from [01m[K/home/ws/src/tesi/src/octo_planner.cpp:20[m[K:
[4.026s] [01m[K/usr/include/ompl-1.5/ompl/geometric/planners/rrt/TSRRT.h:91:13:[m[K [01;36m[Knote: [m[Kcandidate: ‘[01m[Kompl::geometric::TSRRT::TSRRT(const SpaceInformationPtr&, const TaskSpaceConfigPtr&)[m[K’
[4.026s]    91 |             [01;36m[KTSRRT[m[K(const base::SpaceInformationPtr &si, const TaskSpaceConfigPtr &task_space);
[4.026s]       |             [01;36m[K^~~~~[m[K
[4.026s] [01m[K/usr/include/ompl-1.5/ompl/geometric/planners/rrt/TSRRT.h:91:13:[m[K [01;36m[Knote: [m[K  candidate expects 2 arguments, 1 provided
[5.376s] gmake[2]: *** [CMakeFiles/octo_planner.dir/build.make:76: CMakeFiles/octo_planner.dir/tesi/src/octo_planner.cpp.o] Error 1
[5.376s] gmake[1]: *** [CMakeFiles/Makefile2:167: CMakeFiles/octo_planner.dir/all] Error 2
[5.376s] gmake: *** [Makefile:146: all] Error 2
[5.378s] Invoked command in '/home/ws/build/tesi' returned '2': CMAKE_PREFIX_PATH=/opt/ros/humble /usr/bin/cmake --build /home/ws/build/tesi -- -j12 -l12
