[0.009s] Invoking command in '/home/ws/build/tesi': CMAKE_PREFIX_PATH=/opt/ros/humble /usr/bin/cmake --build /home/ws/build/tesi -- -j12 -l12
[0.042s] [35m[1mConsolidate compiler generated dependencies of target octo_benchmark[0m
[0.049s] [ 33%] Built target octo_publisher
[0.050s] [ 66%] Built target octo_planner
[0.063s] [ 83%] [32mBuilding CXX object CMakeFiles/octo_benchmark.dir/tesi/src/octo_benchmark.cpp.o[0m
[9.993s] [100%] [32m[1mLinking CXX executable octo_benchmark[0m
[10.447s] [100%] Built target octo_benchmark
[10.457s] Invoked command in '/home/ws/build/tesi' returned '0': CMAKE_PREFIX_PATH=/opt/ros/humble /usr/bin/cmake --build /home/ws/build/tesi -- -j12 -l12
[10.483s] Invoking command in '/home/ws/build/tesi': CMAKE_PREFIX_PATH=/opt/ros/humble /usr/bin/cmake --install /home/ws/build/tesi
[10.488s] -- Install configuration: ""
[10.489s] -- Execute custom install script
[10.489s] -- Up-to-date symlink: /home/ws/install/tesi/lib/tesi/octo_publisher
[10.489s] -- Up-to-date symlink: /home/ws/install/tesi/lib/tesi/octo_planner
[10.489s] -- Up-to-date symlink: /home/ws/install/tesi/lib/tesi/octo_benchmark
[10.489s] -- Up-to-date symlink: /home/ws/install/tesi/share/ament_index/resource_index/package_run_dependencies/tesi
[10.490s] -- Up-to-date symlink: /home/ws/install/tesi/share/ament_index/resource_index/parent_prefix_path/tesi
[10.490s] -- Up-to-date symlink: /home/ws/install/tesi/share/tesi/environment/ament_prefix_path.sh
[10.490s] -- Up-to-date symlink: /home/ws/install/tesi/share/tesi/environment/ament_prefix_path.dsv
[10.490s] -- Up-to-date symlink: /home/ws/install/tesi/share/tesi/environment/path.sh
[10.490s] -- Up-to-date symlink: /home/ws/install/tesi/share/tesi/environment/path.dsv
[10.490s] -- Up-to-date symlink: /home/ws/install/tesi/share/tesi/local_setup.bash
[10.490s] -- Up-to-date symlink: /home/ws/install/tesi/share/tesi/local_setup.sh
[10.490s] -- Up-to-date symlink: /home/ws/install/tesi/share/tesi/local_setup.zsh
[10.490s] -- Up-to-date symlink: /home/ws/install/tesi/share/tesi/local_setup.dsv
[10.490s] -- Symlinking: /home/ws/install/tesi/share/tesi/package.dsv
[10.498s] -- Up-to-date symlink: /home/ws/install/tesi/share/ament_index/resource_index/packages/tesi
[10.498s] -- Up-to-date symlink: /home/ws/install/tesi/share/tesi/cmake/tesiConfig.cmake
[10.498s] -- Up-to-date symlink: /home/ws/install/tesi/share/tesi/cmake/tesiConfig-version.cmake
[10.498s] -- Up-to-date symlink: /home/ws/install/tesi/share/tesi/package.xml
[10.499s] Invoked command in '/home/ws/build/tesi' returned '0': CMAKE_PREFIX_PATH=/opt/ros/humble /usr/bin/cmake --install /home/ws/build/tesi
